[ 2022-12-20 20:56:07,982 ] 22 root - INFO - Exporting collection data as pandas dataframe
[ 2022-12-20 20:56:07,982 ] 18 root - INFO - Reading data from database: aps and collection: sensor
[ 2022-12-20 20:56:16,820 ] 20 root - INFO - Found columns: Index(['_id', 'class', 'aa_000', 'ab_000', 'ac_000', 'ad_000', 'ae_000',
       'af_000', 'ag_000', 'ag_001',
       ...
       'ee_002', 'ee_003', 'ee_004', 'ee_005', 'ee_006', 'ee_007', 'ee_008',
       'ee_009', 'ef_000', 'eg_000'],
      dtype='object', length=172)
[ 2022-12-20 20:56:16,821 ] 22 root - INFO - Dropping column: _id 
[ 2022-12-20 20:56:17,683 ] 24 root - INFO - Row and columns in df: (36188, 171)
[ 2022-12-20 20:56:17,684 ] 28 root - INFO - Save data in feature store
[ 2022-12-20 20:56:19,177 ] 32 root - INFO - Create feature store folder if not available
[ 2022-12-20 20:56:19,178 ] 38 root - INFO - Save df to feature store folder
[ 2022-12-20 20:56:24,031 ] 42 root - INFO - split dataset into train and test set
[ 2022-12-20 20:56:26,008 ] 46 root - INFO - create dataset directory folder if not available
[ 2022-12-20 20:56:26,008 ] 51 root - INFO - Save df to feature store folder
[ 2022-12-20 20:56:30,471 ] 63 root - INFO - Data ingestion artifact: DataIngestionArtifact(feature_store_file_path='/config/workspace/artifact/12202022__205607/data_ingestion/feature_store/sensor.csv', train_file_path='/config/workspace/artifact/12202022__205607/data_ingestion/dataset/train.csv', test_file_path='/config/workspace/artifact/12202022__205607/data_ingestion/dataset/test.csv')
[ 2022-12-20 20:56:31,735 ] 22 root - INFO - Exporting collection data as pandas dataframe
[ 2022-12-20 20:56:31,736 ] 18 root - INFO - Reading data from database: aps and collection: sensor
[ 2022-12-20 20:56:40,192 ] 20 root - INFO - Found columns: Index(['_id', 'class', 'aa_000', 'ab_000', 'ac_000', 'ad_000', 'ae_000',
       'af_000', 'ag_000', 'ag_001',
       ...
       'ee_002', 'ee_003', 'ee_004', 'ee_005', 'ee_006', 'ee_007', 'ee_008',
       'ee_009', 'ef_000', 'eg_000'],
      dtype='object', length=172)
[ 2022-12-20 20:56:40,193 ] 22 root - INFO - Dropping column: _id 
[ 2022-12-20 20:56:40,956 ] 24 root - INFO - Row and columns in df: (36188, 171)
[ 2022-12-20 20:56:40,957 ] 28 root - INFO - Save data in feature store
[ 2022-12-20 20:56:42,347 ] 32 root - INFO - Create feature store folder if not available
[ 2022-12-20 20:56:42,348 ] 38 root - INFO - Save df to feature store folder
[ 2022-12-20 20:56:47,305 ] 42 root - INFO - split dataset into train and test set
[ 2022-12-20 20:56:49,259 ] 46 root - INFO - create dataset directory folder if not available
[ 2022-12-20 20:56:49,260 ] 51 root - INFO - Save df to feature store folder
[ 2022-12-20 20:56:53,722 ] 63 root - INFO - Data ingestion artifact: DataIngestionArtifact(feature_store_file_path='/config/workspace/artifact/12202022__205607/data_ingestion/feature_store/sensor.csv', train_file_path='/config/workspace/artifact/12202022__205607/data_ingestion/dataset/train.csv', test_file_path='/config/workspace/artifact/12202022__205607/data_ingestion/dataset/test.csv')
[ 2022-12-20 20:56:54,980 ] 21 root - INFO - >>>>>>>>>>>>>>>>>>>>>>>>>>>>>>>>>>>>>>>> Data Validation <<<<<<<<<<<<<<<<<<<<<<<<<<<<<<<<<<<<<<<<
[ 2022-12-20 20:56:54,981 ] 109 root - INFO - Reading base dataframe
[ 2022-12-20 20:57:00,701 ] 112 root - INFO - Replace na value in base df
[ 2022-12-20 20:57:00,701 ] 114 root - INFO - Drop null values colums from base df
[ 2022-12-20 20:57:02,273 ] 43 root - INFO - selecting column name which contains null above to 0.2
[ 2022-12-20 20:57:02,275 ] 46 root - INFO - Columns to drop: ['ab_000', 'ad_000', 'bk_000', 'bl_000', 'bm_000', 'bn_000', 'bo_000', 'bp_000', 'bq_000', 'br_000', 'cf_000', 'cg_000', 'ch_000', 'co_000', 'cr_000', 'ct_000', 'cu_000', 'cv_000', 'cx_000', 'cy_000', 'cz_000', 'da_000', 'db_000', 'dc_000']
[ 2022-12-20 20:57:02,455 ] 117 root - INFO - Reading train dataframe
[ 2022-12-20 20:57:03,260 ] 119 root - INFO - Reading test dataframe
[ 2022-12-20 20:57:03,457 ] 122 root - INFO - Drop null values colums from train df
[ 2022-12-20 20:57:03,480 ] 43 root - INFO - selecting column name which contains null above to 0.2
[ 2022-12-20 20:57:03,481 ] 46 root - INFO - Columns to drop: ['ab_000', 'ad_000', 'bk_000', 'bl_000', 'bm_000', 'bn_000', 'bo_000', 'bp_000', 'bq_000', 'br_000', 'cf_000', 'cg_000', 'ch_000', 'co_000', 'cr_000', 'ct_000', 'cu_000', 'cv_000', 'cx_000', 'cy_000', 'cz_000', 'da_000', 'db_000', 'dc_000']
[ 2022-12-20 20:57:03,503 ] 124 root - INFO - Drop null values colums from test df
[ 2022-12-20 20:57:03,511 ] 43 root - INFO - selecting column name which contains null above to 0.2
[ 2022-12-20 20:57:03,512 ] 46 root - INFO - Columns to drop: ['ab_000', 'ad_000', 'bk_000', 'bl_000', 'bm_000', 'bn_000', 'bo_000', 'bp_000', 'bq_000', 'br_000', 'cf_000', 'cg_000', 'ch_000', 'co_000', 'cr_000', 'ct_000', 'cu_000', 'cv_000', 'cx_000', 'cy_000', 'cz_000', 'da_000', 'db_000', 'dc_000']
