[ 2022-12-20 06:40:28,410 ] 22 root - INFO - Exporting collection data as pandas dataframe
[ 2022-12-20 06:40:28,410 ] 18 root - INFO - Reading data from database: aps and collection: sensor
[ 2022-12-20 06:40:32,231 ] 20 root - INFO - Found columns: Index(['_id', 'class', 'aa_000', 'ab_000', 'ac_000', 'ad_000', 'ae_000',
       'af_000', 'ag_000', 'ag_001',
       ...
       'ee_002', 'ee_003', 'ee_004', 'ee_005', 'ee_006', 'ee_007', 'ee_008',
       'ee_009', 'ef_000', 'eg_000'],
      dtype='object', length=172)
[ 2022-12-20 06:40:32,232 ] 22 root - INFO - Dropping column: _id 
[ 2022-12-20 06:40:32,431 ] 24 root - INFO - Row and columns in df: (36188, 171)
[ 2022-12-20 06:40:32,431 ] 28 root - INFO - Save data in feature store
[ 2022-12-20 06:40:32,979 ] 32 root - INFO - Create feature store folder if not available
[ 2022-12-20 06:40:32,980 ] 38 root - INFO - Save df to feature store folder
[ 2022-12-20 06:40:35,510 ] 42 root - INFO - split dataset into train and test set
[ 2022-12-20 06:40:36,044 ] 46 root - INFO - create dataset directory folder if not available
[ 2022-12-20 06:40:36,044 ] 51 root - INFO - Save df to feature store folder
[ 2022-12-20 06:40:38,340 ] 63 root - INFO - Data ingestion artifact: DataIngestionArtifact(feature_store_file_path='/config/workspace/artifact/12202022__064028/data_ingestion/feature_store/sensor.csv', train_file_path='/config/workspace/artifact/12202022__064028/data_ingestion/dataset/train.csv', test_file_path='/config/workspace/artifact/12202022__064028/data_ingestion/dataset/test.csv')
[ 2022-12-20 06:40:38,758 ] 22 root - INFO - Exporting collection data as pandas dataframe
[ 2022-12-20 06:40:38,758 ] 18 root - INFO - Reading data from database: aps and collection: sensor
[ 2022-12-20 06:40:42,174 ] 20 root - INFO - Found columns: Index(['_id', 'class', 'aa_000', 'ab_000', 'ac_000', 'ad_000', 'ae_000',
       'af_000', 'ag_000', 'ag_001',
       ...
       'ee_002', 'ee_003', 'ee_004', 'ee_005', 'ee_006', 'ee_007', 'ee_008',
       'ee_009', 'ef_000', 'eg_000'],
      dtype='object', length=172)
[ 2022-12-20 06:40:42,175 ] 22 root - INFO - Dropping column: _id 
[ 2022-12-20 06:40:42,366 ] 24 root - INFO - Row and columns in df: (36188, 171)
[ 2022-12-20 06:40:42,366 ] 28 root - INFO - Save data in feature store
[ 2022-12-20 06:40:42,926 ] 32 root - INFO - Create feature store folder if not available
[ 2022-12-20 06:40:42,926 ] 38 root - INFO - Save df to feature store folder
[ 2022-12-20 06:40:45,434 ] 42 root - INFO - split dataset into train and test set
[ 2022-12-20 06:40:46,019 ] 46 root - INFO - create dataset directory folder if not available
[ 2022-12-20 06:40:46,020 ] 51 root - INFO - Save df to feature store folder
[ 2022-12-20 06:40:48,252 ] 63 root - INFO - Data ingestion artifact: DataIngestionArtifact(feature_store_file_path='/config/workspace/artifact/12202022__064028/data_ingestion/feature_store/sensor.csv', train_file_path='/config/workspace/artifact/12202022__064028/data_ingestion/dataset/train.csv', test_file_path='/config/workspace/artifact/12202022__064028/data_ingestion/dataset/test.csv')
[ 2022-12-20 06:40:48,647 ] 22 root - INFO - >>>>>>>>>>>>>>>>>>>>>>>>>>>>>>>>>>>>>>>> Data Validation <<<<<<<<<<<<<<<<<<<<<<<<<<<<<<<<<<<<<<<<
[ 2022-12-20 06:40:48,648 ] 110 root - INFO - Reading base dataframe
[ 2022-12-20 06:40:51,557 ] 113 root - INFO - Replace na value in base df
[ 2022-12-20 06:40:51,557 ] 115 root - INFO - Drop null values colums from base df
[ 2022-12-20 06:40:52,526 ] 44 root - INFO - selecting column name which contains null above to 0.2
[ 2022-12-20 06:40:52,526 ] 47 root - INFO - Columns to drop: ['ab_000', 'ad_000', 'bk_000', 'bl_000', 'bm_000', 'bn_000', 'bo_000', 'bp_000', 'bq_000', 'br_000', 'cf_000', 'cg_000', 'ch_000', 'co_000', 'cr_000', 'ct_000', 'cu_000', 'cv_000', 'cx_000', 'cy_000', 'cz_000', 'da_000', 'db_000', 'dc_000']
[ 2022-12-20 06:40:52,607 ] 118 root - INFO - Reading train dataframe
[ 2022-12-20 06:40:53,007 ] 120 root - INFO - Reading test dataframe
[ 2022-12-20 06:40:53,110 ] 123 root - INFO - Drop null values colums from train df
[ 2022-12-20 06:40:53,121 ] 44 root - INFO - selecting column name which contains null above to 0.2
[ 2022-12-20 06:40:53,122 ] 47 root - INFO - Columns to drop: ['ab_000', 'ad_000', 'bk_000', 'bl_000', 'bm_000', 'bn_000', 'bo_000', 'bp_000', 'bq_000', 'br_000', 'cf_000', 'cg_000', 'ch_000', 'co_000', 'cr_000', 'ct_000', 'cu_000', 'cv_000', 'cx_000', 'cy_000', 'cz_000', 'da_000', 'db_000', 'dc_000']
[ 2022-12-20 06:40:53,133 ] 125 root - INFO - Drop null values colums from test df
[ 2022-12-20 06:40:53,138 ] 44 root - INFO - selecting column name which contains null above to 0.2
[ 2022-12-20 06:40:53,138 ] 47 root - INFO - Columns to drop: ['ab_000', 'ad_000', 'bk_000', 'bl_000', 'bm_000', 'bn_000', 'bo_000', 'bp_000', 'bq_000', 'br_000', 'cf_000', 'cg_000', 'ch_000', 'co_000', 'cr_000', 'ct_000', 'cu_000', 'cv_000', 'cx_000', 'cy_000', 'cz_000', 'da_000', 'db_000', 'dc_000']
