[ 2022-12-20 20:45:04,516 ] 22 root - INFO - Exporting collection data as pandas dataframe
[ 2022-12-20 20:45:04,517 ] 18 root - INFO - Reading data from database: aps and collection: sensor
[ 2022-12-20 20:45:14,828 ] 20 root - INFO - Found columns: Index(['_id', 'class', 'aa_000', 'ab_000', 'ac_000', 'ad_000', 'ae_000',
       'af_000', 'ag_000', 'ag_001',
       ...
       'ee_002', 'ee_003', 'ee_004', 'ee_005', 'ee_006', 'ee_007', 'ee_008',
       'ee_009', 'ef_000', 'eg_000'],
      dtype='object', length=172)
[ 2022-12-20 20:45:14,829 ] 22 root - INFO - Dropping column: _id 
[ 2022-12-20 20:45:15,613 ] 24 root - INFO - Row and columns in df: (36188, 171)
[ 2022-12-20 20:45:15,613 ] 28 root - INFO - Save data in feature store
[ 2022-12-20 20:45:17,113 ] 32 root - INFO - Create feature store folder if not available
[ 2022-12-20 20:45:17,114 ] 38 root - INFO - Save df to feature store folder
[ 2022-12-20 20:45:22,120 ] 42 root - INFO - split dataset into train and test set
[ 2022-12-20 20:45:24,102 ] 46 root - INFO - create dataset directory folder if not available
[ 2022-12-20 20:45:24,102 ] 51 root - INFO - Save df to feature store folder
[ 2022-12-20 20:45:28,482 ] 63 root - INFO - Data ingestion artifact: DataIngestionArtifact(feature_store_file_path='/config/workspace/artifact/12202022__204504/data_ingestion/feature_store/sensor.csv', train_file_path='/config/workspace/artifact/12202022__204504/data_ingestion/dataset/train.csv', test_file_path='/config/workspace/artifact/12202022__204504/data_ingestion/dataset/test.csv')
[ 2022-12-20 20:45:29,702 ] 22 root - INFO - Exporting collection data as pandas dataframe
[ 2022-12-20 20:45:29,702 ] 18 root - INFO - Reading data from database: aps and collection: sensor
[ 2022-12-20 20:45:37,613 ] 20 root - INFO - Found columns: Index(['_id', 'class', 'aa_000', 'ab_000', 'ac_000', 'ad_000', 'ae_000',
       'af_000', 'ag_000', 'ag_001',
       ...
       'ee_002', 'ee_003', 'ee_004', 'ee_005', 'ee_006', 'ee_007', 'ee_008',
       'ee_009', 'ef_000', 'eg_000'],
      dtype='object', length=172)
[ 2022-12-20 20:45:37,614 ] 22 root - INFO - Dropping column: _id 
[ 2022-12-20 20:45:38,331 ] 24 root - INFO - Row and columns in df: (36188, 171)
[ 2022-12-20 20:45:38,331 ] 28 root - INFO - Save data in feature store
[ 2022-12-20 20:45:39,615 ] 32 root - INFO - Create feature store folder if not available
[ 2022-12-20 20:45:39,616 ] 38 root - INFO - Save df to feature store folder
[ 2022-12-20 20:45:44,576 ] 42 root - INFO - split dataset into train and test set
[ 2022-12-20 20:45:46,318 ] 46 root - INFO - create dataset directory folder if not available
[ 2022-12-20 20:45:46,319 ] 51 root - INFO - Save df to feature store folder
[ 2022-12-20 20:45:50,737 ] 63 root - INFO - Data ingestion artifact: DataIngestionArtifact(feature_store_file_path='/config/workspace/artifact/12202022__204504/data_ingestion/feature_store/sensor.csv', train_file_path='/config/workspace/artifact/12202022__204504/data_ingestion/dataset/train.csv', test_file_path='/config/workspace/artifact/12202022__204504/data_ingestion/dataset/test.csv')
[ 2022-12-20 20:45:51,889 ] 22 root - INFO - >>>>>>>>>>>>>>>>>>>>>>>>>>>>>>>>>>>>>>>> Data Validation <<<<<<<<<<<<<<<<<<<<<<<<<<<<<<<<<<<<<<<<
[ 2022-12-20 20:45:51,889 ] 110 root - INFO - Reading base dataframe
[ 2022-12-20 20:45:57,455 ] 113 root - INFO - Replace na value in base df
[ 2022-12-20 20:45:57,455 ] 115 root - INFO - Drop null values colums from base df
[ 2022-12-20 20:45:59,041 ] 44 root - INFO - selecting column name which contains null above to 0.2
[ 2022-12-20 20:45:59,042 ] 47 root - INFO - Columns to drop: ['ab_000', 'ad_000', 'bk_000', 'bl_000', 'bm_000', 'bn_000', 'bo_000', 'bp_000', 'bq_000', 'br_000', 'cf_000', 'cg_000', 'ch_000', 'co_000', 'cr_000', 'ct_000', 'cu_000', 'cv_000', 'cx_000', 'cy_000', 'cz_000', 'da_000', 'db_000', 'dc_000']
[ 2022-12-20 20:45:59,202 ] 118 root - INFO - Reading train dataframe
[ 2022-12-20 20:45:59,928 ] 120 root - INFO - Reading test dataframe
[ 2022-12-20 20:46:00,128 ] 123 root - INFO - Drop null values colums from train df
[ 2022-12-20 20:46:00,152 ] 44 root - INFO - selecting column name which contains null above to 0.2
[ 2022-12-20 20:46:00,153 ] 47 root - INFO - Columns to drop: ['ab_000', 'ad_000', 'bk_000', 'bl_000', 'bm_000', 'bn_000', 'bo_000', 'bp_000', 'bq_000', 'br_000', 'cf_000', 'cg_000', 'ch_000', 'co_000', 'cr_000', 'ct_000', 'cu_000', 'cv_000', 'cx_000', 'cy_000', 'cz_000', 'da_000', 'db_000', 'dc_000']
[ 2022-12-20 20:46:00,173 ] 125 root - INFO - Drop null values colums from test df
[ 2022-12-20 20:46:00,181 ] 44 root - INFO - selecting column name which contains null above to 0.2
[ 2022-12-20 20:46:00,182 ] 47 root - INFO - Columns to drop: ['ab_000', 'ad_000', 'bk_000', 'bl_000', 'bm_000', 'bn_000', 'bo_000', 'bp_000', 'bq_000', 'br_000', 'cf_000', 'cg_000', 'ch_000', 'co_000', 'cr_000', 'ct_000', 'cu_000', 'cv_000', 'cx_000', 'cy_000', 'cz_000', 'da_000', 'db_000', 'dc_000']
