[ 2022-12-21 06:15:25,126 ] 22 root - INFO - Exporting collection data as pandas dataframe
[ 2022-12-21 06:15:25,126 ] 18 root - INFO - Reading data from database: aps and collection: sensor
[ 2022-12-21 06:15:29,683 ] 20 root - INFO - Found columns: Index(['_id', 'class', 'aa_000', 'ab_000', 'ac_000', 'ad_000', 'ae_000',
       'af_000', 'ag_000', 'ag_001',
       ...
       'ee_002', 'ee_003', 'ee_004', 'ee_005', 'ee_006', 'ee_007', 'ee_008',
       'ee_009', 'ef_000', 'eg_000'],
      dtype='object', length=172)
[ 2022-12-21 06:15:29,683 ] 22 root - INFO - Dropping column: _id 
[ 2022-12-21 06:15:30,103 ] 24 root - INFO - Row and columns in df: (36188, 171)
[ 2022-12-21 06:15:30,103 ] 28 root - INFO - Save data in feature store
[ 2022-12-21 06:15:30,928 ] 32 root - INFO - Create feature store folder if not available
[ 2022-12-21 06:15:30,929 ] 38 root - INFO - Save df to feature store folder
[ 2022-12-21 06:15:33,491 ] 42 root - INFO - split dataset into train and test set
[ 2022-12-21 06:15:34,124 ] 46 root - INFO - create dataset directory folder if not available
[ 2022-12-21 06:15:34,124 ] 51 root - INFO - Save df to feature store folder
[ 2022-12-21 06:15:36,403 ] 63 root - INFO - Data ingestion artifact: DataIngestionArtifact(feature_store_file_path='/config/workspace/artifact/12212022__061525/data_ingestion/feature_store/sensor.csv', train_file_path='/config/workspace/artifact/12212022__061525/data_ingestion/dataset/train.csv', test_file_path='/config/workspace/artifact/12212022__061525/data_ingestion/dataset/test.csv')
[ 2022-12-21 06:15:36,838 ] 22 root - INFO - Exporting collection data as pandas dataframe
[ 2022-12-21 06:15:36,839 ] 18 root - INFO - Reading data from database: aps and collection: sensor
[ 2022-12-21 06:15:40,404 ] 20 root - INFO - Found columns: Index(['_id', 'class', 'aa_000', 'ab_000', 'ac_000', 'ad_000', 'ae_000',
       'af_000', 'ag_000', 'ag_001',
       ...
       'ee_002', 'ee_003', 'ee_004', 'ee_005', 'ee_006', 'ee_007', 'ee_008',
       'ee_009', 'ef_000', 'eg_000'],
      dtype='object', length=172)
[ 2022-12-21 06:15:40,405 ] 22 root - INFO - Dropping column: _id 
[ 2022-12-21 06:15:40,649 ] 24 root - INFO - Row and columns in df: (36188, 171)
[ 2022-12-21 06:15:40,649 ] 28 root - INFO - Save data in feature store
[ 2022-12-21 06:15:41,187 ] 32 root - INFO - Create feature store folder if not available
[ 2022-12-21 06:15:41,188 ] 38 root - INFO - Save df to feature store folder
[ 2022-12-21 06:15:43,689 ] 42 root - INFO - split dataset into train and test set
[ 2022-12-21 06:15:44,285 ] 46 root - INFO - create dataset directory folder if not available
[ 2022-12-21 06:15:44,285 ] 51 root - INFO - Save df to feature store folder
[ 2022-12-21 06:15:46,558 ] 63 root - INFO - Data ingestion artifact: DataIngestionArtifact(feature_store_file_path='/config/workspace/artifact/12212022__061525/data_ingestion/feature_store/sensor.csv', train_file_path='/config/workspace/artifact/12212022__061525/data_ingestion/dataset/train.csv', test_file_path='/config/workspace/artifact/12212022__061525/data_ingestion/dataset/test.csv')
[ 2022-12-21 06:15:46,964 ] 21 root - INFO - >>>>>>>>>>>>>>>>>>>>>>>>>>>>>>>>>>>>>>>> Data Validation <<<<<<<<<<<<<<<<<<<<<<<<<<<<<<<<<<<<<<<<
[ 2022-12-21 06:15:46,964 ] 109 root - INFO - Reading base dataframe
[ 2022-12-21 06:15:49,856 ] 112 root - INFO - Replace na value in base df
[ 2022-12-21 06:15:49,856 ] 114 root - INFO - Drop null values colums from base df
[ 2022-12-21 06:15:50,798 ] 43 root - INFO - selecting column name which contains null above to 0.2
[ 2022-12-21 06:15:50,799 ] 46 root - INFO - Columns to drop: ['ab_000', 'ad_000', 'bk_000', 'bl_000', 'bm_000', 'bn_000', 'bo_000', 'bp_000', 'bq_000', 'br_000', 'cf_000', 'cg_000', 'ch_000', 'co_000', 'cr_000', 'ct_000', 'cu_000', 'cv_000', 'cx_000', 'cy_000', 'cz_000', 'da_000', 'db_000', 'dc_000']
[ 2022-12-21 06:15:50,886 ] 117 root - INFO - Reading train dataframe
[ 2022-12-21 06:15:51,255 ] 119 root - INFO - Reading test dataframe
[ 2022-12-21 06:15:51,355 ] 122 root - INFO - Drop null values colums from train df
[ 2022-12-21 06:15:51,367 ] 43 root - INFO - selecting column name which contains null above to 0.2
[ 2022-12-21 06:15:51,367 ] 46 root - INFO - Columns to drop: ['ab_000', 'ad_000', 'bk_000', 'bl_000', 'bm_000', 'bn_000', 'bo_000', 'bp_000', 'bq_000', 'br_000', 'cf_000', 'cg_000', 'ch_000', 'co_000', 'cr_000', 'ct_000', 'cu_000', 'cv_000', 'cx_000', 'cy_000', 'cz_000', 'da_000', 'db_000', 'dc_000']
[ 2022-12-21 06:15:51,376 ] 124 root - INFO - Drop null values colums from test df
[ 2022-12-21 06:15:51,381 ] 43 root - INFO - selecting column name which contains null above to 0.2
[ 2022-12-21 06:15:51,381 ] 46 root - INFO - Columns to drop: ['ab_000', 'ad_000', 'bk_000', 'bl_000', 'bm_000', 'bn_000', 'bo_000', 'bp_000', 'bq_000', 'br_000', 'cf_000', 'cg_000', 'ch_000', 'co_000', 'cr_000', 'ct_000', 'cu_000', 'cv_000', 'cx_000', 'cy_000', 'cz_000', 'da_000', 'db_000', 'dc_000']
