[ 2022-12-24 08:35:22,411 ] 22 root - INFO - Exporting collection data as pandas dataframe
[ 2022-12-24 08:35:22,412 ] 18 root - INFO - Reading data from database: aps and collection: sensor
[ 2022-12-24 08:35:25,711 ] 20 root - INFO - Found columns: Index(['_id', 'class', 'aa_000', 'ab_000', 'ac_000', 'ad_000', 'ae_000',
       'af_000', 'ag_000', 'ag_001',
       ...
       'ee_002', 'ee_003', 'ee_004', 'ee_005', 'ee_006', 'ee_007', 'ee_008',
       'ee_009', 'ef_000', 'eg_000'],
      dtype='object', length=172)
[ 2022-12-24 08:35:25,712 ] 22 root - INFO - Dropping column: _id 
[ 2022-12-24 08:35:25,907 ] 24 root - INFO - Row and columns in df: (36188, 171)
[ 2022-12-24 08:35:25,907 ] 28 root - INFO - Save data in feature store
[ 2022-12-24 08:35:26,451 ] 32 root - INFO - Create feature store folder if not available
[ 2022-12-24 08:35:26,452 ] 38 root - INFO - Save df to feature store folder
[ 2022-12-24 08:35:28,854 ] 42 root - INFO - split dataset into train and test set
[ 2022-12-24 08:35:29,416 ] 46 root - INFO - create dataset directory folder if not available
[ 2022-12-24 08:35:29,416 ] 51 root - INFO - Save df to feature store folder
[ 2022-12-24 08:35:31,583 ] 63 root - INFO - Data ingestion artifact: DataIngestionArtifact(feature_store_file_path='/config/workspace/artifact/12242022__083522/data_ingestion/feature_store/sensor.csv', train_file_path='/config/workspace/artifact/12242022__083522/data_ingestion/dataset/train.csv', test_file_path='/config/workspace/artifact/12242022__083522/data_ingestion/dataset/test.csv')
[ 2022-12-24 08:35:32,023 ] 22 root - INFO - Exporting collection data as pandas dataframe
[ 2022-12-24 08:35:32,023 ] 18 root - INFO - Reading data from database: aps and collection: sensor
[ 2022-12-24 08:35:35,391 ] 20 root - INFO - Found columns: Index(['_id', 'class', 'aa_000', 'ab_000', 'ac_000', 'ad_000', 'ae_000',
       'af_000', 'ag_000', 'ag_001',
       ...
       'ee_002', 'ee_003', 'ee_004', 'ee_005', 'ee_006', 'ee_007', 'ee_008',
       'ee_009', 'ef_000', 'eg_000'],
      dtype='object', length=172)
[ 2022-12-24 08:35:35,391 ] 22 root - INFO - Dropping column: _id 
[ 2022-12-24 08:35:35,587 ] 24 root - INFO - Row and columns in df: (36188, 171)
[ 2022-12-24 08:35:35,587 ] 28 root - INFO - Save data in feature store
[ 2022-12-24 08:35:36,110 ] 32 root - INFO - Create feature store folder if not available
[ 2022-12-24 08:35:36,111 ] 38 root - INFO - Save df to feature store folder
[ 2022-12-24 08:35:38,576 ] 42 root - INFO - split dataset into train and test set
[ 2022-12-24 08:35:39,154 ] 46 root - INFO - create dataset directory folder if not available
[ 2022-12-24 08:35:39,154 ] 51 root - INFO - Save df to feature store folder
[ 2022-12-24 08:35:41,363 ] 63 root - INFO - Data ingestion artifact: DataIngestionArtifact(feature_store_file_path='/config/workspace/artifact/12242022__083522/data_ingestion/feature_store/sensor.csv', train_file_path='/config/workspace/artifact/12242022__083522/data_ingestion/dataset/train.csv', test_file_path='/config/workspace/artifact/12242022__083522/data_ingestion/dataset/test.csv')
[ 2022-12-24 08:35:41,751 ] 22 root - INFO - >>>>>>>>>>>>>>>>>>>>>>>>>>>>>>>>>>>>>>>> Data Validation <<<<<<<<<<<<<<<<<<<<<<<<<<<<<<<<<<<<<<<<
[ 2022-12-24 08:35:41,751 ] 110 root - INFO - Reading base dataframe
[ 2022-12-24 08:35:44,592 ] 113 root - INFO - Replace na value in base df
[ 2022-12-24 08:35:44,593 ] 115 root - INFO - Drop null values colums from base df
[ 2022-12-24 08:35:45,525 ] 44 root - INFO - selecting column name which contains null above to 0.2
[ 2022-12-24 08:35:45,526 ] 47 root - INFO - Columns to drop: ['ab_000', 'ad_000', 'bk_000', 'bl_000', 'bm_000', 'bn_000', 'bo_000', 'bp_000', 'bq_000', 'br_000', 'cf_000', 'cg_000', 'ch_000', 'co_000', 'cr_000', 'ct_000', 'cu_000', 'cv_000', 'cx_000', 'cy_000', 'cz_000', 'da_000', 'db_000', 'dc_000']
[ 2022-12-24 08:35:45,607 ] 118 root - INFO - Reading train dataframe
[ 2022-12-24 08:35:45,998 ] 120 root - INFO - Reading test dataframe
[ 2022-12-24 08:35:46,098 ] 123 root - INFO - Drop null values colums from train df
[ 2022-12-24 08:35:46,110 ] 44 root - INFO - selecting column name which contains null above to 0.2
[ 2022-12-24 08:35:46,110 ] 47 root - INFO - Columns to drop: ['ab_000', 'ad_000', 'bk_000', 'bl_000', 'bm_000', 'bn_000', 'bo_000', 'bp_000', 'bq_000', 'br_000', 'cf_000', 'cg_000', 'ch_000', 'co_000', 'cr_000', 'ct_000', 'cu_000', 'cv_000', 'cx_000', 'cy_000', 'cz_000', 'da_000', 'db_000', 'dc_000']
[ 2022-12-24 08:35:46,119 ] 125 root - INFO - Drop null values colums from test df
[ 2022-12-24 08:35:46,123 ] 44 root - INFO - selecting column name which contains null above to 0.2
[ 2022-12-24 08:35:46,124 ] 47 root - INFO - Columns to drop: ['ab_000', 'ad_000', 'bk_000', 'bl_000', 'bm_000', 'bn_000', 'bo_000', 'bp_000', 'bq_000', 'br_000', 'cf_000', 'cg_000', 'ch_000', 'co_000', 'cr_000', 'ct_000', 'cu_000', 'cv_000', 'cx_000', 'cy_000', 'cz_000', 'da_000', 'db_000', 'dc_000']
[ 2022-12-24 08:35:52,118 ] 135 root - INFO - Is all required columns present in train df
[ 2022-12-24 08:35:52,119 ] 137 root - INFO - Is all required columns present in test df
[ 2022-12-24 08:35:52,119 ] 141 root - INFO - As all column are available in train df hence detecting data drift
[ 2022-12-24 08:35:52,119 ] 88 root - INFO - Hypothesis class: object, object 
[ 2022-12-24 08:35:52,219 ] 88 root - INFO - Hypothesis aa_000: float64, float64 
[ 2022-12-24 08:35:52,261 ] 88 root - INFO - Hypothesis ac_000: float64, float64 
[ 2022-12-24 08:35:52,269 ] 88 root - INFO - Hypothesis ae_000: float64, float64 
[ 2022-12-24 08:35:52,305 ] 88 root - INFO - Hypothesis af_000: float64, float64 
[ 2022-12-24 08:35:52,340 ] 88 root - INFO - Hypothesis ag_000: float64, float64 
[ 2022-12-24 08:35:52,377 ] 88 root - INFO - Hypothesis ag_001: float64, float64 
[ 2022-12-24 08:35:52,414 ] 88 root - INFO - Hypothesis ag_002: float64, float64 
[ 2022-12-24 08:35:52,419 ] 88 root - INFO - Hypothesis ag_003: float64, float64 
[ 2022-12-24 08:35:52,425 ] 88 root - INFO - Hypothesis ag_004: float64, float64 
[ 2022-12-24 08:35:52,435 ] 88 root - INFO - Hypothesis ag_005: float64, float64 
[ 2022-12-24 08:35:52,446 ] 88 root - INFO - Hypothesis ag_006: float64, float64 
[ 2022-12-24 08:35:52,456 ] 88 root - INFO - Hypothesis ag_007: float64, float64 
[ 2022-12-24 08:35:52,496 ] 88 root - INFO - Hypothesis ag_008: float64, float64 
[ 2022-12-24 08:35:52,505 ] 88 root - INFO - Hypothesis ag_009: float64, float64 
[ 2022-12-24 08:35:52,544 ] 88 root - INFO - Hypothesis ah_000: float64, float64 
[ 2022-12-24 08:35:52,554 ] 88 root - INFO - Hypothesis ai_000: float64, float64 
[ 2022-12-24 08:35:52,590 ] 88 root - INFO - Hypothesis aj_000: float64, float64 
[ 2022-12-24 08:35:52,628 ] 88 root - INFO - Hypothesis ak_000: float64, float64 
[ 2022-12-24 08:35:52,666 ] 88 root - INFO - Hypothesis al_000: float64, float64 
[ 2022-12-24 08:35:52,705 ] 88 root - INFO - Hypothesis am_0: float64, float64 
[ 2022-12-24 08:35:52,712 ] 88 root - INFO - Hypothesis an_000: float64, float64 
[ 2022-12-24 08:35:52,723 ] 88 root - INFO - Hypothesis ao_000: float64, float64 
[ 2022-12-24 08:35:52,733 ] 88 root - INFO - Hypothesis ap_000: float64, float64 
[ 2022-12-24 08:35:52,744 ] 88 root - INFO - Hypothesis aq_000: float64, float64 
[ 2022-12-24 08:35:52,754 ] 88 root - INFO - Hypothesis ar_000: float64, float64 
[ 2022-12-24 08:35:52,792 ] 88 root - INFO - Hypothesis as_000: float64, float64 
[ 2022-12-24 08:35:52,827 ] 88 root - INFO - Hypothesis at_000: float64, float64 
[ 2022-12-24 08:35:52,864 ] 88 root - INFO - Hypothesis au_000: float64, float64 
[ 2022-12-24 08:35:52,901 ] 88 root - INFO - Hypothesis av_000: float64, float64 
[ 2022-12-24 08:35:52,909 ] 88 root - INFO - Hypothesis ax_000: float64, float64 
[ 2022-12-24 08:35:52,949 ] 88 root - INFO - Hypothesis ay_000: float64, float64 
[ 2022-12-24 08:35:52,984 ] 88 root - INFO - Hypothesis ay_001: float64, float64 
[ 2022-12-24 08:35:53,020 ] 88 root - INFO - Hypothesis ay_002: float64, float64 
[ 2022-12-24 08:35:53,055 ] 88 root - INFO - Hypothesis ay_003: float64, float64 
[ 2022-12-24 08:35:53,091 ] 88 root - INFO - Hypothesis ay_004: float64, float64 
[ 2022-12-24 08:35:53,127 ] 88 root - INFO - Hypothesis ay_005: float64, float64 
[ 2022-12-24 08:35:53,135 ] 88 root - INFO - Hypothesis ay_006: float64, float64 
[ 2022-12-24 08:35:53,144 ] 88 root - INFO - Hypothesis ay_007: float64, float64 
[ 2022-12-24 08:35:53,154 ] 88 root - INFO - Hypothesis ay_008: float64, float64 
[ 2022-12-24 08:35:53,201 ] 88 root - INFO - Hypothesis ay_009: float64, float64 
[ 2022-12-24 08:35:53,236 ] 88 root - INFO - Hypothesis az_000: float64, float64 
[ 2022-12-24 08:35:53,247 ] 88 root - INFO - Hypothesis az_001: float64, float64 
[ 2022-12-24 08:35:53,256 ] 88 root - INFO - Hypothesis az_002: float64, float64 
[ 2022-12-24 08:35:53,265 ] 88 root - INFO - Hypothesis az_003: float64, float64 
[ 2022-12-24 08:35:53,275 ] 88 root - INFO - Hypothesis az_004: float64, float64 
[ 2022-12-24 08:35:53,287 ] 88 root - INFO - Hypothesis az_005: float64, float64 
[ 2022-12-24 08:35:53,297 ] 88 root - INFO - Hypothesis az_006: float64, float64 
[ 2022-12-24 08:35:53,306 ] 88 root - INFO - Hypothesis az_007: float64, float64 
[ 2022-12-24 08:35:53,345 ] 88 root - INFO - Hypothesis az_008: float64, float64 
[ 2022-12-24 08:35:53,385 ] 88 root - INFO - Hypothesis az_009: float64, float64 
[ 2022-12-24 08:35:53,420 ] 88 root - INFO - Hypothesis ba_000: float64, float64 
[ 2022-12-24 08:35:53,431 ] 88 root - INFO - Hypothesis ba_001: float64, float64 
[ 2022-12-24 08:35:53,441 ] 88 root - INFO - Hypothesis ba_002: float64, float64 
[ 2022-12-24 08:35:53,452 ] 88 root - INFO - Hypothesis ba_003: float64, float64 
[ 2022-12-24 08:35:53,462 ] 88 root - INFO - Hypothesis ba_004: float64, float64 
[ 2022-12-24 08:35:53,472 ] 88 root - INFO - Hypothesis ba_005: float64, float64 
[ 2022-12-24 08:35:53,482 ] 88 root - INFO - Hypothesis ba_006: float64, float64 
[ 2022-12-24 08:35:53,493 ] 88 root - INFO - Hypothesis ba_007: float64, float64 
[ 2022-12-24 08:35:53,502 ] 88 root - INFO - Hypothesis ba_008: float64, float64 
[ 2022-12-24 08:35:53,510 ] 88 root - INFO - Hypothesis ba_009: float64, float64 
[ 2022-12-24 08:35:53,517 ] 88 root - INFO - Hypothesis bb_000: float64, float64 
[ 2022-12-24 08:35:53,527 ] 88 root - INFO - Hypothesis bc_000: float64, float64 
[ 2022-12-24 08:35:53,535 ] 88 root - INFO - Hypothesis bd_000: float64, float64 
[ 2022-12-24 08:35:53,575 ] 88 root - INFO - Hypothesis be_000: float64, float64 
[ 2022-12-24 08:35:53,584 ] 88 root - INFO - Hypothesis bf_000: float64, float64 
[ 2022-12-24 08:35:53,622 ] 88 root - INFO - Hypothesis bg_000: float64, float64 
[ 2022-12-24 08:35:53,633 ] 88 root - INFO - Hypothesis bh_000: float64, float64 
[ 2022-12-24 08:35:53,643 ] 88 root - INFO - Hypothesis bi_000: float64, float64 
[ 2022-12-24 08:35:53,686 ] 88 root - INFO - Hypothesis bj_000: float64, float64 
[ 2022-12-24 08:35:53,697 ] 88 root - INFO - Hypothesis bs_000: float64, float64 
[ 2022-12-24 08:35:53,708 ] 88 root - INFO - Hypothesis bt_000: float64, float64 
[ 2022-12-24 08:35:53,750 ] 88 root - INFO - Hypothesis bu_000: float64, float64 
[ 2022-12-24 08:35:53,760 ] 88 root - INFO - Hypothesis bv_000: float64, float64 
[ 2022-12-24 08:35:53,771 ] 88 root - INFO - Hypothesis bx_000: float64, float64 
[ 2022-12-24 08:35:53,781 ] 88 root - INFO - Hypothesis by_000: float64, float64 
[ 2022-12-24 08:35:53,791 ] 88 root - INFO - Hypothesis bz_000: float64, float64 
[ 2022-12-24 08:35:53,800 ] 88 root - INFO - Hypothesis ca_000: float64, float64 
[ 2022-12-24 08:35:53,843 ] 88 root - INFO - Hypothesis cb_000: float64, float64 
[ 2022-12-24 08:35:53,886 ] 88 root - INFO - Hypothesis cc_000: float64, float64 
[ 2022-12-24 08:35:53,896 ] 88 root - INFO - Hypothesis cd_000: float64, float64 
[ 2022-12-24 08:35:53,932 ] 88 root - INFO - Hypothesis ce_000: float64, float64 
[ 2022-12-24 08:35:53,941 ] 88 root - INFO - Hypothesis ci_000: float64, float64 
[ 2022-12-24 08:35:53,952 ] 88 root - INFO - Hypothesis cj_000: float64, float64 
[ 2022-12-24 08:35:53,989 ] 88 root - INFO - Hypothesis ck_000: float64, float64 
[ 2022-12-24 08:35:54,000 ] 88 root - INFO - Hypothesis cl_000: float64, float64 
[ 2022-12-24 08:35:54,038 ] 88 root - INFO - Hypothesis cm_000: float64, float64 
[ 2022-12-24 08:35:54,076 ] 88 root - INFO - Hypothesis cn_000: float64, float64 
[ 2022-12-24 08:35:54,113 ] 88 root - INFO - Hypothesis cn_001: float64, float64 
[ 2022-12-24 08:35:54,119 ] 88 root - INFO - Hypothesis cn_002: float64, float64 
[ 2022-12-24 08:35:54,158 ] 88 root - INFO - Hypothesis cn_003: float64, float64 
[ 2022-12-24 08:35:54,168 ] 88 root - INFO - Hypothesis cn_004: float64, float64 
[ 2022-12-24 08:35:54,179 ] 88 root - INFO - Hypothesis cn_005: float64, float64 
[ 2022-12-24 08:35:54,189 ] 88 root - INFO - Hypothesis cn_006: float64, float64 
[ 2022-12-24 08:35:54,199 ] 88 root - INFO - Hypothesis cn_007: float64, float64 
[ 2022-12-24 08:35:54,209 ] 88 root - INFO - Hypothesis cn_008: float64, float64 
[ 2022-12-24 08:35:54,218 ] 88 root - INFO - Hypothesis cn_009: float64, float64 
[ 2022-12-24 08:35:54,226 ] 88 root - INFO - Hypothesis cp_000: float64, float64 
[ 2022-12-24 08:35:54,264 ] 88 root - INFO - Hypothesis cq_000: float64, float64 
[ 2022-12-24 08:35:54,275 ] 88 root - INFO - Hypothesis cs_000: float64, float64 
[ 2022-12-24 08:35:54,285 ] 88 root - INFO - Hypothesis cs_001: float64, float64 
[ 2022-12-24 08:35:54,294 ] 88 root - INFO - Hypothesis cs_002: float64, float64 
[ 2022-12-24 08:35:54,303 ] 88 root - INFO - Hypothesis cs_003: float64, float64 
[ 2022-12-24 08:35:54,314 ] 88 root - INFO - Hypothesis cs_004: float64, float64 
[ 2022-12-24 08:35:54,324 ] 88 root - INFO - Hypothesis cs_005: float64, float64 
[ 2022-12-24 08:35:54,336 ] 88 root - INFO - Hypothesis cs_006: float64, float64 
[ 2022-12-24 08:35:54,349 ] 88 root - INFO - Hypothesis cs_007: float64, float64 
[ 2022-12-24 08:35:54,362 ] 88 root - INFO - Hypothesis cs_008: float64, float64 
[ 2022-12-24 08:35:54,370 ] 88 root - INFO - Hypothesis cs_009: float64, float64 
[ 2022-12-24 08:35:54,408 ] 88 root - INFO - Hypothesis dd_000: float64, float64 
[ 2022-12-24 08:35:54,418 ] 88 root - INFO - Hypothesis de_000: float64, float64 
[ 2022-12-24 08:35:54,458 ] 88 root - INFO - Hypothesis df_000: float64, float64 
[ 2022-12-24 08:35:54,494 ] 88 root - INFO - Hypothesis dg_000: float64, float64 
[ 2022-12-24 08:35:54,529 ] 88 root - INFO - Hypothesis dh_000: float64, float64 
[ 2022-12-24 08:35:54,566 ] 88 root - INFO - Hypothesis di_000: float64, float64 
[ 2022-12-24 08:35:54,603 ] 88 root - INFO - Hypothesis dj_000: float64, float64 
[ 2022-12-24 08:35:54,639 ] 88 root - INFO - Hypothesis dk_000: float64, float64 
[ 2022-12-24 08:35:54,675 ] 88 root - INFO - Hypothesis dl_000: float64, float64 
[ 2022-12-24 08:35:54,712 ] 88 root - INFO - Hypothesis dm_000: float64, float64 
[ 2022-12-24 08:35:54,747 ] 88 root - INFO - Hypothesis dn_000: float64, float64 
[ 2022-12-24 08:35:54,757 ] 88 root - INFO - Hypothesis do_000: float64, float64 
[ 2022-12-24 08:35:54,767 ] 88 root - INFO - Hypothesis dp_000: float64, float64 
[ 2022-12-24 08:35:54,776 ] 88 root - INFO - Hypothesis dq_000: float64, float64 
[ 2022-12-24 08:35:54,814 ] 88 root - INFO - Hypothesis dr_000: float64, float64 
[ 2022-12-24 08:35:54,852 ] 88 root - INFO - Hypothesis ds_000: float64, float64 
[ 2022-12-24 08:35:54,862 ] 88 root - INFO - Hypothesis dt_000: float64, float64 
[ 2022-12-24 08:35:54,872 ] 88 root - INFO - Hypothesis du_000: float64, float64 
[ 2022-12-24 08:35:54,914 ] 88 root - INFO - Hypothesis dv_000: float64, float64 
[ 2022-12-24 08:35:54,924 ] 88 root - INFO - Hypothesis dx_000: float64, float64 
[ 2022-12-24 08:35:54,963 ] 88 root - INFO - Hypothesis dy_000: float64, float64 
[ 2022-12-24 08:35:55,003 ] 88 root - INFO - Hypothesis dz_000: float64, float64 
[ 2022-12-24 08:35:55,039 ] 88 root - INFO - Hypothesis ea_000: float64, float64 
[ 2022-12-24 08:35:55,075 ] 88 root - INFO - Hypothesis eb_000: float64, float64 
[ 2022-12-24 08:35:55,084 ] 88 root - INFO - Hypothesis ec_00: float64, float64 
[ 2022-12-24 08:35:55,094 ] 88 root - INFO - Hypothesis ed_000: float64, float64 
[ 2022-12-24 08:35:55,102 ] 88 root - INFO - Hypothesis ee_000: float64, float64 
[ 2022-12-24 08:35:55,113 ] 88 root - INFO - Hypothesis ee_001: float64, float64 
[ 2022-12-24 08:35:55,124 ] 88 root - INFO - Hypothesis ee_002: float64, float64 
[ 2022-12-24 08:35:55,134 ] 88 root - INFO - Hypothesis ee_003: float64, float64 
[ 2022-12-24 08:35:55,144 ] 88 root - INFO - Hypothesis ee_004: float64, float64 
[ 2022-12-24 08:35:55,155 ] 88 root - INFO - Hypothesis ee_005: float64, float64 
[ 2022-12-24 08:35:55,165 ] 88 root - INFO - Hypothesis ee_006: float64, float64 
[ 2022-12-24 08:35:55,175 ] 88 root - INFO - Hypothesis ee_007: float64, float64 
[ 2022-12-24 08:35:55,217 ] 88 root - INFO - Hypothesis ee_008: float64, float64 
[ 2022-12-24 08:35:55,258 ] 88 root - INFO - Hypothesis ee_009: float64, float64 
[ 2022-12-24 08:35:55,297 ] 88 root - INFO - Hypothesis ef_000: float64, float64 
[ 2022-12-24 08:35:55,333 ] 88 root - INFO - Hypothesis eg_000: float64, float64 
[ 2022-12-24 08:35:55,369 ] 144 root - INFO - As all column are available in test df hence detecting data drift
[ 2022-12-24 08:35:55,370 ] 88 root - INFO - Hypothesis class: object, object 
[ 2022-12-24 08:35:55,434 ] 88 root - INFO - Hypothesis aa_000: float64, float64 
[ 2022-12-24 08:35:55,441 ] 88 root - INFO - Hypothesis ac_000: float64, float64 
[ 2022-12-24 08:35:55,446 ] 88 root - INFO - Hypothesis ae_000: float64, float64 
[ 2022-12-24 08:35:55,461 ] 88 root - INFO - Hypothesis af_000: float64, float64 
[ 2022-12-24 08:35:55,476 ] 88 root - INFO - Hypothesis ag_000: float64, float64 
[ 2022-12-24 08:35:55,479 ] 88 root - INFO - Hypothesis ag_001: float64, float64 
[ 2022-12-24 08:35:55,483 ] 88 root - INFO - Hypothesis ag_002: float64, float64 
[ 2022-12-24 08:35:55,486 ] 88 root - INFO - Hypothesis ag_003: float64, float64 
[ 2022-12-24 08:35:55,490 ] 88 root - INFO - Hypothesis ag_004: float64, float64 
[ 2022-12-24 08:35:55,497 ] 88 root - INFO - Hypothesis ag_005: float64, float64 
[ 2022-12-24 08:35:55,504 ] 88 root - INFO - Hypothesis ag_006: float64, float64 
[ 2022-12-24 08:35:55,511 ] 88 root - INFO - Hypothesis ag_007: float64, float64 
[ 2022-12-24 08:35:55,517 ] 88 root - INFO - Hypothesis ag_008: float64, float64 
[ 2022-12-24 08:35:55,523 ] 88 root - INFO - Hypothesis ag_009: float64, float64 
[ 2022-12-24 08:35:55,527 ] 88 root - INFO - Hypothesis ah_000: float64, float64 
[ 2022-12-24 08:35:55,534 ] 88 root - INFO - Hypothesis ai_000: float64, float64 
[ 2022-12-24 08:35:55,538 ] 88 root - INFO - Hypothesis aj_000: float64, float64 
[ 2022-12-24 08:35:55,542 ] 88 root - INFO - Hypothesis ak_000: float64, float64 
[ 2022-12-24 08:35:55,557 ] 88 root - INFO - Hypothesis al_000: float64, float64 
[ 2022-12-24 08:35:55,562 ] 88 root - INFO - Hypothesis am_0: float64, float64 
[ 2022-12-24 08:35:55,567 ] 88 root - INFO - Hypothesis an_000: float64, float64 
[ 2022-12-24 08:35:55,574 ] 88 root - INFO - Hypothesis ao_000: float64, float64 
[ 2022-12-24 08:35:55,581 ] 88 root - INFO - Hypothesis ap_000: float64, float64 
[ 2022-12-24 08:35:55,589 ] 88 root - INFO - Hypothesis aq_000: float64, float64 
[ 2022-12-24 08:35:55,596 ] 88 root - INFO - Hypothesis ar_000: float64, float64 
[ 2022-12-24 08:35:55,612 ] 88 root - INFO - Hypothesis as_000: float64, float64 
[ 2022-12-24 08:35:55,627 ] 88 root - INFO - Hypothesis at_000: float64, float64 
[ 2022-12-24 08:35:55,630 ] 88 root - INFO - Hypothesis au_000: float64, float64 
[ 2022-12-24 08:35:55,645 ] 88 root - INFO - Hypothesis av_000: float64, float64 
[ 2022-12-24 08:35:55,651 ] 88 root - INFO - Hypothesis ax_000: float64, float64 
[ 2022-12-24 08:35:55,657 ] 88 root - INFO - Hypothesis ay_000: float64, float64 
[ 2022-12-24 08:35:55,660 ] 88 root - INFO - Hypothesis ay_001: float64, float64 
[ 2022-12-24 08:35:55,663 ] 88 root - INFO - Hypothesis ay_002: float64, float64 
[ 2022-12-24 08:35:55,666 ] 88 root - INFO - Hypothesis ay_003: float64, float64 
[ 2022-12-24 08:35:55,669 ] 88 root - INFO - Hypothesis ay_004: float64, float64 
[ 2022-12-24 08:35:55,672 ] 88 root - INFO - Hypothesis ay_005: float64, float64 
[ 2022-12-24 08:35:55,677 ] 88 root - INFO - Hypothesis ay_006: float64, float64 
[ 2022-12-24 08:35:55,684 ] 88 root - INFO - Hypothesis ay_007: float64, float64 
[ 2022-12-24 08:35:55,691 ] 88 root - INFO - Hypothesis ay_008: float64, float64 
[ 2022-12-24 08:35:55,697 ] 88 root - INFO - Hypothesis ay_009: float64, float64 
[ 2022-12-24 08:35:55,700 ] 88 root - INFO - Hypothesis az_000: float64, float64 
[ 2022-12-24 08:35:55,707 ] 88 root - INFO - Hypothesis az_001: float64, float64 
[ 2022-12-24 08:35:55,713 ] 88 root - INFO - Hypothesis az_002: float64, float64 
[ 2022-12-24 08:35:55,719 ] 88 root - INFO - Hypothesis az_003: float64, float64 
[ 2022-12-24 08:35:55,726 ] 88 root - INFO - Hypothesis az_004: float64, float64 
[ 2022-12-24 08:35:55,733 ] 88 root - INFO - Hypothesis az_005: float64, float64 
[ 2022-12-24 08:35:55,740 ] 88 root - INFO - Hypothesis az_006: float64, float64 
[ 2022-12-24 08:35:55,746 ] 88 root - INFO - Hypothesis az_007: float64, float64 
[ 2022-12-24 08:35:55,750 ] 88 root - INFO - Hypothesis az_008: float64, float64 
[ 2022-12-24 08:35:55,754 ] 88 root - INFO - Hypothesis az_009: float64, float64 
[ 2022-12-24 08:35:55,757 ] 88 root - INFO - Hypothesis ba_000: float64, float64 
[ 2022-12-24 08:35:55,764 ] 88 root - INFO - Hypothesis ba_001: float64, float64 
[ 2022-12-24 08:35:55,771 ] 88 root - INFO - Hypothesis ba_002: float64, float64 
[ 2022-12-24 08:35:55,778 ] 88 root - INFO - Hypothesis ba_003: float64, float64 
[ 2022-12-24 08:35:55,785 ] 88 root - INFO - Hypothesis ba_004: float64, float64 
[ 2022-12-24 08:35:55,792 ] 88 root - INFO - Hypothesis ba_005: float64, float64 
[ 2022-12-24 08:35:55,798 ] 88 root - INFO - Hypothesis ba_006: float64, float64 
[ 2022-12-24 08:35:55,805 ] 88 root - INFO - Hypothesis ba_007: float64, float64 
[ 2022-12-24 08:35:55,811 ] 88 root - INFO - Hypothesis ba_008: float64, float64 
[ 2022-12-24 08:35:55,817 ] 88 root - INFO - Hypothesis ba_009: float64, float64 
[ 2022-12-24 08:35:55,821 ] 88 root - INFO - Hypothesis bb_000: float64, float64 
[ 2022-12-24 08:35:55,828 ] 88 root - INFO - Hypothesis bc_000: float64, float64 
[ 2022-12-24 08:35:55,833 ] 88 root - INFO - Hypothesis bd_000: float64, float64 
[ 2022-12-24 08:35:55,839 ] 88 root - INFO - Hypothesis be_000: float64, float64 
[ 2022-12-24 08:35:55,845 ] 88 root - INFO - Hypothesis bf_000: float64, float64 
[ 2022-12-24 08:35:55,849 ] 88 root - INFO - Hypothesis bg_000: float64, float64 
[ 2022-12-24 08:35:55,856 ] 88 root - INFO - Hypothesis bh_000: float64, float64 
[ 2022-12-24 08:35:55,863 ] 88 root - INFO - Hypothesis bi_000: float64, float64 
[ 2022-12-24 08:35:55,870 ] 88 root - INFO - Hypothesis bj_000: float64, float64 
[ 2022-12-24 08:35:55,877 ] 88 root - INFO - Hypothesis bs_000: float64, float64 
[ 2022-12-24 08:35:55,884 ] 88 root - INFO - Hypothesis bt_000: float64, float64 
[ 2022-12-24 08:35:55,891 ] 88 root - INFO - Hypothesis bu_000: float64, float64 
[ 2022-12-24 08:35:55,898 ] 88 root - INFO - Hypothesis bv_000: float64, float64 
[ 2022-12-24 08:35:55,905 ] 88 root - INFO - Hypothesis bx_000: float64, float64 
[ 2022-12-24 08:35:55,912 ] 88 root - INFO - Hypothesis by_000: float64, float64 
[ 2022-12-24 08:35:55,919 ] 88 root - INFO - Hypothesis bz_000: float64, float64 
[ 2022-12-24 08:35:55,925 ] 88 root - INFO - Hypothesis ca_000: float64, float64 
[ 2022-12-24 08:35:55,932 ] 88 root - INFO - Hypothesis cb_000: float64, float64 
[ 2022-12-24 08:35:55,939 ] 88 root - INFO - Hypothesis cc_000: float64, float64 
[ 2022-12-24 08:35:55,946 ] 88 root - INFO - Hypothesis cd_000: float64, float64 
[ 2022-12-24 08:35:55,961 ] 88 root - INFO - Hypothesis ce_000: float64, float64 
[ 2022-12-24 08:35:55,969 ] 88 root - INFO - Hypothesis ci_000: float64, float64 
[ 2022-12-24 08:35:55,976 ] 88 root - INFO - Hypothesis cj_000: float64, float64 
[ 2022-12-24 08:35:55,980 ] 88 root - INFO - Hypothesis ck_000: float64, float64 
[ 2022-12-24 08:35:55,987 ] 88 root - INFO - Hypothesis cl_000: float64, float64 
[ 2022-12-24 08:35:56,004 ] 88 root - INFO - Hypothesis cm_000: float64, float64 
[ 2022-12-24 08:35:56,009 ] 88 root - INFO - Hypothesis cn_000: float64, float64 
[ 2022-12-24 08:35:56,014 ] 88 root - INFO - Hypothesis cn_001: float64, float64 
[ 2022-12-24 08:35:56,018 ] 88 root - INFO - Hypothesis cn_002: float64, float64 
[ 2022-12-24 08:35:56,024 ] 88 root - INFO - Hypothesis cn_003: float64, float64 
[ 2022-12-24 08:35:56,031 ] 88 root - INFO - Hypothesis cn_004: float64, float64 
[ 2022-12-24 08:35:56,038 ] 88 root - INFO - Hypothesis cn_005: float64, float64 
[ 2022-12-24 08:35:56,045 ] 88 root - INFO - Hypothesis cn_006: float64, float64 
[ 2022-12-24 08:35:56,051 ] 88 root - INFO - Hypothesis cn_007: float64, float64 
[ 2022-12-24 08:35:56,058 ] 88 root - INFO - Hypothesis cn_008: float64, float64 
[ 2022-12-24 08:35:56,064 ] 88 root - INFO - Hypothesis cn_009: float64, float64 
[ 2022-12-24 08:35:56,069 ] 88 root - INFO - Hypothesis cp_000: float64, float64 
[ 2022-12-24 08:35:56,075 ] 88 root - INFO - Hypothesis cq_000: float64, float64 
[ 2022-12-24 08:35:56,082 ] 88 root - INFO - Hypothesis cs_000: float64, float64 
[ 2022-12-24 08:35:56,088 ] 88 root - INFO - Hypothesis cs_001: float64, float64 
[ 2022-12-24 08:35:56,094 ] 88 root - INFO - Hypothesis cs_002: float64, float64 
[ 2022-12-24 08:35:56,101 ] 88 root - INFO - Hypothesis cs_003: float64, float64 
[ 2022-12-24 08:35:56,107 ] 88 root - INFO - Hypothesis cs_004: float64, float64 
[ 2022-12-24 08:35:56,115 ] 88 root - INFO - Hypothesis cs_005: float64, float64 
[ 2022-12-24 08:35:56,122 ] 88 root - INFO - Hypothesis cs_006: float64, float64 
[ 2022-12-24 08:35:56,129 ] 88 root - INFO - Hypothesis cs_007: float64, float64 
[ 2022-12-24 08:35:56,136 ] 88 root - INFO - Hypothesis cs_008: float64, float64 
[ 2022-12-24 08:35:56,141 ] 88 root - INFO - Hypothesis cs_009: float64, float64 
[ 2022-12-24 08:35:56,144 ] 88 root - INFO - Hypothesis dd_000: float64, float64 
[ 2022-12-24 08:35:56,150 ] 88 root - INFO - Hypothesis de_000: float64, float64 
[ 2022-12-24 08:35:56,156 ] 88 root - INFO - Hypothesis df_000: float64, float64 
[ 2022-12-24 08:35:56,171 ] 88 root - INFO - Hypothesis dg_000: float64, float64 
[ 2022-12-24 08:35:56,186 ] 88 root - INFO - Hypothesis dh_000: float64, float64 
[ 2022-12-24 08:35:56,202 ] 88 root - INFO - Hypothesis di_000: float64, float64 
[ 2022-12-24 08:35:56,217 ] 88 root - INFO - Hypothesis dj_000: float64, float64 
[ 2022-12-24 08:35:56,233 ] 88 root - INFO - Hypothesis dk_000: float64, float64 
[ 2022-12-24 08:35:56,247 ] 88 root - INFO - Hypothesis dl_000: float64, float64 
[ 2022-12-24 08:35:56,262 ] 88 root - INFO - Hypothesis dm_000: float64, float64 
[ 2022-12-24 08:35:56,278 ] 88 root - INFO - Hypothesis dn_000: float64, float64 
[ 2022-12-24 08:35:56,285 ] 88 root - INFO - Hypothesis do_000: float64, float64 
[ 2022-12-24 08:35:56,291 ] 88 root - INFO - Hypothesis dp_000: float64, float64 
[ 2022-12-24 08:35:56,297 ] 88 root - INFO - Hypothesis dq_000: float64, float64 
[ 2022-12-24 08:35:56,301 ] 88 root - INFO - Hypothesis dr_000: float64, float64 
[ 2022-12-24 08:35:56,306 ] 88 root - INFO - Hypothesis ds_000: float64, float64 
[ 2022-12-24 08:35:56,312 ] 88 root - INFO - Hypothesis dt_000: float64, float64 
[ 2022-12-24 08:35:56,319 ] 88 root - INFO - Hypothesis du_000: float64, float64 
[ 2022-12-24 08:35:56,326 ] 88 root - INFO - Hypothesis dv_000: float64, float64 
[ 2022-12-24 08:35:56,333 ] 88 root - INFO - Hypothesis dx_000: float64, float64 
[ 2022-12-24 08:35:56,337 ] 88 root - INFO - Hypothesis dy_000: float64, float64 
[ 2022-12-24 08:35:56,342 ] 88 root - INFO - Hypothesis dz_000: float64, float64 
[ 2022-12-24 08:35:56,358 ] 88 root - INFO - Hypothesis ea_000: float64, float64 
[ 2022-12-24 08:35:56,374 ] 88 root - INFO - Hypothesis eb_000: float64, float64 
[ 2022-12-24 08:35:56,380 ] 88 root - INFO - Hypothesis ec_00: float64, float64 
[ 2022-12-24 08:35:56,386 ] 88 root - INFO - Hypothesis ed_000: float64, float64 
[ 2022-12-24 08:35:56,392 ] 88 root - INFO - Hypothesis ee_000: float64, float64 
[ 2022-12-24 08:35:56,399 ] 88 root - INFO - Hypothesis ee_001: float64, float64 
[ 2022-12-24 08:35:56,406 ] 88 root - INFO - Hypothesis ee_002: float64, float64 
[ 2022-12-24 08:35:56,413 ] 88 root - INFO - Hypothesis ee_003: float64, float64 
[ 2022-12-24 08:35:56,420 ] 88 root - INFO - Hypothesis ee_004: float64, float64 
[ 2022-12-24 08:35:56,427 ] 88 root - INFO - Hypothesis ee_005: float64, float64 
[ 2022-12-24 08:35:56,434 ] 88 root - INFO - Hypothesis ee_006: float64, float64 
[ 2022-12-24 08:35:56,441 ] 88 root - INFO - Hypothesis ee_007: float64, float64 
[ 2022-12-24 08:35:56,447 ] 88 root - INFO - Hypothesis ee_008: float64, float64 
[ 2022-12-24 08:35:56,453 ] 88 root - INFO - Hypothesis ee_009: float64, float64 
[ 2022-12-24 08:35:56,458 ] 88 root - INFO - Hypothesis ef_000: float64, float64 
[ 2022-12-24 08:35:56,474 ] 88 root - INFO - Hypothesis eg_000: float64, float64 
[ 2022-12-24 08:35:56,490 ] 148 root - INFO - Write reprt in yaml file
[ 2022-12-24 08:35:56,558 ] 153 root - INFO - Data validation artifact: DataValidationArtifact(report_file_path='/config/workspace/artifact/12242022__083522/data_validation/report.yaml')
[ 2022-12-24 08:35:56,560 ] 23 root - INFO - >>>>>>>>>>>>>>>>>>>>>>>>>>>>>>>>>>>>>>>> Data Transformation <<<<<<<<<<<<<<<<<<<<<<<<<<<<<<<<<<<<<<<<
[ 2022-12-24 08:35:57,453 ] 72 root - INFO - Before resampling in training set Input: (28950, 170) Target:(28950,)
[ 2022-12-24 08:36:02,819 ] 74 root - INFO - After resampling in training set Input: (56142, 170) Target:(56142,)
[ 2022-12-24 08:36:02,819 ] 76 root - INFO - Before resampling in testing set Input: (7238, 170) Target:(7238,)
[ 2022-12-24 08:36:03,593 ] 78 root - INFO - After resampling in testing set Input: (14054, 170) Target:(14054,)
