[ 2022-12-24 08:41:23,903 ] 22 root - INFO - Exporting collection data as pandas dataframe
[ 2022-12-24 08:41:23,904 ] 18 root - INFO - Reading data from database: aps and collection: sensor
[ 2022-12-24 08:41:27,187 ] 20 root - INFO - Found columns: Index(['_id', 'class', 'aa_000', 'ab_000', 'ac_000', 'ad_000', 'ae_000',
       'af_000', 'ag_000', 'ag_001',
       ...
       'ee_002', 'ee_003', 'ee_004', 'ee_005', 'ee_006', 'ee_007', 'ee_008',
       'ee_009', 'ef_000', 'eg_000'],
      dtype='object', length=172)
[ 2022-12-24 08:41:27,187 ] 22 root - INFO - Dropping column: _id 
[ 2022-12-24 08:41:27,389 ] 24 root - INFO - Row and columns in df: (36188, 171)
[ 2022-12-24 08:41:27,390 ] 28 root - INFO - Save data in feature store
[ 2022-12-24 08:41:27,924 ] 32 root - INFO - Create feature store folder if not available
[ 2022-12-24 08:41:27,925 ] 38 root - INFO - Save df to feature store folder
[ 2022-12-24 08:41:30,337 ] 42 root - INFO - split dataset into train and test set
[ 2022-12-24 08:41:30,911 ] 46 root - INFO - create dataset directory folder if not available
[ 2022-12-24 08:41:30,911 ] 51 root - INFO - Save df to feature store folder
[ 2022-12-24 08:41:33,107 ] 63 root - INFO - Data ingestion artifact: DataIngestionArtifact(feature_store_file_path='/config/workspace/artifact/12242022__084123/data_ingestion/feature_store/sensor.csv', train_file_path='/config/workspace/artifact/12242022__084123/data_ingestion/dataset/train.csv', test_file_path='/config/workspace/artifact/12242022__084123/data_ingestion/dataset/test.csv')
[ 2022-12-24 08:41:33,546 ] 22 root - INFO - Exporting collection data as pandas dataframe
[ 2022-12-24 08:41:33,546 ] 18 root - INFO - Reading data from database: aps and collection: sensor
[ 2022-12-24 08:41:36,997 ] 20 root - INFO - Found columns: Index(['_id', 'class', 'aa_000', 'ab_000', 'ac_000', 'ad_000', 'ae_000',
       'af_000', 'ag_000', 'ag_001',
       ...
       'ee_002', 'ee_003', 'ee_004', 'ee_005', 'ee_006', 'ee_007', 'ee_008',
       'ee_009', 'ef_000', 'eg_000'],
      dtype='object', length=172)
[ 2022-12-24 08:41:36,997 ] 22 root - INFO - Dropping column: _id 
[ 2022-12-24 08:41:37,194 ] 24 root - INFO - Row and columns in df: (36188, 171)
[ 2022-12-24 08:41:37,194 ] 28 root - INFO - Save data in feature store
[ 2022-12-24 08:41:37,726 ] 32 root - INFO - Create feature store folder if not available
[ 2022-12-24 08:41:37,726 ] 38 root - INFO - Save df to feature store folder
[ 2022-12-24 08:41:40,213 ] 42 root - INFO - split dataset into train and test set
[ 2022-12-24 08:41:40,814 ] 46 root - INFO - create dataset directory folder if not available
[ 2022-12-24 08:41:40,814 ] 51 root - INFO - Save df to feature store folder
[ 2022-12-24 08:41:43,013 ] 63 root - INFO - Data ingestion artifact: DataIngestionArtifact(feature_store_file_path='/config/workspace/artifact/12242022__084123/data_ingestion/feature_store/sensor.csv', train_file_path='/config/workspace/artifact/12242022__084123/data_ingestion/dataset/train.csv', test_file_path='/config/workspace/artifact/12242022__084123/data_ingestion/dataset/test.csv')
[ 2022-12-24 08:41:43,392 ] 22 root - INFO - >>>>>>>>>>>>>>>>>>>>>>>>>>>>>>>>>>>>>>>> Data Validation <<<<<<<<<<<<<<<<<<<<<<<<<<<<<<<<<<<<<<<<
[ 2022-12-24 08:41:43,393 ] 110 root - INFO - Reading base dataframe
[ 2022-12-24 08:41:46,302 ] 113 root - INFO - Replace na value in base df
[ 2022-12-24 08:41:46,302 ] 115 root - INFO - Drop null values colums from base df
[ 2022-12-24 08:41:47,238 ] 44 root - INFO - selecting column name which contains null above to 0.2
[ 2022-12-24 08:41:47,239 ] 47 root - INFO - Columns to drop: ['ab_000', 'ad_000', 'bk_000', 'bl_000', 'bm_000', 'bn_000', 'bo_000', 'bp_000', 'bq_000', 'br_000', 'cf_000', 'cg_000', 'ch_000', 'co_000', 'cr_000', 'ct_000', 'cu_000', 'cv_000', 'cx_000', 'cy_000', 'cz_000', 'da_000', 'db_000', 'dc_000']
[ 2022-12-24 08:41:47,321 ] 118 root - INFO - Reading train dataframe
[ 2022-12-24 08:41:47,714 ] 120 root - INFO - Reading test dataframe
[ 2022-12-24 08:41:47,815 ] 123 root - INFO - Drop null values colums from train df
[ 2022-12-24 08:41:47,826 ] 44 root - INFO - selecting column name which contains null above to 0.2
[ 2022-12-24 08:41:47,826 ] 47 root - INFO - Columns to drop: ['ab_000', 'ad_000', 'bk_000', 'bl_000', 'bm_000', 'bn_000', 'bo_000', 'bp_000', 'bq_000', 'br_000', 'cf_000', 'cg_000', 'ch_000', 'co_000', 'cr_000', 'ct_000', 'cu_000', 'cv_000', 'cx_000', 'cy_000', 'cz_000', 'da_000', 'db_000', 'dc_000']
[ 2022-12-24 08:41:47,838 ] 125 root - INFO - Drop null values colums from test df
[ 2022-12-24 08:41:47,842 ] 44 root - INFO - selecting column name which contains null above to 0.2
[ 2022-12-24 08:41:47,843 ] 47 root - INFO - Columns to drop: ['ab_000', 'ad_000', 'bk_000', 'bl_000', 'bm_000', 'bn_000', 'bo_000', 'bp_000', 'bq_000', 'br_000', 'cf_000', 'cg_000', 'ch_000', 'co_000', 'cr_000', 'ct_000', 'cu_000', 'cv_000', 'cx_000', 'cy_000', 'cz_000', 'da_000', 'db_000', 'dc_000']
[ 2022-12-24 08:41:53,885 ] 135 root - INFO - Is all required columns present in train df
[ 2022-12-24 08:41:53,885 ] 137 root - INFO - Is all required columns present in test df
[ 2022-12-24 08:41:53,886 ] 141 root - INFO - As all column are available in train df hence detecting data drift
[ 2022-12-24 08:41:53,886 ] 88 root - INFO - Hypothesis class: object, object 
[ 2022-12-24 08:41:54,019 ] 88 root - INFO - Hypothesis aa_000: float64, float64 
[ 2022-12-24 08:41:54,061 ] 88 root - INFO - Hypothesis ac_000: float64, float64 
[ 2022-12-24 08:41:54,069 ] 88 root - INFO - Hypothesis ae_000: float64, float64 
[ 2022-12-24 08:41:54,106 ] 88 root - INFO - Hypothesis af_000: float64, float64 
[ 2022-12-24 08:41:54,143 ] 88 root - INFO - Hypothesis ag_000: float64, float64 
[ 2022-12-24 08:41:54,178 ] 88 root - INFO - Hypothesis ag_001: float64, float64 
[ 2022-12-24 08:41:54,215 ] 88 root - INFO - Hypothesis ag_002: float64, float64 
[ 2022-12-24 08:41:54,253 ] 88 root - INFO - Hypothesis ag_003: float64, float64 
[ 2022-12-24 08:41:54,292 ] 88 root - INFO - Hypothesis ag_004: float64, float64 
[ 2022-12-24 08:41:54,302 ] 88 root - INFO - Hypothesis ag_005: float64, float64 
[ 2022-12-24 08:41:54,347 ] 88 root - INFO - Hypothesis ag_006: float64, float64 
[ 2022-12-24 08:41:54,390 ] 88 root - INFO - Hypothesis ag_007: float64, float64 
[ 2022-12-24 08:41:54,433 ] 88 root - INFO - Hypothesis ag_008: float64, float64 
[ 2022-12-24 08:41:54,474 ] 88 root - INFO - Hypothesis ag_009: float64, float64 
[ 2022-12-24 08:41:54,513 ] 88 root - INFO - Hypothesis ah_000: float64, float64 
[ 2022-12-24 08:41:54,560 ] 88 root - INFO - Hypothesis ai_000: float64, float64 
[ 2022-12-24 08:41:54,599 ] 88 root - INFO - Hypothesis aj_000: float64, float64 
[ 2022-12-24 08:41:54,637 ] 88 root - INFO - Hypothesis ak_000: float64, float64 
[ 2022-12-24 08:41:54,674 ] 88 root - INFO - Hypothesis al_000: float64, float64 
[ 2022-12-24 08:41:54,682 ] 88 root - INFO - Hypothesis am_0: float64, float64 
[ 2022-12-24 08:41:54,689 ] 88 root - INFO - Hypothesis an_000: float64, float64 
[ 2022-12-24 08:41:54,732 ] 88 root - INFO - Hypothesis ao_000: float64, float64 
[ 2022-12-24 08:41:54,774 ] 88 root - INFO - Hypothesis ap_000: float64, float64 
[ 2022-12-24 08:41:54,785 ] 88 root - INFO - Hypothesis aq_000: float64, float64 
[ 2022-12-24 08:41:54,829 ] 88 root - INFO - Hypothesis ar_000: float64, float64 
[ 2022-12-24 08:41:54,866 ] 88 root - INFO - Hypothesis as_000: float64, float64 
[ 2022-12-24 08:41:54,903 ] 88 root - INFO - Hypothesis at_000: float64, float64 
[ 2022-12-24 08:41:54,940 ] 88 root - INFO - Hypothesis au_000: float64, float64 
[ 2022-12-24 08:41:54,976 ] 88 root - INFO - Hypothesis av_000: float64, float64 
[ 2022-12-24 08:41:55,017 ] 88 root - INFO - Hypothesis ax_000: float64, float64 
[ 2022-12-24 08:41:55,059 ] 88 root - INFO - Hypothesis ay_000: float64, float64 
[ 2022-12-24 08:41:55,095 ] 88 root - INFO - Hypothesis ay_001: float64, float64 
[ 2022-12-24 08:41:55,131 ] 88 root - INFO - Hypothesis ay_002: float64, float64 
[ 2022-12-24 08:41:55,167 ] 88 root - INFO - Hypothesis ay_003: float64, float64 
[ 2022-12-24 08:41:55,203 ] 88 root - INFO - Hypothesis ay_004: float64, float64 
[ 2022-12-24 08:41:55,239 ] 88 root - INFO - Hypothesis ay_005: float64, float64 
[ 2022-12-24 08:41:55,279 ] 88 root - INFO - Hypothesis ay_006: float64, float64 
[ 2022-12-24 08:41:55,321 ] 88 root - INFO - Hypothesis ay_007: float64, float64 
[ 2022-12-24 08:41:55,364 ] 88 root - INFO - Hypothesis ay_008: float64, float64 
[ 2022-12-24 08:41:55,375 ] 88 root - INFO - Hypothesis ay_009: float64, float64 
[ 2022-12-24 08:41:55,411 ] 88 root - INFO - Hypothesis az_000: float64, float64 
[ 2022-12-24 08:41:55,453 ] 88 root - INFO - Hypothesis az_001: float64, float64 
[ 2022-12-24 08:41:55,495 ] 88 root - INFO - Hypothesis az_002: float64, float64 
[ 2022-12-24 08:41:55,538 ] 88 root - INFO - Hypothesis az_003: float64, float64 
[ 2022-12-24 08:41:55,548 ] 88 root - INFO - Hypothesis az_004: float64, float64 
[ 2022-12-24 08:41:55,558 ] 88 root - INFO - Hypothesis az_005: float64, float64 
[ 2022-12-24 08:41:55,569 ] 88 root - INFO - Hypothesis az_006: float64, float64 
[ 2022-12-24 08:41:55,578 ] 88 root - INFO - Hypothesis az_007: float64, float64 
[ 2022-12-24 08:41:55,616 ] 88 root - INFO - Hypothesis az_008: float64, float64 
[ 2022-12-24 08:41:55,654 ] 88 root - INFO - Hypothesis az_009: float64, float64 
[ 2022-12-24 08:41:55,690 ] 88 root - INFO - Hypothesis ba_000: float64, float64 
[ 2022-12-24 08:41:55,733 ] 88 root - INFO - Hypothesis ba_001: float64, float64 
[ 2022-12-24 08:41:55,775 ] 88 root - INFO - Hypothesis ba_002: float64, float64 
[ 2022-12-24 08:41:55,818 ] 88 root - INFO - Hypothesis ba_003: float64, float64 
[ 2022-12-24 08:41:55,860 ] 88 root - INFO - Hypothesis ba_004: float64, float64 
[ 2022-12-24 08:41:55,901 ] 88 root - INFO - Hypothesis ba_005: float64, float64 
[ 2022-12-24 08:41:55,944 ] 88 root - INFO - Hypothesis ba_006: float64, float64 
[ 2022-12-24 08:41:55,954 ] 88 root - INFO - Hypothesis ba_007: float64, float64 
[ 2022-12-24 08:41:55,997 ] 88 root - INFO - Hypothesis ba_008: float64, float64 
[ 2022-12-24 08:41:56,005 ] 88 root - INFO - Hypothesis ba_009: float64, float64 
[ 2022-12-24 08:41:56,044 ] 88 root - INFO - Hypothesis bb_000: float64, float64 
[ 2022-12-24 08:41:56,087 ] 88 root - INFO - Hypothesis bc_000: float64, float64 
[ 2022-12-24 08:41:56,094 ] 88 root - INFO - Hypothesis bd_000: float64, float64 
[ 2022-12-24 08:41:56,134 ] 88 root - INFO - Hypothesis be_000: float64, float64 
[ 2022-12-24 08:41:56,175 ] 88 root - INFO - Hypothesis bf_000: float64, float64 
[ 2022-12-24 08:41:56,215 ] 88 root - INFO - Hypothesis bg_000: float64, float64 
[ 2022-12-24 08:41:56,258 ] 88 root - INFO - Hypothesis bh_000: float64, float64 
[ 2022-12-24 08:41:56,301 ] 88 root - INFO - Hypothesis bi_000: float64, float64 
[ 2022-12-24 08:41:56,312 ] 88 root - INFO - Hypothesis bj_000: float64, float64 
[ 2022-12-24 08:41:56,354 ] 88 root - INFO - Hypothesis bs_000: float64, float64 
[ 2022-12-24 08:41:56,396 ] 88 root - INFO - Hypothesis bt_000: float64, float64 
[ 2022-12-24 08:41:56,440 ] 88 root - INFO - Hypothesis bu_000: float64, float64 
[ 2022-12-24 08:41:56,483 ] 88 root - INFO - Hypothesis bv_000: float64, float64 
[ 2022-12-24 08:41:56,526 ] 88 root - INFO - Hypothesis bx_000: float64, float64 
[ 2022-12-24 08:41:56,536 ] 88 root - INFO - Hypothesis by_000: float64, float64 
[ 2022-12-24 08:41:56,578 ] 88 root - INFO - Hypothesis bz_000: float64, float64 
[ 2022-12-24 08:41:56,619 ] 88 root - INFO - Hypothesis ca_000: float64, float64 
[ 2022-12-24 08:41:56,630 ] 88 root - INFO - Hypothesis cb_000: float64, float64 
[ 2022-12-24 08:41:56,641 ] 88 root - INFO - Hypothesis cc_000: float64, float64 
[ 2022-12-24 08:41:56,651 ] 88 root - INFO - Hypothesis cd_000: float64, float64 
[ 2022-12-24 08:41:56,688 ] 88 root - INFO - Hypothesis ce_000: float64, float64 
[ 2022-12-24 08:41:56,697 ] 88 root - INFO - Hypothesis ci_000: float64, float64 
[ 2022-12-24 08:41:56,740 ] 88 root - INFO - Hypothesis cj_000: float64, float64 
[ 2022-12-24 08:41:56,746 ] 88 root - INFO - Hypothesis ck_000: float64, float64 
[ 2022-12-24 08:41:56,756 ] 88 root - INFO - Hypothesis cl_000: float64, float64 
[ 2022-12-24 08:41:56,762 ] 88 root - INFO - Hypothesis cm_000: float64, float64 
[ 2022-12-24 08:41:56,770 ] 88 root - INFO - Hypothesis cn_000: float64, float64 
[ 2022-12-24 08:41:56,806 ] 88 root - INFO - Hypothesis cn_001: float64, float64 
[ 2022-12-24 08:41:56,843 ] 88 root - INFO - Hypothesis cn_002: float64, float64 
[ 2022-12-24 08:41:56,851 ] 88 root - INFO - Hypothesis cn_003: float64, float64 
[ 2022-12-24 08:41:56,894 ] 88 root - INFO - Hypothesis cn_004: float64, float64 
[ 2022-12-24 08:41:56,937 ] 88 root - INFO - Hypothesis cn_005: float64, float64 
[ 2022-12-24 08:41:56,979 ] 88 root - INFO - Hypothesis cn_006: float64, float64 
[ 2022-12-24 08:41:56,989 ] 88 root - INFO - Hypothesis cn_007: float64, float64 
[ 2022-12-24 08:41:56,999 ] 88 root - INFO - Hypothesis cn_008: float64, float64 
[ 2022-12-24 08:41:57,009 ] 88 root - INFO - Hypothesis cn_009: float64, float64 
[ 2022-12-24 08:41:57,016 ] 88 root - INFO - Hypothesis cp_000: float64, float64 
[ 2022-12-24 08:41:57,056 ] 88 root - INFO - Hypothesis cq_000: float64, float64 
[ 2022-12-24 08:41:57,099 ] 88 root - INFO - Hypothesis cs_000: float64, float64 
[ 2022-12-24 08:41:57,142 ] 88 root - INFO - Hypothesis cs_001: float64, float64 
[ 2022-12-24 08:41:57,183 ] 88 root - INFO - Hypothesis cs_002: float64, float64 
[ 2022-12-24 08:41:57,226 ] 88 root - INFO - Hypothesis cs_003: float64, float64 
[ 2022-12-24 08:41:57,236 ] 88 root - INFO - Hypothesis cs_004: float64, float64 
[ 2022-12-24 08:41:57,246 ] 88 root - INFO - Hypothesis cs_005: float64, float64 
[ 2022-12-24 08:41:57,288 ] 88 root - INFO - Hypothesis cs_006: float64, float64 
[ 2022-12-24 08:41:57,299 ] 88 root - INFO - Hypothesis cs_007: float64, float64 
[ 2022-12-24 08:41:57,310 ] 88 root - INFO - Hypothesis cs_008: float64, float64 
[ 2022-12-24 08:41:57,317 ] 88 root - INFO - Hypothesis cs_009: float64, float64 
[ 2022-12-24 08:41:57,354 ] 88 root - INFO - Hypothesis dd_000: float64, float64 
[ 2022-12-24 08:41:57,397 ] 88 root - INFO - Hypothesis de_000: float64, float64 
[ 2022-12-24 08:41:57,405 ] 88 root - INFO - Hypothesis df_000: float64, float64 
[ 2022-12-24 08:41:57,443 ] 88 root - INFO - Hypothesis dg_000: float64, float64 
[ 2022-12-24 08:41:57,480 ] 88 root - INFO - Hypothesis dh_000: float64, float64 
[ 2022-12-24 08:41:57,486 ] 88 root - INFO - Hypothesis di_000: float64, float64 
[ 2022-12-24 08:41:57,492 ] 88 root - INFO - Hypothesis dj_000: float64, float64 
[ 2022-12-24 08:41:57,528 ] 88 root - INFO - Hypothesis dk_000: float64, float64 
[ 2022-12-24 08:41:57,566 ] 88 root - INFO - Hypothesis dl_000: float64, float64 
[ 2022-12-24 08:41:57,604 ] 88 root - INFO - Hypothesis dm_000: float64, float64 
[ 2022-12-24 08:41:57,640 ] 88 root - INFO - Hypothesis dn_000: float64, float64 
[ 2022-12-24 08:41:57,651 ] 88 root - INFO - Hypothesis do_000: float64, float64 
[ 2022-12-24 08:41:57,660 ] 88 root - INFO - Hypothesis dp_000: float64, float64 
[ 2022-12-24 08:41:57,701 ] 88 root - INFO - Hypothesis dq_000: float64, float64 
[ 2022-12-24 08:41:57,708 ] 88 root - INFO - Hypothesis dr_000: float64, float64 
[ 2022-12-24 08:41:57,714 ] 88 root - INFO - Hypothesis ds_000: float64, float64 
[ 2022-12-24 08:41:57,724 ] 88 root - INFO - Hypothesis dt_000: float64, float64 
[ 2022-12-24 08:41:57,734 ] 88 root - INFO - Hypothesis du_000: float64, float64 
[ 2022-12-24 08:41:57,744 ] 88 root - INFO - Hypothesis dv_000: float64, float64 
[ 2022-12-24 08:41:57,754 ] 88 root - INFO - Hypothesis dx_000: float64, float64 
[ 2022-12-24 08:41:57,761 ] 88 root - INFO - Hypothesis dy_000: float64, float64 
[ 2022-12-24 08:41:57,767 ] 88 root - INFO - Hypothesis dz_000: float64, float64 
[ 2022-12-24 08:41:57,804 ] 88 root - INFO - Hypothesis ea_000: float64, float64 
[ 2022-12-24 08:41:57,840 ] 88 root - INFO - Hypothesis eb_000: float64, float64 
[ 2022-12-24 08:41:57,849 ] 88 root - INFO - Hypothesis ec_00: float64, float64 
[ 2022-12-24 08:41:57,859 ] 88 root - INFO - Hypothesis ed_000: float64, float64 
[ 2022-12-24 08:41:57,867 ] 88 root - INFO - Hypothesis ee_000: float64, float64 
[ 2022-12-24 08:41:57,878 ] 88 root - INFO - Hypothesis ee_001: float64, float64 
[ 2022-12-24 08:41:57,921 ] 88 root - INFO - Hypothesis ee_002: float64, float64 
[ 2022-12-24 08:41:57,964 ] 88 root - INFO - Hypothesis ee_003: float64, float64 
[ 2022-12-24 08:41:58,009 ] 88 root - INFO - Hypothesis ee_004: float64, float64 
[ 2022-12-24 08:41:58,052 ] 88 root - INFO - Hypothesis ee_005: float64, float64 
[ 2022-12-24 08:41:58,094 ] 88 root - INFO - Hypothesis ee_006: float64, float64 
[ 2022-12-24 08:41:58,135 ] 88 root - INFO - Hypothesis ee_007: float64, float64 
[ 2022-12-24 08:41:58,177 ] 88 root - INFO - Hypothesis ee_008: float64, float64 
[ 2022-12-24 08:41:58,218 ] 88 root - INFO - Hypothesis ee_009: float64, float64 
[ 2022-12-24 08:41:58,259 ] 88 root - INFO - Hypothesis ef_000: float64, float64 
[ 2022-12-24 08:41:58,295 ] 88 root - INFO - Hypothesis eg_000: float64, float64 
[ 2022-12-24 08:41:58,332 ] 144 root - INFO - As all column are available in test df hence detecting data drift
[ 2022-12-24 08:41:58,332 ] 88 root - INFO - Hypothesis class: object, object 
[ 2022-12-24 08:41:58,407 ] 88 root - INFO - Hypothesis aa_000: float64, float64 
[ 2022-12-24 08:41:58,414 ] 88 root - INFO - Hypothesis ac_000: float64, float64 
[ 2022-12-24 08:41:58,419 ] 88 root - INFO - Hypothesis ae_000: float64, float64 
[ 2022-12-24 08:41:58,423 ] 88 root - INFO - Hypothesis af_000: float64, float64 
[ 2022-12-24 08:41:58,426 ] 88 root - INFO - Hypothesis ag_000: float64, float64 
[ 2022-12-24 08:41:58,441 ] 88 root - INFO - Hypothesis ag_001: float64, float64 
[ 2022-12-24 08:41:58,456 ] 88 root - INFO - Hypothesis ag_002: float64, float64 
[ 2022-12-24 08:41:58,472 ] 88 root - INFO - Hypothesis ag_003: float64, float64 
[ 2022-12-24 08:41:58,476 ] 88 root - INFO - Hypothesis ag_004: float64, float64 
[ 2022-12-24 08:41:58,483 ] 88 root - INFO - Hypothesis ag_005: float64, float64 
[ 2022-12-24 08:41:58,490 ] 88 root - INFO - Hypothesis ag_006: float64, float64 
[ 2022-12-24 08:41:58,497 ] 88 root - INFO - Hypothesis ag_007: float64, float64 
[ 2022-12-24 08:41:58,503 ] 88 root - INFO - Hypothesis ag_008: float64, float64 
[ 2022-12-24 08:41:58,509 ] 88 root - INFO - Hypothesis ag_009: float64, float64 
[ 2022-12-24 08:41:58,526 ] 88 root - INFO - Hypothesis ah_000: float64, float64 
[ 2022-12-24 08:41:58,533 ] 88 root - INFO - Hypothesis ai_000: float64, float64 
[ 2022-12-24 08:41:58,536 ] 88 root - INFO - Hypothesis aj_000: float64, float64 
[ 2022-12-24 08:41:58,552 ] 88 root - INFO - Hypothesis ak_000: float64, float64 
[ 2022-12-24 08:41:58,556 ] 88 root - INFO - Hypothesis al_000: float64, float64 
[ 2022-12-24 08:41:58,561 ] 88 root - INFO - Hypothesis am_0: float64, float64 
[ 2022-12-24 08:41:58,566 ] 88 root - INFO - Hypothesis an_000: float64, float64 
[ 2022-12-24 08:41:58,573 ] 88 root - INFO - Hypothesis ao_000: float64, float64 
[ 2022-12-24 08:41:58,580 ] 88 root - INFO - Hypothesis ap_000: float64, float64 
[ 2022-12-24 08:41:58,588 ] 88 root - INFO - Hypothesis aq_000: float64, float64 
[ 2022-12-24 08:41:58,595 ] 88 root - INFO - Hypothesis ar_000: float64, float64 
[ 2022-12-24 08:41:58,599 ] 88 root - INFO - Hypothesis as_000: float64, float64 
[ 2022-12-24 08:41:58,614 ] 88 root - INFO - Hypothesis at_000: float64, float64 
[ 2022-12-24 08:41:58,617 ] 88 root - INFO - Hypothesis au_000: float64, float64 
[ 2022-12-24 08:41:58,632 ] 88 root - INFO - Hypothesis av_000: float64, float64 
[ 2022-12-24 08:41:58,638 ] 88 root - INFO - Hypothesis ax_000: float64, float64 
[ 2022-12-24 08:41:58,643 ] 88 root - INFO - Hypothesis ay_000: float64, float64 
[ 2022-12-24 08:41:58,658 ] 88 root - INFO - Hypothesis ay_001: float64, float64 
[ 2022-12-24 08:41:58,674 ] 88 root - INFO - Hypothesis ay_002: float64, float64 
[ 2022-12-24 08:41:58,689 ] 88 root - INFO - Hypothesis ay_003: float64, float64 
[ 2022-12-24 08:41:58,704 ] 88 root - INFO - Hypothesis ay_004: float64, float64 
[ 2022-12-24 08:41:58,707 ] 88 root - INFO - Hypothesis ay_005: float64, float64 
[ 2022-12-24 08:41:58,712 ] 88 root - INFO - Hypothesis ay_006: float64, float64 
[ 2022-12-24 08:41:58,718 ] 88 root - INFO - Hypothesis ay_007: float64, float64 
[ 2022-12-24 08:41:58,725 ] 88 root - INFO - Hypothesis ay_008: float64, float64 
[ 2022-12-24 08:41:58,732 ] 88 root - INFO - Hypothesis ay_009: float64, float64 
[ 2022-12-24 08:41:58,747 ] 88 root - INFO - Hypothesis az_000: float64, float64 
[ 2022-12-24 08:41:58,753 ] 88 root - INFO - Hypothesis az_001: float64, float64 
[ 2022-12-24 08:41:58,759 ] 88 root - INFO - Hypothesis az_002: float64, float64 
[ 2022-12-24 08:41:58,766 ] 88 root - INFO - Hypothesis az_003: float64, float64 
[ 2022-12-24 08:41:58,772 ] 88 root - INFO - Hypothesis az_004: float64, float64 
[ 2022-12-24 08:41:58,779 ] 88 root - INFO - Hypothesis az_005: float64, float64 
[ 2022-12-24 08:41:58,786 ] 88 root - INFO - Hypothesis az_006: float64, float64 
[ 2022-12-24 08:41:58,792 ] 88 root - INFO - Hypothesis az_007: float64, float64 
[ 2022-12-24 08:41:58,796 ] 88 root - INFO - Hypothesis az_008: float64, float64 
[ 2022-12-24 08:41:58,800 ] 88 root - INFO - Hypothesis az_009: float64, float64 
[ 2022-12-24 08:41:58,815 ] 88 root - INFO - Hypothesis ba_000: float64, float64 
[ 2022-12-24 08:41:58,822 ] 88 root - INFO - Hypothesis ba_001: float64, float64 
[ 2022-12-24 08:41:58,829 ] 88 root - INFO - Hypothesis ba_002: float64, float64 
[ 2022-12-24 08:41:58,836 ] 88 root - INFO - Hypothesis ba_003: float64, float64 
[ 2022-12-24 08:41:58,843 ] 88 root - INFO - Hypothesis ba_004: float64, float64 
[ 2022-12-24 08:41:58,849 ] 88 root - INFO - Hypothesis ba_005: float64, float64 
[ 2022-12-24 08:41:58,856 ] 88 root - INFO - Hypothesis ba_006: float64, float64 
[ 2022-12-24 08:41:58,863 ] 88 root - INFO - Hypothesis ba_007: float64, float64 
[ 2022-12-24 08:41:58,870 ] 88 root - INFO - Hypothesis ba_008: float64, float64 
[ 2022-12-24 08:41:58,875 ] 88 root - INFO - Hypothesis ba_009: float64, float64 
[ 2022-12-24 08:41:58,879 ] 88 root - INFO - Hypothesis bb_000: float64, float64 
[ 2022-12-24 08:41:58,886 ] 88 root - INFO - Hypothesis bc_000: float64, float64 
[ 2022-12-24 08:41:58,891 ] 88 root - INFO - Hypothesis bd_000: float64, float64 
[ 2022-12-24 08:41:58,897 ] 88 root - INFO - Hypothesis be_000: float64, float64 
[ 2022-12-24 08:41:58,903 ] 88 root - INFO - Hypothesis bf_000: float64, float64 
[ 2022-12-24 08:41:58,908 ] 88 root - INFO - Hypothesis bg_000: float64, float64 
[ 2022-12-24 08:41:58,915 ] 88 root - INFO - Hypothesis bh_000: float64, float64 
[ 2022-12-24 08:41:58,922 ] 88 root - INFO - Hypothesis bi_000: float64, float64 
[ 2022-12-24 08:41:58,929 ] 88 root - INFO - Hypothesis bj_000: float64, float64 
[ 2022-12-24 08:41:58,936 ] 88 root - INFO - Hypothesis bs_000: float64, float64 
[ 2022-12-24 08:41:58,943 ] 88 root - INFO - Hypothesis bt_000: float64, float64 
[ 2022-12-24 08:41:58,950 ] 88 root - INFO - Hypothesis bu_000: float64, float64 
[ 2022-12-24 08:41:58,957 ] 88 root - INFO - Hypothesis bv_000: float64, float64 
[ 2022-12-24 08:41:58,964 ] 88 root - INFO - Hypothesis bx_000: float64, float64 
[ 2022-12-24 08:41:58,972 ] 88 root - INFO - Hypothesis by_000: float64, float64 
[ 2022-12-24 08:41:58,978 ] 88 root - INFO - Hypothesis bz_000: float64, float64 
[ 2022-12-24 08:41:58,984 ] 88 root - INFO - Hypothesis ca_000: float64, float64 
[ 2022-12-24 08:41:58,991 ] 88 root - INFO - Hypothesis cb_000: float64, float64 
[ 2022-12-24 08:41:58,999 ] 88 root - INFO - Hypothesis cc_000: float64, float64 
[ 2022-12-24 08:41:59,006 ] 88 root - INFO - Hypothesis cd_000: float64, float64 
[ 2022-12-24 08:41:59,021 ] 88 root - INFO - Hypothesis ce_000: float64, float64 
[ 2022-12-24 08:41:59,027 ] 88 root - INFO - Hypothesis ci_000: float64, float64 
[ 2022-12-24 08:41:59,034 ] 88 root - INFO - Hypothesis cj_000: float64, float64 
[ 2022-12-24 08:41:59,039 ] 88 root - INFO - Hypothesis ck_000: float64, float64 
[ 2022-12-24 08:41:59,046 ] 88 root - INFO - Hypothesis cl_000: float64, float64 
[ 2022-12-24 08:41:59,050 ] 88 root - INFO - Hypothesis cm_000: float64, float64 
[ 2022-12-24 08:41:59,054 ] 88 root - INFO - Hypothesis cn_000: float64, float64 
[ 2022-12-24 08:41:59,070 ] 88 root - INFO - Hypothesis cn_001: float64, float64 
[ 2022-12-24 08:41:59,074 ] 88 root - INFO - Hypothesis cn_002: float64, float64 
[ 2022-12-24 08:41:59,079 ] 88 root - INFO - Hypothesis cn_003: float64, float64 
[ 2022-12-24 08:41:59,086 ] 88 root - INFO - Hypothesis cn_004: float64, float64 
[ 2022-12-24 08:41:59,093 ] 88 root - INFO - Hypothesis cn_005: float64, float64 
[ 2022-12-24 08:41:59,100 ] 88 root - INFO - Hypothesis cn_006: float64, float64 
[ 2022-12-24 08:41:59,107 ] 88 root - INFO - Hypothesis cn_007: float64, float64 
[ 2022-12-24 08:41:59,113 ] 88 root - INFO - Hypothesis cn_008: float64, float64 
[ 2022-12-24 08:41:59,119 ] 88 root - INFO - Hypothesis cn_009: float64, float64 
[ 2022-12-24 08:41:59,124 ] 88 root - INFO - Hypothesis cp_000: float64, float64 
[ 2022-12-24 08:41:59,130 ] 88 root - INFO - Hypothesis cq_000: float64, float64 
[ 2022-12-24 08:41:59,137 ] 88 root - INFO - Hypothesis cs_000: float64, float64 
[ 2022-12-24 08:41:59,143 ] 88 root - INFO - Hypothesis cs_001: float64, float64 
[ 2022-12-24 08:41:59,149 ] 88 root - INFO - Hypothesis cs_002: float64, float64 
[ 2022-12-24 08:41:59,156 ] 88 root - INFO - Hypothesis cs_003: float64, float64 
[ 2022-12-24 08:41:59,162 ] 88 root - INFO - Hypothesis cs_004: float64, float64 
[ 2022-12-24 08:41:59,170 ] 88 root - INFO - Hypothesis cs_005: float64, float64 
[ 2022-12-24 08:41:59,176 ] 88 root - INFO - Hypothesis cs_006: float64, float64 
[ 2022-12-24 08:41:59,183 ] 88 root - INFO - Hypothesis cs_007: float64, float64 
[ 2022-12-24 08:41:59,190 ] 88 root - INFO - Hypothesis cs_008: float64, float64 
[ 2022-12-24 08:41:59,196 ] 88 root - INFO - Hypothesis cs_009: float64, float64 
[ 2022-12-24 08:41:59,211 ] 88 root - INFO - Hypothesis dd_000: float64, float64 
[ 2022-12-24 08:41:59,218 ] 88 root - INFO - Hypothesis de_000: float64, float64 
[ 2022-12-24 08:41:59,223 ] 88 root - INFO - Hypothesis df_000: float64, float64 
[ 2022-12-24 08:41:59,226 ] 88 root - INFO - Hypothesis dg_000: float64, float64 
[ 2022-12-24 08:41:59,230 ] 88 root - INFO - Hypothesis dh_000: float64, float64 
[ 2022-12-24 08:41:59,233 ] 88 root - INFO - Hypothesis di_000: float64, float64 
[ 2022-12-24 08:41:59,237 ] 88 root - INFO - Hypothesis dj_000: float64, float64 
[ 2022-12-24 08:41:59,241 ] 88 root - INFO - Hypothesis dk_000: float64, float64 
[ 2022-12-24 08:41:59,244 ] 88 root - INFO - Hypothesis dl_000: float64, float64 
[ 2022-12-24 08:41:59,247 ] 88 root - INFO - Hypothesis dm_000: float64, float64 
[ 2022-12-24 08:41:59,251 ] 88 root - INFO - Hypothesis dn_000: float64, float64 
[ 2022-12-24 08:41:59,258 ] 88 root - INFO - Hypothesis do_000: float64, float64 
[ 2022-12-24 08:41:59,264 ] 88 root - INFO - Hypothesis dp_000: float64, float64 
[ 2022-12-24 08:41:59,270 ] 88 root - INFO - Hypothesis dq_000: float64, float64 
[ 2022-12-24 08:41:59,275 ] 88 root - INFO - Hypothesis dr_000: float64, float64 
[ 2022-12-24 08:41:59,279 ] 88 root - INFO - Hypothesis ds_000: float64, float64 
[ 2022-12-24 08:41:59,286 ] 88 root - INFO - Hypothesis dt_000: float64, float64 
[ 2022-12-24 08:41:59,292 ] 88 root - INFO - Hypothesis du_000: float64, float64 
[ 2022-12-24 08:41:59,299 ] 88 root - INFO - Hypothesis dv_000: float64, float64 
[ 2022-12-24 08:41:59,306 ] 88 root - INFO - Hypothesis dx_000: float64, float64 
[ 2022-12-24 08:41:59,310 ] 88 root - INFO - Hypothesis dy_000: float64, float64 
[ 2022-12-24 08:41:59,316 ] 88 root - INFO - Hypothesis dz_000: float64, float64 
[ 2022-12-24 08:41:59,320 ] 88 root - INFO - Hypothesis ea_000: float64, float64 
[ 2022-12-24 08:41:59,323 ] 88 root - INFO - Hypothesis eb_000: float64, float64 
[ 2022-12-24 08:41:59,329 ] 88 root - INFO - Hypothesis ec_00: float64, float64 
[ 2022-12-24 08:41:59,335 ] 88 root - INFO - Hypothesis ed_000: float64, float64 
[ 2022-12-24 08:41:59,342 ] 88 root - INFO - Hypothesis ee_000: float64, float64 
[ 2022-12-24 08:41:59,349 ] 88 root - INFO - Hypothesis ee_001: float64, float64 
[ 2022-12-24 08:41:59,356 ] 88 root - INFO - Hypothesis ee_002: float64, float64 
[ 2022-12-24 08:41:59,363 ] 88 root - INFO - Hypothesis ee_003: float64, float64 
[ 2022-12-24 08:41:59,370 ] 88 root - INFO - Hypothesis ee_004: float64, float64 
[ 2022-12-24 08:41:59,377 ] 88 root - INFO - Hypothesis ee_005: float64, float64 
[ 2022-12-24 08:41:59,384 ] 88 root - INFO - Hypothesis ee_006: float64, float64 
[ 2022-12-24 08:41:59,394 ] 88 root - INFO - Hypothesis ee_007: float64, float64 
[ 2022-12-24 08:41:59,400 ] 88 root - INFO - Hypothesis ee_008: float64, float64 
[ 2022-12-24 08:41:59,406 ] 88 root - INFO - Hypothesis ee_009: float64, float64 
[ 2022-12-24 08:41:59,411 ] 88 root - INFO - Hypothesis ef_000: float64, float64 
[ 2022-12-24 08:41:59,415 ] 88 root - INFO - Hypothesis eg_000: float64, float64 
[ 2022-12-24 08:41:59,418 ] 148 root - INFO - Write reprt in yaml file
[ 2022-12-24 08:41:59,486 ] 153 root - INFO - Data validation artifact: DataValidationArtifact(report_file_path='/config/workspace/artifact/12242022__084123/data_validation/report.yaml')
[ 2022-12-24 08:41:59,488 ] 23 root - INFO - >>>>>>>>>>>>>>>>>>>>>>>>>>>>>>>>>>>>>>>> Data Transformation <<<<<<<<<<<<<<<<<<<<<<<<<<<<<<<<<<<<<<<<
[ 2022-12-24 08:42:00,392 ] 72 root - INFO - Before resampling in training set Input: (28950, 170) Target:(28950,)
[ 2022-12-24 08:42:06,128 ] 74 root - INFO - After resampling in training set Input: (56180, 170) Target:(56180,)
[ 2022-12-24 08:42:06,128 ] 76 root - INFO - Before resampling in testing set Input: (7238, 170) Target:(7238,)
[ 2022-12-24 08:42:06,701 ] 78 root - INFO - After resampling in testing set Input: (14004, 170) Target:(14004,)
[ 2022-12-24 08:42:06,807 ] 54 root - INFO - Entered the save_object method of utils
[ 2022-12-24 08:42:06,810 ] 58 root - INFO - Exited the save_object method of utils
[ 2022-12-24 08:42:06,810 ] 54 root - INFO - Entered the save_object method of utils
[ 2022-12-24 08:42:06,810 ] 58 root - INFO - Exited the save_object method of utils
[ 2022-12-24 08:42:06,810 ] 106 root - INFO - Data transformation object DataTransformationArtifact(transform_object_path='/config/workspace/artifact/12242022__084123/data_transformation/transformer/transformer.pkl', transformed_train_path='/config/workspace/artifact/12242022__084123/data_transformation/transformed/train.npz', transformed_test_path='/config/workspace/artifact/12242022__084123/data_transformation/transformed/test.npz', target_encoder_path='/config/workspace/artifact/12242022__084123/data_transformation/target_encoder/target_encoder.pkl')
[ 2022-12-24 08:42:06,812 ] 18 root - INFO - >>>>>>>>>>>>>>>>>>>>>>>>>>>>>>>>>>>>>>>> Model Trainer <<<<<<<<<<<<<<<<<<<<<<<<<<<<<<<<<<<<<<<<
[ 2022-12-24 08:42:06,812 ] 45 root - INFO - Loading train and test array.
