[ 2022-12-24 08:37:17,444 ] 22 root - INFO - Exporting collection data as pandas dataframe
[ 2022-12-24 08:37:17,445 ] 18 root - INFO - Reading data from database: aps and collection: sensor
[ 2022-12-24 08:37:20,765 ] 20 root - INFO - Found columns: Index(['_id', 'class', 'aa_000', 'ab_000', 'ac_000', 'ad_000', 'ae_000',
       'af_000', 'ag_000', 'ag_001',
       ...
       'ee_002', 'ee_003', 'ee_004', 'ee_005', 'ee_006', 'ee_007', 'ee_008',
       'ee_009', 'ef_000', 'eg_000'],
      dtype='object', length=172)
[ 2022-12-24 08:37:20,766 ] 22 root - INFO - Dropping column: _id 
[ 2022-12-24 08:37:20,961 ] 24 root - INFO - Row and columns in df: (36188, 171)
[ 2022-12-24 08:37:20,961 ] 28 root - INFO - Save data in feature store
[ 2022-12-24 08:37:21,490 ] 32 root - INFO - Create feature store folder if not available
[ 2022-12-24 08:37:21,491 ] 38 root - INFO - Save df to feature store folder
[ 2022-12-24 08:37:23,899 ] 42 root - INFO - split dataset into train and test set
[ 2022-12-24 08:37:24,402 ] 46 root - INFO - create dataset directory folder if not available
[ 2022-12-24 08:37:24,403 ] 51 root - INFO - Save df to feature store folder
[ 2022-12-24 08:37:26,563 ] 63 root - INFO - Data ingestion artifact: DataIngestionArtifact(feature_store_file_path='/config/workspace/artifact/12242022__083717/data_ingestion/feature_store/sensor.csv', train_file_path='/config/workspace/artifact/12242022__083717/data_ingestion/dataset/train.csv', test_file_path='/config/workspace/artifact/12242022__083717/data_ingestion/dataset/test.csv')
[ 2022-12-24 08:37:27,002 ] 22 root - INFO - Exporting collection data as pandas dataframe
[ 2022-12-24 08:37:27,002 ] 18 root - INFO - Reading data from database: aps and collection: sensor
[ 2022-12-24 08:37:30,365 ] 20 root - INFO - Found columns: Index(['_id', 'class', 'aa_000', 'ab_000', 'ac_000', 'ad_000', 'ae_000',
       'af_000', 'ag_000', 'ag_001',
       ...
       'ee_002', 'ee_003', 'ee_004', 'ee_005', 'ee_006', 'ee_007', 'ee_008',
       'ee_009', 'ef_000', 'eg_000'],
      dtype='object', length=172)
[ 2022-12-24 08:37:30,366 ] 22 root - INFO - Dropping column: _id 
[ 2022-12-24 08:37:30,561 ] 24 root - INFO - Row and columns in df: (36188, 171)
[ 2022-12-24 08:37:30,561 ] 28 root - INFO - Save data in feature store
[ 2022-12-24 08:37:31,091 ] 32 root - INFO - Create feature store folder if not available
[ 2022-12-24 08:37:31,091 ] 38 root - INFO - Save df to feature store folder
[ 2022-12-24 08:37:33,558 ] 42 root - INFO - split dataset into train and test set
[ 2022-12-24 08:37:34,098 ] 46 root - INFO - create dataset directory folder if not available
[ 2022-12-24 08:37:34,098 ] 51 root - INFO - Save df to feature store folder
[ 2022-12-24 08:37:36,354 ] 63 root - INFO - Data ingestion artifact: DataIngestionArtifact(feature_store_file_path='/config/workspace/artifact/12242022__083717/data_ingestion/feature_store/sensor.csv', train_file_path='/config/workspace/artifact/12242022__083717/data_ingestion/dataset/train.csv', test_file_path='/config/workspace/artifact/12242022__083717/data_ingestion/dataset/test.csv')
[ 2022-12-24 08:37:36,770 ] 22 root - INFO - >>>>>>>>>>>>>>>>>>>>>>>>>>>>>>>>>>>>>>>> Data Validation <<<<<<<<<<<<<<<<<<<<<<<<<<<<<<<<<<<<<<<<
[ 2022-12-24 08:37:36,770 ] 110 root - INFO - Reading base dataframe
[ 2022-12-24 08:37:39,639 ] 113 root - INFO - Replace na value in base df
[ 2022-12-24 08:37:39,639 ] 115 root - INFO - Drop null values colums from base df
[ 2022-12-24 08:37:40,588 ] 44 root - INFO - selecting column name which contains null above to 0.2
[ 2022-12-24 08:37:40,588 ] 47 root - INFO - Columns to drop: ['ab_000', 'ad_000', 'bk_000', 'bl_000', 'bm_000', 'bn_000', 'bo_000', 'bp_000', 'bq_000', 'br_000', 'cf_000', 'cg_000', 'ch_000', 'co_000', 'cr_000', 'ct_000', 'cu_000', 'cv_000', 'cx_000', 'cy_000', 'cz_000', 'da_000', 'db_000', 'dc_000']
[ 2022-12-24 08:37:40,669 ] 118 root - INFO - Reading train dataframe
[ 2022-12-24 08:37:41,061 ] 120 root - INFO - Reading test dataframe
[ 2022-12-24 08:37:41,160 ] 123 root - INFO - Drop null values colums from train df
[ 2022-12-24 08:37:41,172 ] 44 root - INFO - selecting column name which contains null above to 0.2
[ 2022-12-24 08:37:41,172 ] 47 root - INFO - Columns to drop: ['ab_000', 'ad_000', 'bk_000', 'bl_000', 'bm_000', 'bn_000', 'bo_000', 'bp_000', 'bq_000', 'br_000', 'cf_000', 'cg_000', 'ch_000', 'co_000', 'cr_000', 'ct_000', 'cu_000', 'cv_000', 'cx_000', 'cy_000', 'cz_000', 'da_000', 'db_000', 'dc_000']
[ 2022-12-24 08:37:41,181 ] 125 root - INFO - Drop null values colums from test df
[ 2022-12-24 08:37:41,185 ] 44 root - INFO - selecting column name which contains null above to 0.2
[ 2022-12-24 08:37:41,185 ] 47 root - INFO - Columns to drop: ['ab_000', 'ad_000', 'bk_000', 'bl_000', 'bm_000', 'bn_000', 'bo_000', 'bp_000', 'bq_000', 'br_000', 'cf_000', 'cg_000', 'ch_000', 'co_000', 'cr_000', 'ct_000', 'cu_000', 'cv_000', 'cx_000', 'cy_000', 'cz_000', 'da_000', 'db_000', 'dc_000']
[ 2022-12-24 08:37:47,217 ] 135 root - INFO - Is all required columns present in train df
[ 2022-12-24 08:37:47,218 ] 137 root - INFO - Is all required columns present in test df
[ 2022-12-24 08:37:47,218 ] 141 root - INFO - As all column are available in train df hence detecting data drift
[ 2022-12-24 08:37:47,218 ] 88 root - INFO - Hypothesis class: object, object 
[ 2022-12-24 08:37:47,352 ] 88 root - INFO - Hypothesis aa_000: float64, float64 
[ 2022-12-24 08:37:47,363 ] 88 root - INFO - Hypothesis ac_000: float64, float64 
[ 2022-12-24 08:37:47,371 ] 88 root - INFO - Hypothesis ae_000: float64, float64 
[ 2022-12-24 08:37:47,410 ] 88 root - INFO - Hypothesis af_000: float64, float64 
[ 2022-12-24 08:37:47,446 ] 88 root - INFO - Hypothesis ag_000: float64, float64 
[ 2022-12-24 08:37:47,481 ] 88 root - INFO - Hypothesis ag_001: float64, float64 
[ 2022-12-24 08:37:47,516 ] 88 root - INFO - Hypothesis ag_002: float64, float64 
[ 2022-12-24 08:37:47,552 ] 88 root - INFO - Hypothesis ag_003: float64, float64 
[ 2022-12-24 08:37:47,590 ] 88 root - INFO - Hypothesis ag_004: float64, float64 
[ 2022-12-24 08:37:47,600 ] 88 root - INFO - Hypothesis ag_005: float64, float64 
[ 2022-12-24 08:37:47,610 ] 88 root - INFO - Hypothesis ag_006: float64, float64 
[ 2022-12-24 08:37:47,621 ] 88 root - INFO - Hypothesis ag_007: float64, float64 
[ 2022-12-24 08:37:47,630 ] 88 root - INFO - Hypothesis ag_008: float64, float64 
[ 2022-12-24 08:37:47,639 ] 88 root - INFO - Hypothesis ag_009: float64, float64 
[ 2022-12-24 08:37:47,679 ] 88 root - INFO - Hypothesis ah_000: float64, float64 
[ 2022-12-24 08:37:47,690 ] 88 root - INFO - Hypothesis ai_000: float64, float64 
[ 2022-12-24 08:37:47,727 ] 88 root - INFO - Hypothesis aj_000: float64, float64 
[ 2022-12-24 08:37:47,765 ] 88 root - INFO - Hypothesis ak_000: float64, float64 
[ 2022-12-24 08:37:47,802 ] 88 root - INFO - Hypothesis al_000: float64, float64 
[ 2022-12-24 08:37:47,840 ] 88 root - INFO - Hypothesis am_0: float64, float64 
[ 2022-12-24 08:37:47,880 ] 88 root - INFO - Hypothesis an_000: float64, float64 
[ 2022-12-24 08:37:47,892 ] 88 root - INFO - Hypothesis ao_000: float64, float64 
[ 2022-12-24 08:37:47,903 ] 88 root - INFO - Hypothesis ap_000: float64, float64 
[ 2022-12-24 08:37:47,914 ] 88 root - INFO - Hypothesis aq_000: float64, float64 
[ 2022-12-24 08:37:47,924 ] 88 root - INFO - Hypothesis ar_000: float64, float64 
[ 2022-12-24 08:37:47,960 ] 88 root - INFO - Hypothesis as_000: float64, float64 
[ 2022-12-24 08:37:48,001 ] 88 root - INFO - Hypothesis at_000: float64, float64 
[ 2022-12-24 08:37:48,038 ] 88 root - INFO - Hypothesis au_000: float64, float64 
[ 2022-12-24 08:37:48,077 ] 88 root - INFO - Hypothesis av_000: float64, float64 
[ 2022-12-24 08:37:48,117 ] 88 root - INFO - Hypothesis ax_000: float64, float64 
[ 2022-12-24 08:37:48,125 ] 88 root - INFO - Hypothesis ay_000: float64, float64 
[ 2022-12-24 08:37:48,161 ] 88 root - INFO - Hypothesis ay_001: float64, float64 
[ 2022-12-24 08:37:48,196 ] 88 root - INFO - Hypothesis ay_002: float64, float64 
[ 2022-12-24 08:37:48,231 ] 88 root - INFO - Hypothesis ay_003: float64, float64 
[ 2022-12-24 08:37:48,267 ] 88 root - INFO - Hypothesis ay_004: float64, float64 
[ 2022-12-24 08:37:48,302 ] 88 root - INFO - Hypothesis ay_005: float64, float64 
[ 2022-12-24 08:37:48,310 ] 88 root - INFO - Hypothesis ay_006: float64, float64 
[ 2022-12-24 08:37:48,319 ] 88 root - INFO - Hypothesis ay_007: float64, float64 
[ 2022-12-24 08:37:48,329 ] 88 root - INFO - Hypothesis ay_008: float64, float64 
[ 2022-12-24 08:37:48,339 ] 88 root - INFO - Hypothesis ay_009: float64, float64 
[ 2022-12-24 08:37:48,377 ] 88 root - INFO - Hypothesis az_000: float64, float64 
[ 2022-12-24 08:37:48,388 ] 88 root - INFO - Hypothesis az_001: float64, float64 
[ 2022-12-24 08:37:48,397 ] 88 root - INFO - Hypothesis az_002: float64, float64 
[ 2022-12-24 08:37:48,406 ] 88 root - INFO - Hypothesis az_003: float64, float64 
[ 2022-12-24 08:37:48,416 ] 88 root - INFO - Hypothesis az_004: float64, float64 
[ 2022-12-24 08:37:48,426 ] 88 root - INFO - Hypothesis az_005: float64, float64 
[ 2022-12-24 08:37:48,437 ] 88 root - INFO - Hypothesis az_006: float64, float64 
[ 2022-12-24 08:37:48,476 ] 88 root - INFO - Hypothesis az_007: float64, float64 
[ 2022-12-24 08:37:48,514 ] 88 root - INFO - Hypothesis az_008: float64, float64 
[ 2022-12-24 08:37:48,550 ] 88 root - INFO - Hypothesis az_009: float64, float64 
[ 2022-12-24 08:37:48,585 ] 88 root - INFO - Hypothesis ba_000: float64, float64 
[ 2022-12-24 08:37:48,596 ] 88 root - INFO - Hypothesis ba_001: float64, float64 
[ 2022-12-24 08:37:48,606 ] 88 root - INFO - Hypothesis ba_002: float64, float64 
[ 2022-12-24 08:37:48,617 ] 88 root - INFO - Hypothesis ba_003: float64, float64 
[ 2022-12-24 08:37:48,627 ] 88 root - INFO - Hypothesis ba_004: float64, float64 
[ 2022-12-24 08:37:48,637 ] 88 root - INFO - Hypothesis ba_005: float64, float64 
[ 2022-12-24 08:37:48,647 ] 88 root - INFO - Hypothesis ba_006: float64, float64 
[ 2022-12-24 08:37:48,657 ] 88 root - INFO - Hypothesis ba_007: float64, float64 
[ 2022-12-24 08:37:48,667 ] 88 root - INFO - Hypothesis ba_008: float64, float64 
[ 2022-12-24 08:37:48,706 ] 88 root - INFO - Hypothesis ba_009: float64, float64 
[ 2022-12-24 08:37:48,745 ] 88 root - INFO - Hypothesis bb_000: float64, float64 
[ 2022-12-24 08:37:48,755 ] 88 root - INFO - Hypothesis bc_000: float64, float64 
[ 2022-12-24 08:37:48,763 ] 88 root - INFO - Hypothesis bd_000: float64, float64 
[ 2022-12-24 08:37:48,771 ] 88 root - INFO - Hypothesis be_000: float64, float64 
[ 2022-12-24 08:37:48,780 ] 88 root - INFO - Hypothesis bf_000: float64, float64 
[ 2022-12-24 08:37:48,787 ] 88 root - INFO - Hypothesis bg_000: float64, float64 
[ 2022-12-24 08:37:48,797 ] 88 root - INFO - Hypothesis bh_000: float64, float64 
[ 2022-12-24 08:37:48,807 ] 88 root - INFO - Hypothesis bi_000: float64, float64 
[ 2022-12-24 08:37:48,818 ] 88 root - INFO - Hypothesis bj_000: float64, float64 
[ 2022-12-24 08:37:48,829 ] 88 root - INFO - Hypothesis bs_000: float64, float64 
[ 2022-12-24 08:37:48,839 ] 88 root - INFO - Hypothesis bt_000: float64, float64 
[ 2022-12-24 08:37:48,850 ] 88 root - INFO - Hypothesis bu_000: float64, float64 
[ 2022-12-24 08:37:48,862 ] 88 root - INFO - Hypothesis bv_000: float64, float64 
[ 2022-12-24 08:37:48,872 ] 88 root - INFO - Hypothesis bx_000: float64, float64 
[ 2022-12-24 08:37:48,883 ] 88 root - INFO - Hypothesis by_000: float64, float64 
[ 2022-12-24 08:37:48,893 ] 88 root - INFO - Hypothesis bz_000: float64, float64 
[ 2022-12-24 08:37:48,902 ] 88 root - INFO - Hypothesis ca_000: float64, float64 
[ 2022-12-24 08:37:48,912 ] 88 root - INFO - Hypothesis cb_000: float64, float64 
[ 2022-12-24 08:37:48,923 ] 88 root - INFO - Hypothesis cc_000: float64, float64 
[ 2022-12-24 08:37:48,934 ] 88 root - INFO - Hypothesis cd_000: float64, float64 
[ 2022-12-24 08:37:48,972 ] 88 root - INFO - Hypothesis ce_000: float64, float64 
[ 2022-12-24 08:37:48,983 ] 88 root - INFO - Hypothesis ci_000: float64, float64 
[ 2022-12-24 08:37:48,994 ] 88 root - INFO - Hypothesis cj_000: float64, float64 
[ 2022-12-24 08:37:49,032 ] 88 root - INFO - Hypothesis ck_000: float64, float64 
[ 2022-12-24 08:37:49,042 ] 88 root - INFO - Hypothesis cl_000: float64, float64 
[ 2022-12-24 08:37:49,079 ] 88 root - INFO - Hypothesis cm_000: float64, float64 
[ 2022-12-24 08:37:49,118 ] 88 root - INFO - Hypothesis cn_000: float64, float64 
[ 2022-12-24 08:37:49,154 ] 88 root - INFO - Hypothesis cn_001: float64, float64 
[ 2022-12-24 08:37:49,191 ] 88 root - INFO - Hypothesis cn_002: float64, float64 
[ 2022-12-24 08:37:49,231 ] 88 root - INFO - Hypothesis cn_003: float64, float64 
[ 2022-12-24 08:37:49,242 ] 88 root - INFO - Hypothesis cn_004: float64, float64 
[ 2022-12-24 08:37:49,252 ] 88 root - INFO - Hypothesis cn_005: float64, float64 
[ 2022-12-24 08:37:49,263 ] 88 root - INFO - Hypothesis cn_006: float64, float64 
[ 2022-12-24 08:37:49,273 ] 88 root - INFO - Hypothesis cn_007: float64, float64 
[ 2022-12-24 08:37:49,284 ] 88 root - INFO - Hypothesis cn_008: float64, float64 
[ 2022-12-24 08:37:49,293 ] 88 root - INFO - Hypothesis cn_009: float64, float64 
[ 2022-12-24 08:37:49,301 ] 88 root - INFO - Hypothesis cp_000: float64, float64 
[ 2022-12-24 08:37:49,309 ] 88 root - INFO - Hypothesis cq_000: float64, float64 
[ 2022-12-24 08:37:49,319 ] 88 root - INFO - Hypothesis cs_000: float64, float64 
[ 2022-12-24 08:37:49,329 ] 88 root - INFO - Hypothesis cs_001: float64, float64 
[ 2022-12-24 08:37:49,337 ] 88 root - INFO - Hypothesis cs_002: float64, float64 
[ 2022-12-24 08:37:49,347 ] 88 root - INFO - Hypothesis cs_003: float64, float64 
[ 2022-12-24 08:37:49,358 ] 88 root - INFO - Hypothesis cs_004: float64, float64 
[ 2022-12-24 08:37:49,370 ] 88 root - INFO - Hypothesis cs_005: float64, float64 
[ 2022-12-24 08:37:49,380 ] 88 root - INFO - Hypothesis cs_006: float64, float64 
[ 2022-12-24 08:37:49,391 ] 88 root - INFO - Hypothesis cs_007: float64, float64 
[ 2022-12-24 08:37:49,401 ] 88 root - INFO - Hypothesis cs_008: float64, float64 
[ 2022-12-24 08:37:49,409 ] 88 root - INFO - Hypothesis cs_009: float64, float64 
[ 2022-12-24 08:37:49,444 ] 88 root - INFO - Hypothesis dd_000: float64, float64 
[ 2022-12-24 08:37:49,453 ] 88 root - INFO - Hypothesis de_000: float64, float64 
[ 2022-12-24 08:37:49,462 ] 88 root - INFO - Hypothesis df_000: float64, float64 
[ 2022-12-24 08:37:49,497 ] 88 root - INFO - Hypothesis dg_000: float64, float64 
[ 2022-12-24 08:37:49,533 ] 88 root - INFO - Hypothesis dh_000: float64, float64 
[ 2022-12-24 08:37:49,569 ] 88 root - INFO - Hypothesis di_000: float64, float64 
[ 2022-12-24 08:37:49,606 ] 88 root - INFO - Hypothesis dj_000: float64, float64 
[ 2022-12-24 08:37:49,643 ] 88 root - INFO - Hypothesis dk_000: float64, float64 
[ 2022-12-24 08:37:49,679 ] 88 root - INFO - Hypothesis dl_000: float64, float64 
[ 2022-12-24 08:37:49,715 ] 88 root - INFO - Hypothesis dm_000: float64, float64 
[ 2022-12-24 08:37:49,751 ] 88 root - INFO - Hypothesis dn_000: float64, float64 
[ 2022-12-24 08:37:49,761 ] 88 root - INFO - Hypothesis do_000: float64, float64 
[ 2022-12-24 08:37:49,771 ] 88 root - INFO - Hypothesis dp_000: float64, float64 
[ 2022-12-24 08:37:49,781 ] 88 root - INFO - Hypothesis dq_000: float64, float64 
[ 2022-12-24 08:37:49,819 ] 88 root - INFO - Hypothesis dr_000: float64, float64 
[ 2022-12-24 08:37:49,857 ] 88 root - INFO - Hypothesis ds_000: float64, float64 
[ 2022-12-24 08:37:49,867 ] 88 root - INFO - Hypothesis dt_000: float64, float64 
[ 2022-12-24 08:37:49,877 ] 88 root - INFO - Hypothesis du_000: float64, float64 
[ 2022-12-24 08:37:49,887 ] 88 root - INFO - Hypothesis dv_000: float64, float64 
[ 2022-12-24 08:37:49,897 ] 88 root - INFO - Hypothesis dx_000: float64, float64 
[ 2022-12-24 08:37:49,904 ] 88 root - INFO - Hypothesis dy_000: float64, float64 
[ 2022-12-24 08:37:49,911 ] 88 root - INFO - Hypothesis dz_000: float64, float64 
[ 2022-12-24 08:37:49,947 ] 88 root - INFO - Hypothesis ea_000: float64, float64 
[ 2022-12-24 08:37:49,987 ] 88 root - INFO - Hypothesis eb_000: float64, float64 
[ 2022-12-24 08:37:49,996 ] 88 root - INFO - Hypothesis ec_00: float64, float64 
[ 2022-12-24 08:37:50,006 ] 88 root - INFO - Hypothesis ed_000: float64, float64 
[ 2022-12-24 08:37:50,015 ] 88 root - INFO - Hypothesis ee_000: float64, float64 
[ 2022-12-24 08:37:50,026 ] 88 root - INFO - Hypothesis ee_001: float64, float64 
[ 2022-12-24 08:37:50,036 ] 88 root - INFO - Hypothesis ee_002: float64, float64 
[ 2022-12-24 08:37:50,047 ] 88 root - INFO - Hypothesis ee_003: float64, float64 
[ 2022-12-24 08:37:50,057 ] 88 root - INFO - Hypothesis ee_004: float64, float64 
[ 2022-12-24 08:37:50,067 ] 88 root - INFO - Hypothesis ee_005: float64, float64 
[ 2022-12-24 08:37:50,077 ] 88 root - INFO - Hypothesis ee_006: float64, float64 
[ 2022-12-24 08:37:50,087 ] 88 root - INFO - Hypothesis ee_007: float64, float64 
[ 2022-12-24 08:37:50,096 ] 88 root - INFO - Hypothesis ee_008: float64, float64 
[ 2022-12-24 08:37:50,105 ] 88 root - INFO - Hypothesis ee_009: float64, float64 
[ 2022-12-24 08:37:50,113 ] 88 root - INFO - Hypothesis ef_000: float64, float64 
[ 2022-12-24 08:37:50,149 ] 88 root - INFO - Hypothesis eg_000: float64, float64 
[ 2022-12-24 08:37:50,185 ] 144 root - INFO - As all column are available in test df hence detecting data drift
[ 2022-12-24 08:37:50,185 ] 88 root - INFO - Hypothesis class: object, object 
[ 2022-12-24 08:37:50,257 ] 88 root - INFO - Hypothesis aa_000: float64, float64 
[ 2022-12-24 08:37:50,264 ] 88 root - INFO - Hypothesis ac_000: float64, float64 
[ 2022-12-24 08:37:50,269 ] 88 root - INFO - Hypothesis ae_000: float64, float64 
[ 2022-12-24 08:37:50,284 ] 88 root - INFO - Hypothesis af_000: float64, float64 
[ 2022-12-24 08:37:50,299 ] 88 root - INFO - Hypothesis ag_000: float64, float64 
[ 2022-12-24 08:37:50,314 ] 88 root - INFO - Hypothesis ag_001: float64, float64 
[ 2022-12-24 08:37:50,330 ] 88 root - INFO - Hypothesis ag_002: float64, float64 
[ 2022-12-24 08:37:50,345 ] 88 root - INFO - Hypothesis ag_003: float64, float64 
[ 2022-12-24 08:37:50,349 ] 88 root - INFO - Hypothesis ag_004: float64, float64 
[ 2022-12-24 08:37:50,356 ] 88 root - INFO - Hypothesis ag_005: float64, float64 
[ 2022-12-24 08:37:50,363 ] 88 root - INFO - Hypothesis ag_006: float64, float64 
[ 2022-12-24 08:37:50,370 ] 88 root - INFO - Hypothesis ag_007: float64, float64 
[ 2022-12-24 08:37:50,386 ] 88 root - INFO - Hypothesis ag_008: float64, float64 
[ 2022-12-24 08:37:50,392 ] 88 root - INFO - Hypothesis ag_009: float64, float64 
[ 2022-12-24 08:37:50,396 ] 88 root - INFO - Hypothesis ah_000: float64, float64 
[ 2022-12-24 08:37:50,403 ] 88 root - INFO - Hypothesis ai_000: float64, float64 
[ 2022-12-24 08:37:50,419 ] 88 root - INFO - Hypothesis aj_000: float64, float64 
[ 2022-12-24 08:37:50,423 ] 88 root - INFO - Hypothesis ak_000: float64, float64 
[ 2022-12-24 08:37:50,426 ] 88 root - INFO - Hypothesis al_000: float64, float64 
[ 2022-12-24 08:37:50,431 ] 88 root - INFO - Hypothesis am_0: float64, float64 
[ 2022-12-24 08:37:50,448 ] 88 root - INFO - Hypothesis an_000: float64, float64 
[ 2022-12-24 08:37:50,455 ] 88 root - INFO - Hypothesis ao_000: float64, float64 
[ 2022-12-24 08:37:50,462 ] 88 root - INFO - Hypothesis ap_000: float64, float64 
[ 2022-12-24 08:37:50,470 ] 88 root - INFO - Hypothesis aq_000: float64, float64 
[ 2022-12-24 08:37:50,487 ] 88 root - INFO - Hypothesis ar_000: float64, float64 
[ 2022-12-24 08:37:50,502 ] 88 root - INFO - Hypothesis as_000: float64, float64 
[ 2022-12-24 08:37:50,517 ] 88 root - INFO - Hypothesis at_000: float64, float64 
[ 2022-12-24 08:37:50,520 ] 88 root - INFO - Hypothesis au_000: float64, float64 
[ 2022-12-24 08:37:50,535 ] 88 root - INFO - Hypothesis av_000: float64, float64 
[ 2022-12-24 08:37:50,541 ] 88 root - INFO - Hypothesis ax_000: float64, float64 
[ 2022-12-24 08:37:50,546 ] 88 root - INFO - Hypothesis ay_000: float64, float64 
[ 2022-12-24 08:37:50,560 ] 88 root - INFO - Hypothesis ay_001: float64, float64 
[ 2022-12-24 08:37:50,576 ] 88 root - INFO - Hypothesis ay_002: float64, float64 
[ 2022-12-24 08:37:50,591 ] 88 root - INFO - Hypothesis ay_003: float64, float64 
[ 2022-12-24 08:37:50,606 ] 88 root - INFO - Hypothesis ay_004: float64, float64 
[ 2022-12-24 08:37:50,621 ] 88 root - INFO - Hypothesis ay_005: float64, float64 
[ 2022-12-24 08:37:50,626 ] 88 root - INFO - Hypothesis ay_006: float64, float64 
[ 2022-12-24 08:37:50,632 ] 88 root - INFO - Hypothesis ay_007: float64, float64 
[ 2022-12-24 08:37:50,639 ] 88 root - INFO - Hypothesis ay_008: float64, float64 
[ 2022-12-24 08:37:50,646 ] 88 root - INFO - Hypothesis ay_009: float64, float64 
[ 2022-12-24 08:37:50,660 ] 88 root - INFO - Hypothesis az_000: float64, float64 
[ 2022-12-24 08:37:50,667 ] 88 root - INFO - Hypothesis az_001: float64, float64 
[ 2022-12-24 08:37:50,673 ] 88 root - INFO - Hypothesis az_002: float64, float64 
[ 2022-12-24 08:37:50,679 ] 88 root - INFO - Hypothesis az_003: float64, float64 
[ 2022-12-24 08:37:50,686 ] 88 root - INFO - Hypothesis az_004: float64, float64 
[ 2022-12-24 08:37:50,693 ] 88 root - INFO - Hypothesis az_005: float64, float64 
[ 2022-12-24 08:37:50,700 ] 88 root - INFO - Hypothesis az_006: float64, float64 
[ 2022-12-24 08:37:50,706 ] 88 root - INFO - Hypothesis az_007: float64, float64 
[ 2022-12-24 08:37:50,710 ] 88 root - INFO - Hypothesis az_008: float64, float64 
[ 2022-12-24 08:37:50,714 ] 88 root - INFO - Hypothesis az_009: float64, float64 
[ 2022-12-24 08:37:50,728 ] 88 root - INFO - Hypothesis ba_000: float64, float64 
[ 2022-12-24 08:37:50,735 ] 88 root - INFO - Hypothesis ba_001: float64, float64 
[ 2022-12-24 08:37:50,742 ] 88 root - INFO - Hypothesis ba_002: float64, float64 
[ 2022-12-24 08:37:50,750 ] 88 root - INFO - Hypothesis ba_003: float64, float64 
[ 2022-12-24 08:37:50,761 ] 88 root - INFO - Hypothesis ba_004: float64, float64 
[ 2022-12-24 08:37:50,778 ] 88 root - INFO - Hypothesis ba_005: float64, float64 
[ 2022-12-24 08:37:50,785 ] 88 root - INFO - Hypothesis ba_006: float64, float64 
[ 2022-12-24 08:37:50,792 ] 88 root - INFO - Hypothesis ba_007: float64, float64 
[ 2022-12-24 08:37:50,798 ] 88 root - INFO - Hypothesis ba_008: float64, float64 
[ 2022-12-24 08:37:50,804 ] 88 root - INFO - Hypothesis ba_009: float64, float64 
[ 2022-12-24 08:37:50,808 ] 88 root - INFO - Hypothesis bb_000: float64, float64 
[ 2022-12-24 08:37:50,815 ] 88 root - INFO - Hypothesis bc_000: float64, float64 
[ 2022-12-24 08:37:50,821 ] 88 root - INFO - Hypothesis bd_000: float64, float64 
[ 2022-12-24 08:37:50,826 ] 88 root - INFO - Hypothesis be_000: float64, float64 
[ 2022-12-24 08:37:50,832 ] 88 root - INFO - Hypothesis bf_000: float64, float64 
[ 2022-12-24 08:37:50,837 ] 88 root - INFO - Hypothesis bg_000: float64, float64 
[ 2022-12-24 08:37:50,844 ] 88 root - INFO - Hypothesis bh_000: float64, float64 
[ 2022-12-24 08:37:50,851 ] 88 root - INFO - Hypothesis bi_000: float64, float64 
[ 2022-12-24 08:37:50,868 ] 88 root - INFO - Hypothesis bj_000: float64, float64 
[ 2022-12-24 08:37:50,886 ] 88 root - INFO - Hypothesis bs_000: float64, float64 
[ 2022-12-24 08:37:50,894 ] 88 root - INFO - Hypothesis bt_000: float64, float64 
[ 2022-12-24 08:37:50,901 ] 88 root - INFO - Hypothesis bu_000: float64, float64 
[ 2022-12-24 08:37:50,908 ] 88 root - INFO - Hypothesis bv_000: float64, float64 
[ 2022-12-24 08:37:50,915 ] 88 root - INFO - Hypothesis bx_000: float64, float64 
[ 2022-12-24 08:37:50,922 ] 88 root - INFO - Hypothesis by_000: float64, float64 
[ 2022-12-24 08:37:50,929 ] 88 root - INFO - Hypothesis bz_000: float64, float64 
[ 2022-12-24 08:37:50,935 ] 88 root - INFO - Hypothesis ca_000: float64, float64 
[ 2022-12-24 08:37:50,943 ] 88 root - INFO - Hypothesis cb_000: float64, float64 
[ 2022-12-24 08:37:50,952 ] 88 root - INFO - Hypothesis cc_000: float64, float64 
[ 2022-12-24 08:37:50,960 ] 88 root - INFO - Hypothesis cd_000: float64, float64 
[ 2022-12-24 08:37:50,977 ] 88 root - INFO - Hypothesis ce_000: float64, float64 
[ 2022-12-24 08:37:50,985 ] 88 root - INFO - Hypothesis ci_000: float64, float64 
[ 2022-12-24 08:37:50,992 ] 88 root - INFO - Hypothesis cj_000: float64, float64 
[ 2022-12-24 08:37:50,996 ] 88 root - INFO - Hypothesis ck_000: float64, float64 
[ 2022-12-24 08:37:51,005 ] 88 root - INFO - Hypothesis cl_000: float64, float64 
[ 2022-12-24 08:37:51,021 ] 88 root - INFO - Hypothesis cm_000: float64, float64 
[ 2022-12-24 08:37:51,027 ] 88 root - INFO - Hypothesis cn_000: float64, float64 
[ 2022-12-24 08:37:51,042 ] 88 root - INFO - Hypothesis cn_001: float64, float64 
[ 2022-12-24 08:37:51,046 ] 88 root - INFO - Hypothesis cn_002: float64, float64 
[ 2022-12-24 08:37:51,052 ] 88 root - INFO - Hypothesis cn_003: float64, float64 
[ 2022-12-24 08:37:51,059 ] 88 root - INFO - Hypothesis cn_004: float64, float64 
[ 2022-12-24 08:37:51,066 ] 88 root - INFO - Hypothesis cn_005: float64, float64 
[ 2022-12-24 08:37:51,073 ] 88 root - INFO - Hypothesis cn_006: float64, float64 
[ 2022-12-24 08:37:51,080 ] 88 root - INFO - Hypothesis cn_007: float64, float64 
[ 2022-12-24 08:37:51,087 ] 88 root - INFO - Hypothesis cn_008: float64, float64 
[ 2022-12-24 08:37:51,093 ] 88 root - INFO - Hypothesis cn_009: float64, float64 
[ 2022-12-24 08:37:51,100 ] 88 root - INFO - Hypothesis cp_000: float64, float64 
[ 2022-12-24 08:37:51,106 ] 88 root - INFO - Hypothesis cq_000: float64, float64 
[ 2022-12-24 08:37:51,114 ] 88 root - INFO - Hypothesis cs_000: float64, float64 
[ 2022-12-24 08:37:51,121 ] 88 root - INFO - Hypothesis cs_001: float64, float64 
[ 2022-12-24 08:37:51,137 ] 88 root - INFO - Hypothesis cs_002: float64, float64 
[ 2022-12-24 08:37:51,144 ] 88 root - INFO - Hypothesis cs_003: float64, float64 
[ 2022-12-24 08:37:51,151 ] 88 root - INFO - Hypothesis cs_004: float64, float64 
[ 2022-12-24 08:37:51,158 ] 88 root - INFO - Hypothesis cs_005: float64, float64 
[ 2022-12-24 08:37:51,165 ] 88 root - INFO - Hypothesis cs_006: float64, float64 
[ 2022-12-24 08:37:51,172 ] 88 root - INFO - Hypothesis cs_007: float64, float64 
[ 2022-12-24 08:37:51,179 ] 88 root - INFO - Hypothesis cs_008: float64, float64 
[ 2022-12-24 08:37:51,184 ] 88 root - INFO - Hypothesis cs_009: float64, float64 
[ 2022-12-24 08:37:51,199 ] 88 root - INFO - Hypothesis dd_000: float64, float64 
[ 2022-12-24 08:37:51,205 ] 88 root - INFO - Hypothesis de_000: float64, float64 
[ 2022-12-24 08:37:51,211 ] 88 root - INFO - Hypothesis df_000: float64, float64 
[ 2022-12-24 08:37:51,226 ] 88 root - INFO - Hypothesis dg_000: float64, float64 
[ 2022-12-24 08:37:51,241 ] 88 root - INFO - Hypothesis dh_000: float64, float64 
[ 2022-12-24 08:37:51,257 ] 88 root - INFO - Hypothesis di_000: float64, float64 
[ 2022-12-24 08:37:51,261 ] 88 root - INFO - Hypothesis dj_000: float64, float64 
[ 2022-12-24 08:37:51,276 ] 88 root - INFO - Hypothesis dk_000: float64, float64 
[ 2022-12-24 08:37:51,292 ] 88 root - INFO - Hypothesis dl_000: float64, float64 
[ 2022-12-24 08:37:51,307 ] 88 root - INFO - Hypothesis dm_000: float64, float64 
[ 2022-12-24 08:37:51,322 ] 88 root - INFO - Hypothesis dn_000: float64, float64 
[ 2022-12-24 08:37:51,339 ] 88 root - INFO - Hypothesis do_000: float64, float64 
[ 2022-12-24 08:37:51,348 ] 88 root - INFO - Hypothesis dp_000: float64, float64 
[ 2022-12-24 08:37:51,354 ] 88 root - INFO - Hypothesis dq_000: float64, float64 
[ 2022-12-24 08:37:51,359 ] 88 root - INFO - Hypothesis dr_000: float64, float64 
[ 2022-12-24 08:37:51,363 ] 88 root - INFO - Hypothesis ds_000: float64, float64 
[ 2022-12-24 08:37:51,370 ] 88 root - INFO - Hypothesis dt_000: float64, float64 
[ 2022-12-24 08:37:51,377 ] 88 root - INFO - Hypothesis du_000: float64, float64 
[ 2022-12-24 08:37:51,383 ] 88 root - INFO - Hypothesis dv_000: float64, float64 
[ 2022-12-24 08:37:51,390 ] 88 root - INFO - Hypothesis dx_000: float64, float64 
[ 2022-12-24 08:37:51,395 ] 88 root - INFO - Hypothesis dy_000: float64, float64 
[ 2022-12-24 08:37:51,400 ] 88 root - INFO - Hypothesis dz_000: float64, float64 
[ 2022-12-24 08:37:51,415 ] 88 root - INFO - Hypothesis ea_000: float64, float64 
[ 2022-12-24 08:37:51,430 ] 88 root - INFO - Hypothesis eb_000: float64, float64 
[ 2022-12-24 08:37:51,435 ] 88 root - INFO - Hypothesis ec_00: float64, float64 
[ 2022-12-24 08:37:51,442 ] 88 root - INFO - Hypothesis ed_000: float64, float64 
[ 2022-12-24 08:37:51,448 ] 88 root - INFO - Hypothesis ee_000: float64, float64 
[ 2022-12-24 08:37:51,455 ] 88 root - INFO - Hypothesis ee_001: float64, float64 
[ 2022-12-24 08:37:51,462 ] 88 root - INFO - Hypothesis ee_002: float64, float64 
[ 2022-12-24 08:37:51,469 ] 88 root - INFO - Hypothesis ee_003: float64, float64 
[ 2022-12-24 08:37:51,477 ] 88 root - INFO - Hypothesis ee_004: float64, float64 
[ 2022-12-24 08:37:51,484 ] 88 root - INFO - Hypothesis ee_005: float64, float64 
[ 2022-12-24 08:37:51,491 ] 88 root - INFO - Hypothesis ee_006: float64, float64 
[ 2022-12-24 08:37:51,499 ] 88 root - INFO - Hypothesis ee_007: float64, float64 
[ 2022-12-24 08:37:51,506 ] 88 root - INFO - Hypothesis ee_008: float64, float64 
[ 2022-12-24 08:37:51,512 ] 88 root - INFO - Hypothesis ee_009: float64, float64 
[ 2022-12-24 08:37:51,518 ] 88 root - INFO - Hypothesis ef_000: float64, float64 
[ 2022-12-24 08:37:51,533 ] 88 root - INFO - Hypothesis eg_000: float64, float64 
[ 2022-12-24 08:37:51,548 ] 148 root - INFO - Write reprt in yaml file
[ 2022-12-24 08:37:51,615 ] 153 root - INFO - Data validation artifact: DataValidationArtifact(report_file_path='/config/workspace/artifact/12242022__083717/data_validation/report.yaml')
[ 2022-12-24 08:37:51,618 ] 23 root - INFO - >>>>>>>>>>>>>>>>>>>>>>>>>>>>>>>>>>>>>>>> Data Transformation <<<<<<<<<<<<<<<<<<<<<<<<<<<<<<<<<<<<<<<<
[ 2022-12-24 08:37:52,522 ] 72 root - INFO - Before resampling in training set Input: (28950, 170) Target:(28950,)
[ 2022-12-24 08:37:58,352 ] 74 root - INFO - After resampling in training set Input: (56212, 170) Target:(56212,)
[ 2022-12-24 08:37:58,352 ] 76 root - INFO - Before resampling in testing set Input: (7238, 170) Target:(7238,)
[ 2022-12-24 08:37:59,462 ] 78 root - INFO - After resampling in testing set Input: (14014, 170) Target:(14014,)
