[ 2022-12-24 16:14:33,647 ] 22 root - INFO - Exporting collection data as pandas dataframe
[ 2022-12-24 16:14:33,647 ] 18 root - INFO - Reading data from database: aps and collection: sensor
[ 2022-12-24 16:14:38,085 ] 20 root - INFO - Found columns: Index(['_id', 'class', 'aa_000', 'ab_000', 'ac_000', 'ad_000', 'ae_000',
       'af_000', 'ag_000', 'ag_001',
       ...
       'ee_002', 'ee_003', 'ee_004', 'ee_005', 'ee_006', 'ee_007', 'ee_008',
       'ee_009', 'ef_000', 'eg_000'],
      dtype='object', length=172)
[ 2022-12-24 16:14:38,086 ] 22 root - INFO - Dropping column: _id 
[ 2022-12-24 16:14:38,312 ] 24 root - INFO - Row and columns in df: (36188, 171)
[ 2022-12-24 16:14:38,312 ] 28 root - INFO - Save data in feature store
[ 2022-12-24 16:14:38,842 ] 32 root - INFO - Create feature store folder if not available
[ 2022-12-24 16:14:38,843 ] 38 root - INFO - Save df to feature store folder
[ 2022-12-24 16:14:41,407 ] 42 root - INFO - split dataset into train and test set
[ 2022-12-24 16:14:42,058 ] 46 root - INFO - create dataset directory folder if not available
[ 2022-12-24 16:14:42,058 ] 51 root - INFO - Save df to feature store folder
[ 2022-12-24 16:14:44,320 ] 63 root - INFO - Data ingestion artifact: DataIngestionArtifact(feature_store_file_path='/config/workspace/artifact/12242022__161433/data_ingestion/feature_store/sensor.csv', train_file_path='/config/workspace/artifact/12242022__161433/data_ingestion/dataset/train.csv', test_file_path='/config/workspace/artifact/12242022__161433/data_ingestion/dataset/test.csv')
[ 2022-12-24 16:14:44,736 ] 22 root - INFO - Exporting collection data as pandas dataframe
[ 2022-12-24 16:14:44,736 ] 18 root - INFO - Reading data from database: aps and collection: sensor
[ 2022-12-24 16:14:48,385 ] 20 root - INFO - Found columns: Index(['_id', 'class', 'aa_000', 'ab_000', 'ac_000', 'ad_000', 'ae_000',
       'af_000', 'ag_000', 'ag_001',
       ...
       'ee_002', 'ee_003', 'ee_004', 'ee_005', 'ee_006', 'ee_007', 'ee_008',
       'ee_009', 'ef_000', 'eg_000'],
      dtype='object', length=172)
[ 2022-12-24 16:14:48,385 ] 22 root - INFO - Dropping column: _id 
[ 2022-12-24 16:14:48,583 ] 24 root - INFO - Row and columns in df: (36188, 171)
[ 2022-12-24 16:14:48,583 ] 28 root - INFO - Save data in feature store
[ 2022-12-24 16:14:49,136 ] 32 root - INFO - Create feature store folder if not available
[ 2022-12-24 16:14:49,137 ] 38 root - INFO - Save df to feature store folder
[ 2022-12-24 16:14:51,699 ] 42 root - INFO - split dataset into train and test set
[ 2022-12-24 16:14:52,301 ] 46 root - INFO - create dataset directory folder if not available
[ 2022-12-24 16:14:52,301 ] 51 root - INFO - Save df to feature store folder
[ 2022-12-24 16:14:54,496 ] 63 root - INFO - Data ingestion artifact: DataIngestionArtifact(feature_store_file_path='/config/workspace/artifact/12242022__161433/data_ingestion/feature_store/sensor.csv', train_file_path='/config/workspace/artifact/12242022__161433/data_ingestion/dataset/train.csv', test_file_path='/config/workspace/artifact/12242022__161433/data_ingestion/dataset/test.csv')
[ 2022-12-24 16:14:54,899 ] 22 root - INFO - >>>>>>>>>>>>>>>>>>>>>>>>>>>>>>>>>>>>>>>> Data Validation <<<<<<<<<<<<<<<<<<<<<<<<<<<<<<<<<<<<<<<<
[ 2022-12-24 16:14:54,899 ] 110 root - INFO - Reading base dataframe
[ 2022-12-24 16:14:57,912 ] 113 root - INFO - Replace na value in base df
[ 2022-12-24 16:14:57,913 ] 115 root - INFO - Drop null values colums from base df
[ 2022-12-24 16:14:58,961 ] 44 root - INFO - selecting column name which contains null above to 0.2
[ 2022-12-24 16:14:58,961 ] 47 root - INFO - Columns to drop: ['ab_000', 'ad_000', 'bk_000', 'bl_000', 'bm_000', 'bn_000', 'bo_000', 'bp_000', 'bq_000', 'br_000', 'cf_000', 'cg_000', 'ch_000', 'co_000', 'cr_000', 'ct_000', 'cu_000', 'cv_000', 'cx_000', 'cy_000', 'cz_000', 'da_000', 'db_000', 'dc_000']
[ 2022-12-24 16:14:59,066 ] 118 root - INFO - Reading train dataframe
[ 2022-12-24 16:14:59,462 ] 120 root - INFO - Reading test dataframe
[ 2022-12-24 16:14:59,562 ] 123 root - INFO - Drop null values colums from train df
[ 2022-12-24 16:14:59,574 ] 44 root - INFO - selecting column name which contains null above to 0.2
[ 2022-12-24 16:14:59,574 ] 47 root - INFO - Columns to drop: ['ab_000', 'ad_000', 'bk_000', 'bl_000', 'bm_000', 'bn_000', 'bo_000', 'bp_000', 'bq_000', 'br_000', 'cf_000', 'cg_000', 'ch_000', 'co_000', 'cr_000', 'ct_000', 'cu_000', 'cv_000', 'cx_000', 'cy_000', 'cz_000', 'da_000', 'db_000', 'dc_000']
[ 2022-12-24 16:14:59,583 ] 125 root - INFO - Drop null values colums from test df
[ 2022-12-24 16:14:59,587 ] 44 root - INFO - selecting column name which contains null above to 0.2
[ 2022-12-24 16:14:59,588 ] 47 root - INFO - Columns to drop: ['ab_000', 'ad_000', 'bk_000', 'bl_000', 'bm_000', 'bn_000', 'bo_000', 'bp_000', 'bq_000', 'br_000', 'cf_000', 'cg_000', 'ch_000', 'co_000', 'cr_000', 'ct_000', 'cu_000', 'cv_000', 'cx_000', 'cy_000', 'cz_000', 'da_000', 'db_000', 'dc_000']
[ 2022-12-24 16:15:05,705 ] 135 root - INFO - Is all required columns present in train df
[ 2022-12-24 16:15:05,706 ] 137 root - INFO - Is all required columns present in test df
[ 2022-12-24 16:15:05,706 ] 141 root - INFO - As all column are available in train df hence detecting data drift
[ 2022-12-24 16:15:05,706 ] 88 root - INFO - Hypothesis class: object, object 
[ 2022-12-24 16:15:05,835 ] 88 root - INFO - Hypothesis aa_000: float64, float64 
[ 2022-12-24 16:15:05,845 ] 88 root - INFO - Hypothesis ac_000: float64, float64 
[ 2022-12-24 16:15:05,886 ] 88 root - INFO - Hypothesis ae_000: float64, float64 
[ 2022-12-24 16:15:05,923 ] 88 root - INFO - Hypothesis af_000: float64, float64 
[ 2022-12-24 16:15:05,960 ] 88 root - INFO - Hypothesis ag_000: float64, float64 
[ 2022-12-24 16:15:05,995 ] 88 root - INFO - Hypothesis ag_001: float64, float64 
[ 2022-12-24 16:15:06,033 ] 88 root - INFO - Hypothesis ag_002: float64, float64 
[ 2022-12-24 16:15:06,071 ] 88 root - INFO - Hypothesis ag_003: float64, float64 
[ 2022-12-24 16:15:06,114 ] 88 root - INFO - Hypothesis ag_004: float64, float64 
[ 2022-12-24 16:15:06,125 ] 88 root - INFO - Hypothesis ag_005: float64, float64 
[ 2022-12-24 16:15:06,169 ] 88 root - INFO - Hypothesis ag_006: float64, float64 
[ 2022-12-24 16:15:06,179 ] 88 root - INFO - Hypothesis ag_007: float64, float64 
[ 2022-12-24 16:15:06,220 ] 88 root - INFO - Hypothesis ag_008: float64, float64 
[ 2022-12-24 16:15:06,260 ] 88 root - INFO - Hypothesis ag_009: float64, float64 
[ 2022-12-24 16:15:06,299 ] 88 root - INFO - Hypothesis ah_000: float64, float64 
[ 2022-12-24 16:15:06,342 ] 88 root - INFO - Hypothesis ai_000: float64, float64 
[ 2022-12-24 16:15:06,379 ] 88 root - INFO - Hypothesis aj_000: float64, float64 
[ 2022-12-24 16:15:06,416 ] 88 root - INFO - Hypothesis ak_000: float64, float64 
[ 2022-12-24 16:15:06,452 ] 88 root - INFO - Hypothesis al_000: float64, float64 
[ 2022-12-24 16:15:06,460 ] 88 root - INFO - Hypothesis am_0: float64, float64 
[ 2022-12-24 16:15:06,467 ] 88 root - INFO - Hypothesis an_000: float64, float64 
[ 2022-12-24 16:15:06,510 ] 88 root - INFO - Hypothesis ao_000: float64, float64 
[ 2022-12-24 16:15:06,521 ] 88 root - INFO - Hypothesis ap_000: float64, float64 
[ 2022-12-24 16:15:06,563 ] 88 root - INFO - Hypothesis aq_000: float64, float64 
[ 2022-12-24 16:15:06,605 ] 88 root - INFO - Hypothesis ar_000: float64, float64 
[ 2022-12-24 16:15:06,642 ] 88 root - INFO - Hypothesis as_000: float64, float64 
[ 2022-12-24 16:15:06,678 ] 88 root - INFO - Hypothesis at_000: float64, float64 
[ 2022-12-24 16:15:06,715 ] 88 root - INFO - Hypothesis au_000: float64, float64 
[ 2022-12-24 16:15:06,750 ] 88 root - INFO - Hypothesis av_000: float64, float64 
[ 2022-12-24 16:15:06,792 ] 88 root - INFO - Hypothesis ax_000: float64, float64 
[ 2022-12-24 16:15:06,801 ] 88 root - INFO - Hypothesis ay_000: float64, float64 
[ 2022-12-24 16:15:06,837 ] 88 root - INFO - Hypothesis ay_001: float64, float64 
[ 2022-12-24 16:15:06,873 ] 88 root - INFO - Hypothesis ay_002: float64, float64 
[ 2022-12-24 16:15:06,909 ] 88 root - INFO - Hypothesis ay_003: float64, float64 
[ 2022-12-24 16:15:06,945 ] 88 root - INFO - Hypothesis ay_004: float64, float64 
[ 2022-12-24 16:15:06,982 ] 88 root - INFO - Hypothesis ay_005: float64, float64 
[ 2022-12-24 16:15:07,022 ] 88 root - INFO - Hypothesis ay_006: float64, float64 
[ 2022-12-24 16:15:07,063 ] 88 root - INFO - Hypothesis ay_007: float64, float64 
[ 2022-12-24 16:15:07,106 ] 88 root - INFO - Hypothesis ay_008: float64, float64 
[ 2022-12-24 16:15:07,149 ] 88 root - INFO - Hypothesis ay_009: float64, float64 
[ 2022-12-24 16:15:07,185 ] 88 root - INFO - Hypothesis az_000: float64, float64 
[ 2022-12-24 16:15:07,226 ] 88 root - INFO - Hypothesis az_001: float64, float64 
[ 2022-12-24 16:15:07,273 ] 88 root - INFO - Hypothesis az_002: float64, float64 
[ 2022-12-24 16:15:07,314 ] 88 root - INFO - Hypothesis az_003: float64, float64 
[ 2022-12-24 16:15:07,358 ] 88 root - INFO - Hypothesis az_004: float64, float64 
[ 2022-12-24 16:15:07,376 ] 88 root - INFO - Hypothesis az_005: float64, float64 
[ 2022-12-24 16:15:07,419 ] 88 root - INFO - Hypothesis az_006: float64, float64 
[ 2022-12-24 16:15:07,429 ] 88 root - INFO - Hypothesis az_007: float64, float64 
[ 2022-12-24 16:15:07,466 ] 88 root - INFO - Hypothesis az_008: float64, float64 
[ 2022-12-24 16:15:07,502 ] 88 root - INFO - Hypothesis az_009: float64, float64 
[ 2022-12-24 16:15:07,539 ] 88 root - INFO - Hypothesis ba_000: float64, float64 
[ 2022-12-24 16:15:07,583 ] 88 root - INFO - Hypothesis ba_001: float64, float64 
[ 2022-12-24 16:15:07,594 ] 88 root - INFO - Hypothesis ba_002: float64, float64 
[ 2022-12-24 16:15:07,605 ] 88 root - INFO - Hypothesis ba_003: float64, float64 
[ 2022-12-24 16:15:07,615 ] 88 root - INFO - Hypothesis ba_004: float64, float64 
[ 2022-12-24 16:15:07,659 ] 88 root - INFO - Hypothesis ba_005: float64, float64 
[ 2022-12-24 16:15:07,701 ] 88 root - INFO - Hypothesis ba_006: float64, float64 
[ 2022-12-24 16:15:07,711 ] 88 root - INFO - Hypothesis ba_007: float64, float64 
[ 2022-12-24 16:15:07,752 ] 88 root - INFO - Hypothesis ba_008: float64, float64 
[ 2022-12-24 16:15:07,761 ] 88 root - INFO - Hypothesis ba_009: float64, float64 
[ 2022-12-24 16:15:07,768 ] 88 root - INFO - Hypothesis bb_000: float64, float64 
[ 2022-12-24 16:15:07,810 ] 88 root - INFO - Hypothesis bc_000: float64, float64 
[ 2022-12-24 16:15:07,850 ] 88 root - INFO - Hypothesis bd_000: float64, float64 
[ 2022-12-24 16:15:07,859 ] 88 root - INFO - Hypothesis be_000: float64, float64 
[ 2022-12-24 16:15:07,900 ] 88 root - INFO - Hypothesis bf_000: float64, float64 
[ 2022-12-24 16:15:07,938 ] 88 root - INFO - Hypothesis bg_000: float64, float64 
[ 2022-12-24 16:15:07,981 ] 88 root - INFO - Hypothesis bh_000: float64, float64 
[ 2022-12-24 16:15:08,023 ] 88 root - INFO - Hypothesis bi_000: float64, float64 
[ 2022-12-24 16:15:08,070 ] 88 root - INFO - Hypothesis bj_000: float64, float64 
[ 2022-12-24 16:15:08,113 ] 88 root - INFO - Hypothesis bs_000: float64, float64 
[ 2022-12-24 16:15:08,157 ] 88 root - INFO - Hypothesis bt_000: float64, float64 
[ 2022-12-24 16:15:08,168 ] 88 root - INFO - Hypothesis bu_000: float64, float64 
[ 2022-12-24 16:15:08,213 ] 88 root - INFO - Hypothesis bv_000: float64, float64 
[ 2022-12-24 16:15:08,256 ] 88 root - INFO - Hypothesis bx_000: float64, float64 
[ 2022-12-24 16:15:08,267 ] 88 root - INFO - Hypothesis by_000: float64, float64 
[ 2022-12-24 16:15:08,310 ] 88 root - INFO - Hypothesis bz_000: float64, float64 
[ 2022-12-24 16:15:08,352 ] 88 root - INFO - Hypothesis ca_000: float64, float64 
[ 2022-12-24 16:15:08,395 ] 88 root - INFO - Hypothesis cb_000: float64, float64 
[ 2022-12-24 16:15:08,441 ] 88 root - INFO - Hypothesis cc_000: float64, float64 
[ 2022-12-24 16:15:08,451 ] 88 root - INFO - Hypothesis cd_000: float64, float64 
[ 2022-12-24 16:15:08,489 ] 88 root - INFO - Hypothesis ce_000: float64, float64 
[ 2022-12-24 16:15:08,531 ] 88 root - INFO - Hypothesis ci_000: float64, float64 
[ 2022-12-24 16:15:08,541 ] 88 root - INFO - Hypothesis cj_000: float64, float64 
[ 2022-12-24 16:15:08,579 ] 88 root - INFO - Hypothesis ck_000: float64, float64 
[ 2022-12-24 16:15:08,622 ] 88 root - INFO - Hypothesis cl_000: float64, float64 
[ 2022-12-24 16:15:08,661 ] 88 root - INFO - Hypothesis cm_000: float64, float64 
[ 2022-12-24 16:15:08,700 ] 88 root - INFO - Hypothesis cn_000: float64, float64 
[ 2022-12-24 16:15:08,736 ] 88 root - INFO - Hypothesis cn_001: float64, float64 
[ 2022-12-24 16:15:08,774 ] 88 root - INFO - Hypothesis cn_002: float64, float64 
[ 2022-12-24 16:15:08,783 ] 88 root - INFO - Hypothesis cn_003: float64, float64 
[ 2022-12-24 16:15:08,825 ] 88 root - INFO - Hypothesis cn_004: float64, float64 
[ 2022-12-24 16:15:08,836 ] 88 root - INFO - Hypothesis cn_005: float64, float64 
[ 2022-12-24 16:15:08,878 ] 88 root - INFO - Hypothesis cn_006: float64, float64 
[ 2022-12-24 16:15:08,921 ] 88 root - INFO - Hypothesis cn_007: float64, float64 
[ 2022-12-24 16:15:08,965 ] 88 root - INFO - Hypothesis cn_008: float64, float64 
[ 2022-12-24 16:15:09,006 ] 88 root - INFO - Hypothesis cn_009: float64, float64 
[ 2022-12-24 16:15:09,047 ] 88 root - INFO - Hypothesis cp_000: float64, float64 
[ 2022-12-24 16:15:09,087 ] 88 root - INFO - Hypothesis cq_000: float64, float64 
[ 2022-12-24 16:15:09,131 ] 88 root - INFO - Hypothesis cs_000: float64, float64 
[ 2022-12-24 16:15:09,174 ] 88 root - INFO - Hypothesis cs_001: float64, float64 
[ 2022-12-24 16:15:09,215 ] 88 root - INFO - Hypothesis cs_002: float64, float64 
[ 2022-12-24 16:15:09,258 ] 88 root - INFO - Hypothesis cs_003: float64, float64 
[ 2022-12-24 16:15:09,306 ] 88 root - INFO - Hypothesis cs_004: float64, float64 
[ 2022-12-24 16:15:09,349 ] 88 root - INFO - Hypothesis cs_005: float64, float64 
[ 2022-12-24 16:15:09,392 ] 88 root - INFO - Hypothesis cs_006: float64, float64 
[ 2022-12-24 16:15:09,435 ] 88 root - INFO - Hypothesis cs_007: float64, float64 
[ 2022-12-24 16:15:09,479 ] 88 root - INFO - Hypothesis cs_008: float64, float64 
[ 2022-12-24 16:15:09,519 ] 88 root - INFO - Hypothesis cs_009: float64, float64 
[ 2022-12-24 16:15:09,555 ] 88 root - INFO - Hypothesis dd_000: float64, float64 
[ 2022-12-24 16:15:09,597 ] 88 root - INFO - Hypothesis de_000: float64, float64 
[ 2022-12-24 16:15:09,639 ] 88 root - INFO - Hypothesis df_000: float64, float64 
[ 2022-12-24 16:15:09,676 ] 88 root - INFO - Hypothesis dg_000: float64, float64 
[ 2022-12-24 16:15:09,714 ] 88 root - INFO - Hypothesis dh_000: float64, float64 
[ 2022-12-24 16:15:09,755 ] 88 root - INFO - Hypothesis di_000: float64, float64 
[ 2022-12-24 16:15:09,761 ] 88 root - INFO - Hypothesis dj_000: float64, float64 
[ 2022-12-24 16:15:09,799 ] 88 root - INFO - Hypothesis dk_000: float64, float64 
[ 2022-12-24 16:15:09,836 ] 88 root - INFO - Hypothesis dl_000: float64, float64 
[ 2022-12-24 16:15:09,874 ] 88 root - INFO - Hypothesis dm_000: float64, float64 
[ 2022-12-24 16:15:09,912 ] 88 root - INFO - Hypothesis dn_000: float64, float64 
[ 2022-12-24 16:15:09,954 ] 88 root - INFO - Hypothesis do_000: float64, float64 
[ 2022-12-24 16:15:09,996 ] 88 root - INFO - Hypothesis dp_000: float64, float64 
[ 2022-12-24 16:15:10,039 ] 88 root - INFO - Hypothesis dq_000: float64, float64 
[ 2022-12-24 16:15:10,079 ] 88 root - INFO - Hypothesis dr_000: float64, float64 
[ 2022-12-24 16:15:10,119 ] 88 root - INFO - Hypothesis ds_000: float64, float64 
[ 2022-12-24 16:15:10,162 ] 88 root - INFO - Hypothesis dt_000: float64, float64 
[ 2022-12-24 16:15:10,204 ] 88 root - INFO - Hypothesis du_000: float64, float64 
[ 2022-12-24 16:15:10,246 ] 88 root - INFO - Hypothesis dv_000: float64, float64 
[ 2022-12-24 16:15:10,290 ] 88 root - INFO - Hypothesis dx_000: float64, float64 
[ 2022-12-24 16:15:10,298 ] 88 root - INFO - Hypothesis dy_000: float64, float64 
[ 2022-12-24 16:15:10,305 ] 88 root - INFO - Hypothesis dz_000: float64, float64 
[ 2022-12-24 16:15:10,341 ] 88 root - INFO - Hypothesis ea_000: float64, float64 
[ 2022-12-24 16:15:10,377 ] 88 root - INFO - Hypothesis eb_000: float64, float64 
[ 2022-12-24 16:15:10,386 ] 88 root - INFO - Hypothesis ec_00: float64, float64 
[ 2022-12-24 16:15:10,396 ] 88 root - INFO - Hypothesis ed_000: float64, float64 
[ 2022-12-24 16:15:10,405 ] 88 root - INFO - Hypothesis ee_000: float64, float64 
[ 2022-12-24 16:15:10,448 ] 88 root - INFO - Hypothesis ee_001: float64, float64 
[ 2022-12-24 16:15:10,491 ] 88 root - INFO - Hypothesis ee_002: float64, float64 
[ 2022-12-24 16:15:10,535 ] 88 root - INFO - Hypothesis ee_003: float64, float64 
[ 2022-12-24 16:15:10,580 ] 88 root - INFO - Hypothesis ee_004: float64, float64 
[ 2022-12-24 16:15:10,590 ] 88 root - INFO - Hypothesis ee_005: float64, float64 
[ 2022-12-24 16:15:10,602 ] 88 root - INFO - Hypothesis ee_006: float64, float64 
[ 2022-12-24 16:15:10,612 ] 88 root - INFO - Hypothesis ee_007: float64, float64 
[ 2022-12-24 16:15:10,654 ] 88 root - INFO - Hypothesis ee_008: float64, float64 
[ 2022-12-24 16:15:10,696 ] 88 root - INFO - Hypothesis ee_009: float64, float64 
[ 2022-12-24 16:15:10,737 ] 88 root - INFO - Hypothesis ef_000: float64, float64 
[ 2022-12-24 16:15:10,774 ] 88 root - INFO - Hypothesis eg_000: float64, float64 
[ 2022-12-24 16:15:10,811 ] 144 root - INFO - As all column are available in test df hence detecting data drift
[ 2022-12-24 16:15:10,811 ] 88 root - INFO - Hypothesis class: object, object 
[ 2022-12-24 16:15:10,889 ] 88 root - INFO - Hypothesis aa_000: float64, float64 
[ 2022-12-24 16:15:10,897 ] 88 root - INFO - Hypothesis ac_000: float64, float64 
[ 2022-12-24 16:15:10,903 ] 88 root - INFO - Hypothesis ae_000: float64, float64 
[ 2022-12-24 16:15:10,919 ] 88 root - INFO - Hypothesis af_000: float64, float64 
[ 2022-12-24 16:15:10,935 ] 88 root - INFO - Hypothesis ag_000: float64, float64 
[ 2022-12-24 16:15:10,950 ] 88 root - INFO - Hypothesis ag_001: float64, float64 
[ 2022-12-24 16:15:10,966 ] 88 root - INFO - Hypothesis ag_002: float64, float64 
[ 2022-12-24 16:15:10,982 ] 88 root - INFO - Hypothesis ag_003: float64, float64 
[ 2022-12-24 16:15:10,987 ] 88 root - INFO - Hypothesis ag_004: float64, float64 
[ 2022-12-24 16:15:10,994 ] 88 root - INFO - Hypothesis ag_005: float64, float64 
[ 2022-12-24 16:15:11,001 ] 88 root - INFO - Hypothesis ag_006: float64, float64 
[ 2022-12-24 16:15:11,009 ] 88 root - INFO - Hypothesis ag_007: float64, float64 
[ 2022-12-24 16:15:11,016 ] 88 root - INFO - Hypothesis ag_008: float64, float64 
[ 2022-12-24 16:15:11,022 ] 88 root - INFO - Hypothesis ag_009: float64, float64 
[ 2022-12-24 16:15:11,027 ] 88 root - INFO - Hypothesis ah_000: float64, float64 
[ 2022-12-24 16:15:11,034 ] 88 root - INFO - Hypothesis ai_000: float64, float64 
[ 2022-12-24 16:15:11,051 ] 88 root - INFO - Hypothesis aj_000: float64, float64 
[ 2022-12-24 16:15:11,067 ] 88 root - INFO - Hypothesis ak_000: float64, float64 
[ 2022-12-24 16:15:11,083 ] 88 root - INFO - Hypothesis al_000: float64, float64 
[ 2022-12-24 16:15:11,088 ] 88 root - INFO - Hypothesis am_0: float64, float64 
[ 2022-12-24 16:15:11,093 ] 88 root - INFO - Hypothesis an_000: float64, float64 
[ 2022-12-24 16:15:11,100 ] 88 root - INFO - Hypothesis ao_000: float64, float64 
[ 2022-12-24 16:15:11,107 ] 88 root - INFO - Hypothesis ap_000: float64, float64 
[ 2022-12-24 16:15:11,115 ] 88 root - INFO - Hypothesis aq_000: float64, float64 
[ 2022-12-24 16:15:11,122 ] 88 root - INFO - Hypothesis ar_000: float64, float64 
[ 2022-12-24 16:15:11,125 ] 88 root - INFO - Hypothesis as_000: float64, float64 
[ 2022-12-24 16:15:11,141 ] 88 root - INFO - Hypothesis at_000: float64, float64 
[ 2022-12-24 16:15:11,145 ] 88 root - INFO - Hypothesis au_000: float64, float64 
[ 2022-12-24 16:15:11,160 ] 88 root - INFO - Hypothesis av_000: float64, float64 
[ 2022-12-24 16:15:11,166 ] 88 root - INFO - Hypothesis ax_000: float64, float64 
[ 2022-12-24 16:15:11,171 ] 88 root - INFO - Hypothesis ay_000: float64, float64 
[ 2022-12-24 16:15:11,174 ] 88 root - INFO - Hypothesis ay_001: float64, float64 
[ 2022-12-24 16:15:11,178 ] 88 root - INFO - Hypothesis ay_002: float64, float64 
[ 2022-12-24 16:15:11,181 ] 88 root - INFO - Hypothesis ay_003: float64, float64 
[ 2022-12-24 16:15:11,184 ] 88 root - INFO - Hypothesis ay_004: float64, float64 
[ 2022-12-24 16:15:11,187 ] 88 root - INFO - Hypothesis ay_005: float64, float64 
[ 2022-12-24 16:15:11,193 ] 88 root - INFO - Hypothesis ay_006: float64, float64 
[ 2022-12-24 16:15:11,199 ] 88 root - INFO - Hypothesis ay_007: float64, float64 
[ 2022-12-24 16:15:11,206 ] 88 root - INFO - Hypothesis ay_008: float64, float64 
[ 2022-12-24 16:15:11,213 ] 88 root - INFO - Hypothesis ay_009: float64, float64 
[ 2022-12-24 16:15:11,229 ] 88 root - INFO - Hypothesis az_000: float64, float64 
[ 2022-12-24 16:15:11,236 ] 88 root - INFO - Hypothesis az_001: float64, float64 
[ 2022-12-24 16:15:11,242 ] 88 root - INFO - Hypothesis az_002: float64, float64 
[ 2022-12-24 16:15:11,249 ] 88 root - INFO - Hypothesis az_003: float64, float64 
[ 2022-12-24 16:15:11,256 ] 88 root - INFO - Hypothesis az_004: float64, float64 
[ 2022-12-24 16:15:11,263 ] 88 root - INFO - Hypothesis az_005: float64, float64 
[ 2022-12-24 16:15:11,271 ] 88 root - INFO - Hypothesis az_006: float64, float64 
[ 2022-12-24 16:15:11,277 ] 88 root - INFO - Hypothesis az_007: float64, float64 
[ 2022-12-24 16:15:11,293 ] 88 root - INFO - Hypothesis az_008: float64, float64 
[ 2022-12-24 16:15:11,297 ] 88 root - INFO - Hypothesis az_009: float64, float64 
[ 2022-12-24 16:15:11,313 ] 88 root - INFO - Hypothesis ba_000: float64, float64 
[ 2022-12-24 16:15:11,320 ] 88 root - INFO - Hypothesis ba_001: float64, float64 
[ 2022-12-24 16:15:11,327 ] 88 root - INFO - Hypothesis ba_002: float64, float64 
[ 2022-12-24 16:15:11,334 ] 88 root - INFO - Hypothesis ba_003: float64, float64 
[ 2022-12-24 16:15:11,341 ] 88 root - INFO - Hypothesis ba_004: float64, float64 
[ 2022-12-24 16:15:11,348 ] 88 root - INFO - Hypothesis ba_005: float64, float64 
[ 2022-12-24 16:15:11,355 ] 88 root - INFO - Hypothesis ba_006: float64, float64 
[ 2022-12-24 16:15:11,362 ] 88 root - INFO - Hypothesis ba_007: float64, float64 
[ 2022-12-24 16:15:11,369 ] 88 root - INFO - Hypothesis ba_008: float64, float64 
[ 2022-12-24 16:15:11,374 ] 88 root - INFO - Hypothesis ba_009: float64, float64 
[ 2022-12-24 16:15:11,379 ] 88 root - INFO - Hypothesis bb_000: float64, float64 
[ 2022-12-24 16:15:11,386 ] 88 root - INFO - Hypothesis bc_000: float64, float64 
[ 2022-12-24 16:15:11,392 ] 88 root - INFO - Hypothesis bd_000: float64, float64 
[ 2022-12-24 16:15:11,398 ] 88 root - INFO - Hypothesis be_000: float64, float64 
[ 2022-12-24 16:15:11,404 ] 88 root - INFO - Hypothesis bf_000: float64, float64 
[ 2022-12-24 16:15:11,409 ] 88 root - INFO - Hypothesis bg_000: float64, float64 
[ 2022-12-24 16:15:11,416 ] 88 root - INFO - Hypothesis bh_000: float64, float64 
[ 2022-12-24 16:15:11,423 ] 88 root - INFO - Hypothesis bi_000: float64, float64 
[ 2022-12-24 16:15:11,431 ] 88 root - INFO - Hypothesis bj_000: float64, float64 
[ 2022-12-24 16:15:11,438 ] 88 root - INFO - Hypothesis bs_000: float64, float64 
[ 2022-12-24 16:15:11,445 ] 88 root - INFO - Hypothesis bt_000: float64, float64 
[ 2022-12-24 16:15:11,452 ] 88 root - INFO - Hypothesis bu_000: float64, float64 
[ 2022-12-24 16:15:11,460 ] 88 root - INFO - Hypothesis bv_000: float64, float64 
[ 2022-12-24 16:15:11,466 ] 88 root - INFO - Hypothesis bx_000: float64, float64 
[ 2022-12-24 16:15:11,474 ] 88 root - INFO - Hypothesis by_000: float64, float64 
[ 2022-12-24 16:15:11,481 ] 88 root - INFO - Hypothesis bz_000: float64, float64 
[ 2022-12-24 16:15:11,487 ] 88 root - INFO - Hypothesis ca_000: float64, float64 
[ 2022-12-24 16:15:11,494 ] 88 root - INFO - Hypothesis cb_000: float64, float64 
[ 2022-12-24 16:15:11,501 ] 88 root - INFO - Hypothesis cc_000: float64, float64 
[ 2022-12-24 16:15:11,508 ] 88 root - INFO - Hypothesis cd_000: float64, float64 
[ 2022-12-24 16:15:11,524 ] 88 root - INFO - Hypothesis ce_000: float64, float64 
[ 2022-12-24 16:15:11,530 ] 88 root - INFO - Hypothesis ci_000: float64, float64 
[ 2022-12-24 16:15:11,537 ] 88 root - INFO - Hypothesis cj_000: float64, float64 
[ 2022-12-24 16:15:11,553 ] 88 root - INFO - Hypothesis ck_000: float64, float64 
[ 2022-12-24 16:15:11,561 ] 88 root - INFO - Hypothesis cl_000: float64, float64 
[ 2022-12-24 16:15:11,565 ] 88 root - INFO - Hypothesis cm_000: float64, float64 
[ 2022-12-24 16:15:11,570 ] 88 root - INFO - Hypothesis cn_000: float64, float64 
[ 2022-12-24 16:15:11,585 ] 88 root - INFO - Hypothesis cn_001: float64, float64 
[ 2022-12-24 16:15:11,589 ] 88 root - INFO - Hypothesis cn_002: float64, float64 
[ 2022-12-24 16:15:11,594 ] 88 root - INFO - Hypothesis cn_003: float64, float64 
[ 2022-12-24 16:15:11,602 ] 88 root - INFO - Hypothesis cn_004: float64, float64 
[ 2022-12-24 16:15:11,609 ] 88 root - INFO - Hypothesis cn_005: float64, float64 
[ 2022-12-24 16:15:11,616 ] 88 root - INFO - Hypothesis cn_006: float64, float64 
[ 2022-12-24 16:15:11,623 ] 88 root - INFO - Hypothesis cn_007: float64, float64 
[ 2022-12-24 16:15:11,630 ] 88 root - INFO - Hypothesis cn_008: float64, float64 
[ 2022-12-24 16:15:11,636 ] 88 root - INFO - Hypothesis cn_009: float64, float64 
[ 2022-12-24 16:15:11,641 ] 88 root - INFO - Hypothesis cp_000: float64, float64 
[ 2022-12-24 16:15:11,646 ] 88 root - INFO - Hypothesis cq_000: float64, float64 
[ 2022-12-24 16:15:11,653 ] 88 root - INFO - Hypothesis cs_000: float64, float64 
[ 2022-12-24 16:15:11,660 ] 88 root - INFO - Hypothesis cs_001: float64, float64 
[ 2022-12-24 16:15:11,666 ] 88 root - INFO - Hypothesis cs_002: float64, float64 
[ 2022-12-24 16:15:11,673 ] 88 root - INFO - Hypothesis cs_003: float64, float64 
[ 2022-12-24 16:15:11,680 ] 88 root - INFO - Hypothesis cs_004: float64, float64 
[ 2022-12-24 16:15:11,687 ] 88 root - INFO - Hypothesis cs_005: float64, float64 
[ 2022-12-24 16:15:11,694 ] 88 root - INFO - Hypothesis cs_006: float64, float64 
[ 2022-12-24 16:15:11,701 ] 88 root - INFO - Hypothesis cs_007: float64, float64 
[ 2022-12-24 16:15:11,708 ] 88 root - INFO - Hypothesis cs_008: float64, float64 
[ 2022-12-24 16:15:11,713 ] 88 root - INFO - Hypothesis cs_009: float64, float64 
[ 2022-12-24 16:15:11,717 ] 88 root - INFO - Hypothesis dd_000: float64, float64 
[ 2022-12-24 16:15:11,723 ] 88 root - INFO - Hypothesis de_000: float64, float64 
[ 2022-12-24 16:15:11,729 ] 88 root - INFO - Hypothesis df_000: float64, float64 
[ 2022-12-24 16:15:11,745 ] 88 root - INFO - Hypothesis dg_000: float64, float64 
[ 2022-12-24 16:15:11,761 ] 88 root - INFO - Hypothesis dh_000: float64, float64 
[ 2022-12-24 16:15:11,765 ] 88 root - INFO - Hypothesis di_000: float64, float64 
[ 2022-12-24 16:15:11,769 ] 88 root - INFO - Hypothesis dj_000: float64, float64 
[ 2022-12-24 16:15:11,785 ] 88 root - INFO - Hypothesis dk_000: float64, float64 
[ 2022-12-24 16:15:11,800 ] 88 root - INFO - Hypothesis dl_000: float64, float64 
[ 2022-12-24 16:15:11,816 ] 88 root - INFO - Hypothesis dm_000: float64, float64 
[ 2022-12-24 16:15:11,832 ] 88 root - INFO - Hypothesis dn_000: float64, float64 
[ 2022-12-24 16:15:11,839 ] 88 root - INFO - Hypothesis do_000: float64, float64 
[ 2022-12-24 16:15:11,845 ] 88 root - INFO - Hypothesis dp_000: float64, float64 
[ 2022-12-24 16:15:11,852 ] 88 root - INFO - Hypothesis dq_000: float64, float64 
[ 2022-12-24 16:15:11,856 ] 88 root - INFO - Hypothesis dr_000: float64, float64 
[ 2022-12-24 16:15:11,873 ] 88 root - INFO - Hypothesis ds_000: float64, float64 
[ 2022-12-24 16:15:11,879 ] 88 root - INFO - Hypothesis dt_000: float64, float64 
[ 2022-12-24 16:15:11,886 ] 88 root - INFO - Hypothesis du_000: float64, float64 
[ 2022-12-24 16:15:11,893 ] 88 root - INFO - Hypothesis dv_000: float64, float64 
[ 2022-12-24 16:15:11,901 ] 88 root - INFO - Hypothesis dx_000: float64, float64 
[ 2022-12-24 16:15:11,906 ] 88 root - INFO - Hypothesis dy_000: float64, float64 
[ 2022-12-24 16:15:11,911 ] 88 root - INFO - Hypothesis dz_000: float64, float64 
[ 2022-12-24 16:15:11,915 ] 88 root - INFO - Hypothesis ea_000: float64, float64 
[ 2022-12-24 16:15:11,919 ] 88 root - INFO - Hypothesis eb_000: float64, float64 
[ 2022-12-24 16:15:11,925 ] 88 root - INFO - Hypothesis ec_00: float64, float64 
[ 2022-12-24 16:15:11,933 ] 88 root - INFO - Hypothesis ed_000: float64, float64 
[ 2022-12-24 16:15:11,939 ] 88 root - INFO - Hypothesis ee_000: float64, float64 
[ 2022-12-24 16:15:11,947 ] 88 root - INFO - Hypothesis ee_001: float64, float64 
[ 2022-12-24 16:15:11,955 ] 88 root - INFO - Hypothesis ee_002: float64, float64 
[ 2022-12-24 16:15:11,962 ] 88 root - INFO - Hypothesis ee_003: float64, float64 
[ 2022-12-24 16:15:11,970 ] 88 root - INFO - Hypothesis ee_004: float64, float64 
[ 2022-12-24 16:15:11,978 ] 88 root - INFO - Hypothesis ee_005: float64, float64 
[ 2022-12-24 16:15:11,985 ] 88 root - INFO - Hypothesis ee_006: float64, float64 
[ 2022-12-24 16:15:11,992 ] 88 root - INFO - Hypothesis ee_007: float64, float64 
[ 2022-12-24 16:15:12,000 ] 88 root - INFO - Hypothesis ee_008: float64, float64 
[ 2022-12-24 16:15:12,007 ] 88 root - INFO - Hypothesis ee_009: float64, float64 
[ 2022-12-24 16:15:12,013 ] 88 root - INFO - Hypothesis ef_000: float64, float64 
[ 2022-12-24 16:15:12,030 ] 88 root - INFO - Hypothesis eg_000: float64, float64 
[ 2022-12-24 16:15:12,048 ] 148 root - INFO - Write reprt in yaml file
[ 2022-12-24 16:15:12,125 ] 153 root - INFO - Data validation artifact: DataValidationArtifact(report_file_path='/config/workspace/artifact/12242022__161433/data_validation/report.yaml')
[ 2022-12-24 16:15:12,128 ] 23 root - INFO - >>>>>>>>>>>>>>>>>>>>>>>>>>>>>>>>>>>>>>>> Data Transformation <<<<<<<<<<<<<<<<<<<<<<<<<<<<<<<<<<<<<<<<
[ 2022-12-24 16:15:13,035 ] 72 root - INFO - Before resampling in training set Input: (28950, 170) Target:(28950,)
[ 2022-12-24 16:15:19,199 ] 74 root - INFO - After resampling in training set Input: (56126, 170) Target:(56126,)
[ 2022-12-24 16:15:19,199 ] 76 root - INFO - Before resampling in testing set Input: (7238, 170) Target:(7238,)
[ 2022-12-24 16:15:19,851 ] 78 root - INFO - After resampling in testing set Input: (14040, 170) Target:(14040,)
[ 2022-12-24 16:15:19,967 ] 54 root - INFO - Entered the save_object method of utils
[ 2022-12-24 16:15:19,970 ] 58 root - INFO - Exited the save_object method of utils
[ 2022-12-24 16:15:19,970 ] 54 root - INFO - Entered the save_object method of utils
[ 2022-12-24 16:15:19,971 ] 58 root - INFO - Exited the save_object method of utils
[ 2022-12-24 16:15:19,971 ] 106 root - INFO - Data transformation object DataTransformationArtifact(transform_object_path='/config/workspace/artifact/12242022__161433/data_transformation/transformer/transformer.pkl', transformed_train_path='/config/workspace/artifact/12242022__161433/data_transformation/transformed/train.npz', transformed_test_path='/config/workspace/artifact/12242022__161433/data_transformation/transformed/test.npz', target_encoder_path='/config/workspace/artifact/12242022__161433/data_transformation/target_encoder/target_encoder.pkl')
[ 2022-12-24 16:15:19,972 ] 18 root - INFO - >>>>>>>>>>>>>>>>>>>>>>>>>>>>>>>>>>>>>>>> Model Trainer <<<<<<<<<<<<<<<<<<<<<<<<<<<<<<<<<<<<<<<<
[ 2022-12-24 16:15:19,973 ] 45 root - INFO - Loading train and test array.
[ 2022-12-24 16:15:20,005 ] 49 root - INFO - Splitting input and target feature from both train and test arr.
[ 2022-12-24 16:15:20,005 ] 53 root - INFO - Train the model
[ 2022-12-24 16:15:32,380 ] 56 root - INFO - Calculating f1 train score
[ 2022-12-24 16:15:32,432 ] 60 root - INFO - Calculating f1 test score
[ 2022-12-24 16:15:32,448 ] 64 root - INFO - train score:0.9999821826280624 and tests score 0.9742136994261641
[ 2022-12-24 16:15:32,448 ] 66 root - INFO - Checking if our model is underfitting or not
[ 2022-12-24 16:15:32,448 ] 71 root - INFO - Checking if our model is overfiiting or not
[ 2022-12-24 16:15:32,448 ] 78 root - INFO - Saving mode object
[ 2022-12-24 16:15:32,448 ] 54 root - INFO - Entered the save_object method of utils
[ 2022-12-24 16:15:32,454 ] 58 root - INFO - Exited the save_object method of utils
[ 2022-12-24 16:15:32,454 ] 82 root - INFO - Prepare the artifact
[ 2022-12-24 16:15:32,454 ] 85 root - INFO - Model trainer artifact: ModelTrainerArtifact(model_path='/config/workspace/artifact/12242022__161433/model_trainer/model/model.pkl', f1_train_score=0.9999821826280624, f1_test_score=0.9742136994261641)
[ 2022-12-24 16:15:32,456 ] 14 root - INFO - >>>>>>>>>>>>>>>>>>>>>>>>>>>>>>>>>>>>>>>>  Model Evaluation <<<<<<<<<<<<<<<<<<<<<<<<<<<<<<<<<<<<<<<<
[ 2022-12-24 16:15:32,457 ] 34 root - INFO - Model evaluation artifact: ModelEvaluationArtifact(is_model_accepted=True, improved_accuracy=None)
