[ 2022-12-24 08:10:56,190 ] 22 root - INFO - Exporting collection data as pandas dataframe
[ 2022-12-24 08:10:56,190 ] 18 root - INFO - Reading data from database: aps and collection: sensor
[ 2022-12-24 08:10:59,942 ] 20 root - INFO - Found columns: Index(['_id', 'class', 'aa_000', 'ab_000', 'ac_000', 'ad_000', 'ae_000',
       'af_000', 'ag_000', 'ag_001',
       ...
       'ee_002', 'ee_003', 'ee_004', 'ee_005', 'ee_006', 'ee_007', 'ee_008',
       'ee_009', 'ef_000', 'eg_000'],
      dtype='object', length=172)
[ 2022-12-24 08:10:59,942 ] 22 root - INFO - Dropping column: _id 
[ 2022-12-24 08:11:00,142 ] 24 root - INFO - Row and columns in df: (36188, 171)
[ 2022-12-24 08:11:00,142 ] 28 root - INFO - Save data in feature store
[ 2022-12-24 08:11:00,673 ] 32 root - INFO - Create feature store folder if not available
[ 2022-12-24 08:11:00,673 ] 38 root - INFO - Save df to feature store folder
[ 2022-12-24 08:11:03,104 ] 42 root - INFO - split dataset into train and test set
[ 2022-12-24 08:11:03,703 ] 46 root - INFO - create dataset directory folder if not available
[ 2022-12-24 08:11:03,704 ] 51 root - INFO - Save df to feature store folder
[ 2022-12-24 08:11:05,879 ] 63 root - INFO - Data ingestion artifact: DataIngestionArtifact(feature_store_file_path='/config/workspace/artifact/12242022__081056/data_ingestion/feature_store/sensor.csv', train_file_path='/config/workspace/artifact/12242022__081056/data_ingestion/dataset/train.csv', test_file_path='/config/workspace/artifact/12242022__081056/data_ingestion/dataset/test.csv')
[ 2022-12-24 08:11:06,271 ] 22 root - INFO - Exporting collection data as pandas dataframe
[ 2022-12-24 08:11:06,272 ] 18 root - INFO - Reading data from database: aps and collection: sensor
[ 2022-12-24 08:11:09,677 ] 20 root - INFO - Found columns: Index(['_id', 'class', 'aa_000', 'ab_000', 'ac_000', 'ad_000', 'ae_000',
       'af_000', 'ag_000', 'ag_001',
       ...
       'ee_002', 'ee_003', 'ee_004', 'ee_005', 'ee_006', 'ee_007', 'ee_008',
       'ee_009', 'ef_000', 'eg_000'],
      dtype='object', length=172)
[ 2022-12-24 08:11:09,677 ] 22 root - INFO - Dropping column: _id 
[ 2022-12-24 08:11:09,914 ] 24 root - INFO - Row and columns in df: (36188, 171)
[ 2022-12-24 08:11:09,914 ] 28 root - INFO - Save data in feature store
[ 2022-12-24 08:11:10,437 ] 32 root - INFO - Create feature store folder if not available
[ 2022-12-24 08:11:10,437 ] 38 root - INFO - Save df to feature store folder
[ 2022-12-24 08:11:12,920 ] 42 root - INFO - split dataset into train and test set
[ 2022-12-24 08:11:13,493 ] 46 root - INFO - create dataset directory folder if not available
[ 2022-12-24 08:11:13,494 ] 51 root - INFO - Save df to feature store folder
[ 2022-12-24 08:11:15,669 ] 63 root - INFO - Data ingestion artifact: DataIngestionArtifact(feature_store_file_path='/config/workspace/artifact/12242022__081056/data_ingestion/feature_store/sensor.csv', train_file_path='/config/workspace/artifact/12242022__081056/data_ingestion/dataset/train.csv', test_file_path='/config/workspace/artifact/12242022__081056/data_ingestion/dataset/test.csv')
[ 2022-12-24 08:11:16,041 ] 22 root - INFO - >>>>>>>>>>>>>>>>>>>>>>>>>>>>>>>>>>>>>>>> Data Validation <<<<<<<<<<<<<<<<<<<<<<<<<<<<<<<<<<<<<<<<
[ 2022-12-24 08:11:16,042 ] 110 root - INFO - Reading base dataframe
[ 2022-12-24 08:11:18,947 ] 113 root - INFO - Replace na value in base df
[ 2022-12-24 08:11:18,947 ] 115 root - INFO - Drop null values colums from base df
[ 2022-12-24 08:11:19,888 ] 44 root - INFO - selecting column name which contains null above to 0.2
[ 2022-12-24 08:11:19,888 ] 47 root - INFO - Columns to drop: ['ab_000', 'ad_000', 'bk_000', 'bl_000', 'bm_000', 'bn_000', 'bo_000', 'bp_000', 'bq_000', 'br_000', 'cf_000', 'cg_000', 'ch_000', 'co_000', 'cr_000', 'ct_000', 'cu_000', 'cv_000', 'cx_000', 'cy_000', 'cz_000', 'da_000', 'db_000', 'dc_000']
[ 2022-12-24 08:11:20,010 ] 118 root - INFO - Reading train dataframe
[ 2022-12-24 08:11:20,393 ] 120 root - INFO - Reading test dataframe
[ 2022-12-24 08:11:20,492 ] 123 root - INFO - Drop null values colums from train df
[ 2022-12-24 08:11:20,503 ] 44 root - INFO - selecting column name which contains null above to 0.2
[ 2022-12-24 08:11:20,504 ] 47 root - INFO - Columns to drop: ['ab_000', 'ad_000', 'bk_000', 'bl_000', 'bm_000', 'bn_000', 'bo_000', 'bp_000', 'bq_000', 'br_000', 'cf_000', 'cg_000', 'ch_000', 'co_000', 'cr_000', 'ct_000', 'cu_000', 'cv_000', 'cx_000', 'cy_000', 'cz_000', 'da_000', 'db_000', 'dc_000']
[ 2022-12-24 08:11:20,513 ] 125 root - INFO - Drop null values colums from test df
[ 2022-12-24 08:11:20,517 ] 44 root - INFO - selecting column name which contains null above to 0.2
[ 2022-12-24 08:11:20,517 ] 47 root - INFO - Columns to drop: ['ab_000', 'ad_000', 'bk_000', 'bl_000', 'bm_000', 'bn_000', 'bo_000', 'bp_000', 'bq_000', 'br_000', 'cf_000', 'cg_000', 'ch_000', 'co_000', 'cr_000', 'ct_000', 'cu_000', 'cv_000', 'cx_000', 'cy_000', 'cz_000', 'da_000', 'db_000', 'dc_000']
