[ 2022-12-24 08:43:38,314 ] 22 root - INFO - Exporting collection data as pandas dataframe
[ 2022-12-24 08:43:38,314 ] 18 root - INFO - Reading data from database: aps and collection: sensor
[ 2022-12-24 08:43:41,988 ] 20 root - INFO - Found columns: Index(['_id', 'class', 'aa_000', 'ab_000', 'ac_000', 'ad_000', 'ae_000',
       'af_000', 'ag_000', 'ag_001',
       ...
       'ee_002', 'ee_003', 'ee_004', 'ee_005', 'ee_006', 'ee_007', 'ee_008',
       'ee_009', 'ef_000', 'eg_000'],
      dtype='object', length=172)
[ 2022-12-24 08:43:41,989 ] 22 root - INFO - Dropping column: _id 
[ 2022-12-24 08:43:42,190 ] 24 root - INFO - Row and columns in df: (36188, 171)
[ 2022-12-24 08:43:42,190 ] 28 root - INFO - Save data in feature store
[ 2022-12-24 08:43:42,751 ] 32 root - INFO - Create feature store folder if not available
[ 2022-12-24 08:43:42,752 ] 38 root - INFO - Save df to feature store folder
[ 2022-12-24 08:43:45,339 ] 42 root - INFO - split dataset into train and test set
[ 2022-12-24 08:43:46,152 ] 46 root - INFO - create dataset directory folder if not available
[ 2022-12-24 08:43:46,153 ] 51 root - INFO - Save df to feature store folder
[ 2022-12-24 08:43:48,538 ] 63 root - INFO - Data ingestion artifact: DataIngestionArtifact(feature_store_file_path='/config/workspace/artifact/12242022__084338/data_ingestion/feature_store/sensor.csv', train_file_path='/config/workspace/artifact/12242022__084338/data_ingestion/dataset/train.csv', test_file_path='/config/workspace/artifact/12242022__084338/data_ingestion/dataset/test.csv')
[ 2022-12-24 08:43:49,003 ] 22 root - INFO - Exporting collection data as pandas dataframe
[ 2022-12-24 08:43:49,003 ] 18 root - INFO - Reading data from database: aps and collection: sensor
[ 2022-12-24 08:43:52,534 ] 20 root - INFO - Found columns: Index(['_id', 'class', 'aa_000', 'ab_000', 'ac_000', 'ad_000', 'ae_000',
       'af_000', 'ag_000', 'ag_001',
       ...
       'ee_002', 'ee_003', 'ee_004', 'ee_005', 'ee_006', 'ee_007', 'ee_008',
       'ee_009', 'ef_000', 'eg_000'],
      dtype='object', length=172)
[ 2022-12-24 08:43:52,534 ] 22 root - INFO - Dropping column: _id 
[ 2022-12-24 08:43:52,746 ] 24 root - INFO - Row and columns in df: (36188, 171)
[ 2022-12-24 08:43:52,746 ] 28 root - INFO - Save data in feature store
[ 2022-12-24 08:43:53,315 ] 32 root - INFO - Create feature store folder if not available
[ 2022-12-24 08:43:53,316 ] 38 root - INFO - Save df to feature store folder
[ 2022-12-24 08:43:55,864 ] 42 root - INFO - split dataset into train and test set
[ 2022-12-24 08:43:56,486 ] 46 root - INFO - create dataset directory folder if not available
[ 2022-12-24 08:43:56,486 ] 51 root - INFO - Save df to feature store folder
[ 2022-12-24 08:43:58,767 ] 63 root - INFO - Data ingestion artifact: DataIngestionArtifact(feature_store_file_path='/config/workspace/artifact/12242022__084338/data_ingestion/feature_store/sensor.csv', train_file_path='/config/workspace/artifact/12242022__084338/data_ingestion/dataset/train.csv', test_file_path='/config/workspace/artifact/12242022__084338/data_ingestion/dataset/test.csv')
[ 2022-12-24 08:43:59,138 ] 22 root - INFO - >>>>>>>>>>>>>>>>>>>>>>>>>>>>>>>>>>>>>>>> Data Validation <<<<<<<<<<<<<<<<<<<<<<<<<<<<<<<<<<<<<<<<
[ 2022-12-24 08:43:59,138 ] 110 root - INFO - Reading base dataframe
[ 2022-12-24 08:44:02,069 ] 113 root - INFO - Replace na value in base df
[ 2022-12-24 08:44:02,070 ] 115 root - INFO - Drop null values colums from base df
[ 2022-12-24 08:44:03,050 ] 44 root - INFO - selecting column name which contains null above to 0.2
[ 2022-12-24 08:44:03,051 ] 47 root - INFO - Columns to drop: ['ab_000', 'ad_000', 'bk_000', 'bl_000', 'bm_000', 'bn_000', 'bo_000', 'bp_000', 'bq_000', 'br_000', 'cf_000', 'cg_000', 'ch_000', 'co_000', 'cr_000', 'ct_000', 'cu_000', 'cv_000', 'cx_000', 'cy_000', 'cz_000', 'da_000', 'db_000', 'dc_000']
[ 2022-12-24 08:44:03,133 ] 118 root - INFO - Reading train dataframe
[ 2022-12-24 08:44:03,512 ] 120 root - INFO - Reading test dataframe
[ 2022-12-24 08:44:03,619 ] 123 root - INFO - Drop null values colums from train df
[ 2022-12-24 08:44:03,636 ] 44 root - INFO - selecting column name which contains null above to 0.2
[ 2022-12-24 08:44:03,637 ] 47 root - INFO - Columns to drop: ['ab_000', 'ad_000', 'bk_000', 'bl_000', 'bm_000', 'bn_000', 'bo_000', 'bp_000', 'bq_000', 'br_000', 'cf_000', 'cg_000', 'ch_000', 'co_000', 'cr_000', 'ct_000', 'cu_000', 'cv_000', 'cx_000', 'cy_000', 'cz_000', 'da_000', 'db_000', 'dc_000']
[ 2022-12-24 08:44:03,646 ] 125 root - INFO - Drop null values colums from test df
[ 2022-12-24 08:44:03,651 ] 44 root - INFO - selecting column name which contains null above to 0.2
[ 2022-12-24 08:44:03,651 ] 47 root - INFO - Columns to drop: ['ab_000', 'ad_000', 'bk_000', 'bl_000', 'bm_000', 'bn_000', 'bo_000', 'bp_000', 'bq_000', 'br_000', 'cf_000', 'cg_000', 'ch_000', 'co_000', 'cr_000', 'ct_000', 'cu_000', 'cv_000', 'cx_000', 'cy_000', 'cz_000', 'da_000', 'db_000', 'dc_000']
[ 2022-12-24 08:44:09,551 ] 135 root - INFO - Is all required columns present in train df
[ 2022-12-24 08:44:09,552 ] 137 root - INFO - Is all required columns present in test df
[ 2022-12-24 08:44:09,552 ] 141 root - INFO - As all column are available in train df hence detecting data drift
[ 2022-12-24 08:44:09,552 ] 88 root - INFO - Hypothesis class: object, object 
[ 2022-12-24 08:44:09,683 ] 88 root - INFO - Hypothesis aa_000: float64, float64 
[ 2022-12-24 08:44:09,693 ] 88 root - INFO - Hypothesis ac_000: float64, float64 
[ 2022-12-24 08:44:09,701 ] 88 root - INFO - Hypothesis ae_000: float64, float64 
[ 2022-12-24 08:44:09,737 ] 88 root - INFO - Hypothesis af_000: float64, float64 
[ 2022-12-24 08:44:09,772 ] 88 root - INFO - Hypothesis ag_000: float64, float64 
[ 2022-12-24 08:44:09,806 ] 88 root - INFO - Hypothesis ag_001: float64, float64 
[ 2022-12-24 08:44:09,841 ] 88 root - INFO - Hypothesis ag_002: float64, float64 
[ 2022-12-24 08:44:09,877 ] 88 root - INFO - Hypothesis ag_003: float64, float64 
[ 2022-12-24 08:44:09,913 ] 88 root - INFO - Hypothesis ag_004: float64, float64 
[ 2022-12-24 08:44:09,923 ] 88 root - INFO - Hypothesis ag_005: float64, float64 
[ 2022-12-24 08:44:09,934 ] 88 root - INFO - Hypothesis ag_006: float64, float64 
[ 2022-12-24 08:44:09,944 ] 88 root - INFO - Hypothesis ag_007: float64, float64 
[ 2022-12-24 08:44:09,954 ] 88 root - INFO - Hypothesis ag_008: float64, float64 
[ 2022-12-24 08:44:09,962 ] 88 root - INFO - Hypothesis ag_009: float64, float64 
[ 2022-12-24 08:44:09,969 ] 88 root - INFO - Hypothesis ah_000: float64, float64 
[ 2022-12-24 08:44:09,980 ] 88 root - INFO - Hypothesis ai_000: float64, float64 
[ 2022-12-24 08:44:10,016 ] 88 root - INFO - Hypothesis aj_000: float64, float64 
[ 2022-12-24 08:44:10,053 ] 88 root - INFO - Hypothesis ak_000: float64, float64 
[ 2022-12-24 08:44:10,089 ] 88 root - INFO - Hypothesis al_000: float64, float64 
[ 2022-12-24 08:44:10,127 ] 88 root - INFO - Hypothesis am_0: float64, float64 
[ 2022-12-24 08:44:10,166 ] 88 root - INFO - Hypothesis an_000: float64, float64 
[ 2022-12-24 08:44:10,176 ] 88 root - INFO - Hypothesis ao_000: float64, float64 
[ 2022-12-24 08:44:10,187 ] 88 root - INFO - Hypothesis ap_000: float64, float64 
[ 2022-12-24 08:44:10,198 ] 88 root - INFO - Hypothesis aq_000: float64, float64 
[ 2022-12-24 08:44:10,208 ] 88 root - INFO - Hypothesis ar_000: float64, float64 
[ 2022-12-24 08:44:10,244 ] 88 root - INFO - Hypothesis as_000: float64, float64 
[ 2022-12-24 08:44:10,279 ] 88 root - INFO - Hypothesis at_000: float64, float64 
[ 2022-12-24 08:44:10,284 ] 88 root - INFO - Hypothesis au_000: float64, float64 
[ 2022-12-24 08:44:10,320 ] 88 root - INFO - Hypothesis av_000: float64, float64 
[ 2022-12-24 08:44:10,328 ] 88 root - INFO - Hypothesis ax_000: float64, float64 
[ 2022-12-24 08:44:10,336 ] 88 root - INFO - Hypothesis ay_000: float64, float64 
[ 2022-12-24 08:44:10,372 ] 88 root - INFO - Hypothesis ay_001: float64, float64 
[ 2022-12-24 08:44:10,408 ] 88 root - INFO - Hypothesis ay_002: float64, float64 
[ 2022-12-24 08:44:10,444 ] 88 root - INFO - Hypothesis ay_003: float64, float64 
[ 2022-12-24 08:44:10,480 ] 88 root - INFO - Hypothesis ay_004: float64, float64 
[ 2022-12-24 08:44:10,521 ] 88 root - INFO - Hypothesis ay_005: float64, float64 
[ 2022-12-24 08:44:10,530 ] 88 root - INFO - Hypothesis ay_006: float64, float64 
[ 2022-12-24 08:44:10,572 ] 88 root - INFO - Hypothesis ay_007: float64, float64 
[ 2022-12-24 08:44:10,582 ] 88 root - INFO - Hypothesis ay_008: float64, float64 
[ 2022-12-24 08:44:10,593 ] 88 root - INFO - Hypothesis ay_009: float64, float64 
[ 2022-12-24 08:44:10,628 ] 88 root - INFO - Hypothesis az_000: float64, float64 
[ 2022-12-24 08:44:10,639 ] 88 root - INFO - Hypothesis az_001: float64, float64 
[ 2022-12-24 08:44:10,648 ] 88 root - INFO - Hypothesis az_002: float64, float64 
[ 2022-12-24 08:44:10,658 ] 88 root - INFO - Hypothesis az_003: float64, float64 
[ 2022-12-24 08:44:10,668 ] 88 root - INFO - Hypothesis az_004: float64, float64 
[ 2022-12-24 08:44:10,679 ] 88 root - INFO - Hypothesis az_005: float64, float64 
[ 2022-12-24 08:44:10,690 ] 88 root - INFO - Hypothesis az_006: float64, float64 
[ 2022-12-24 08:44:10,699 ] 88 root - INFO - Hypothesis az_007: float64, float64 
[ 2022-12-24 08:44:10,737 ] 88 root - INFO - Hypothesis az_008: float64, float64 
[ 2022-12-24 08:44:10,773 ] 88 root - INFO - Hypothesis az_009: float64, float64 
[ 2022-12-24 08:44:10,809 ] 88 root - INFO - Hypothesis ba_000: float64, float64 
[ 2022-12-24 08:44:10,820 ] 88 root - INFO - Hypothesis ba_001: float64, float64 
[ 2022-12-24 08:44:10,831 ] 88 root - INFO - Hypothesis ba_002: float64, float64 
[ 2022-12-24 08:44:10,841 ] 88 root - INFO - Hypothesis ba_003: float64, float64 
[ 2022-12-24 08:44:10,852 ] 88 root - INFO - Hypothesis ba_004: float64, float64 
[ 2022-12-24 08:44:10,862 ] 88 root - INFO - Hypothesis ba_005: float64, float64 
[ 2022-12-24 08:44:10,872 ] 88 root - INFO - Hypothesis ba_006: float64, float64 
[ 2022-12-24 08:44:10,883 ] 88 root - INFO - Hypothesis ba_007: float64, float64 
[ 2022-12-24 08:44:10,892 ] 88 root - INFO - Hypothesis ba_008: float64, float64 
[ 2022-12-24 08:44:10,900 ] 88 root - INFO - Hypothesis ba_009: float64, float64 
[ 2022-12-24 08:44:10,940 ] 88 root - INFO - Hypothesis bb_000: float64, float64 
[ 2022-12-24 08:44:10,950 ] 88 root - INFO - Hypothesis bc_000: float64, float64 
[ 2022-12-24 08:44:10,958 ] 88 root - INFO - Hypothesis bd_000: float64, float64 
[ 2022-12-24 08:44:10,967 ] 88 root - INFO - Hypothesis be_000: float64, float64 
[ 2022-12-24 08:44:10,976 ] 88 root - INFO - Hypothesis bf_000: float64, float64 
[ 2022-12-24 08:44:10,983 ] 88 root - INFO - Hypothesis bg_000: float64, float64 
[ 2022-12-24 08:44:10,994 ] 88 root - INFO - Hypothesis bh_000: float64, float64 
[ 2022-12-24 08:44:11,004 ] 88 root - INFO - Hypothesis bi_000: float64, float64 
[ 2022-12-24 08:44:11,015 ] 88 root - INFO - Hypothesis bj_000: float64, float64 
[ 2022-12-24 08:44:11,026 ] 88 root - INFO - Hypothesis bs_000: float64, float64 
[ 2022-12-24 08:44:11,037 ] 88 root - INFO - Hypothesis bt_000: float64, float64 
[ 2022-12-24 08:44:11,047 ] 88 root - INFO - Hypothesis bu_000: float64, float64 
[ 2022-12-24 08:44:11,058 ] 88 root - INFO - Hypothesis bv_000: float64, float64 
[ 2022-12-24 08:44:11,068 ] 88 root - INFO - Hypothesis bx_000: float64, float64 
[ 2022-12-24 08:44:11,079 ] 88 root - INFO - Hypothesis by_000: float64, float64 
[ 2022-12-24 08:44:11,089 ] 88 root - INFO - Hypothesis bz_000: float64, float64 
[ 2022-12-24 08:44:11,099 ] 88 root - INFO - Hypothesis ca_000: float64, float64 
[ 2022-12-24 08:44:11,109 ] 88 root - INFO - Hypothesis cb_000: float64, float64 
[ 2022-12-24 08:44:11,120 ] 88 root - INFO - Hypothesis cc_000: float64, float64 
[ 2022-12-24 08:44:11,131 ] 88 root - INFO - Hypothesis cd_000: float64, float64 
[ 2022-12-24 08:44:11,167 ] 88 root - INFO - Hypothesis ce_000: float64, float64 
[ 2022-12-24 08:44:11,176 ] 88 root - INFO - Hypothesis ci_000: float64, float64 
[ 2022-12-24 08:44:11,187 ] 88 root - INFO - Hypothesis cj_000: float64, float64 
[ 2022-12-24 08:44:11,225 ] 88 root - INFO - Hypothesis ck_000: float64, float64 
[ 2022-12-24 08:44:11,235 ] 88 root - INFO - Hypothesis cl_000: float64, float64 
[ 2022-12-24 08:44:11,242 ] 88 root - INFO - Hypothesis cm_000: float64, float64 
[ 2022-12-24 08:44:11,249 ] 88 root - INFO - Hypothesis cn_000: float64, float64 
[ 2022-12-24 08:44:11,284 ] 88 root - INFO - Hypothesis cn_001: float64, float64 
[ 2022-12-24 08:44:11,322 ] 88 root - INFO - Hypothesis cn_002: float64, float64 
[ 2022-12-24 08:44:11,330 ] 88 root - INFO - Hypothesis cn_003: float64, float64 
[ 2022-12-24 08:44:11,341 ] 88 root - INFO - Hypothesis cn_004: float64, float64 
[ 2022-12-24 08:44:11,352 ] 88 root - INFO - Hypothesis cn_005: float64, float64 
[ 2022-12-24 08:44:11,362 ] 88 root - INFO - Hypothesis cn_006: float64, float64 
[ 2022-12-24 08:44:11,373 ] 88 root - INFO - Hypothesis cn_007: float64, float64 
[ 2022-12-24 08:44:11,383 ] 88 root - INFO - Hypothesis cn_008: float64, float64 
[ 2022-12-24 08:44:11,423 ] 88 root - INFO - Hypothesis cn_009: float64, float64 
[ 2022-12-24 08:44:11,430 ] 88 root - INFO - Hypothesis cp_000: float64, float64 
[ 2022-12-24 08:44:11,469 ] 88 root - INFO - Hypothesis cq_000: float64, float64 
[ 2022-12-24 08:44:11,479 ] 88 root - INFO - Hypothesis cs_000: float64, float64 
[ 2022-12-24 08:44:11,490 ] 88 root - INFO - Hypothesis cs_001: float64, float64 
[ 2022-12-24 08:44:11,531 ] 88 root - INFO - Hypothesis cs_002: float64, float64 
[ 2022-12-24 08:44:11,541 ] 88 root - INFO - Hypothesis cs_003: float64, float64 
[ 2022-12-24 08:44:11,551 ] 88 root - INFO - Hypothesis cs_004: float64, float64 
[ 2022-12-24 08:44:11,562 ] 88 root - INFO - Hypothesis cs_005: float64, float64 
[ 2022-12-24 08:44:11,572 ] 88 root - INFO - Hypothesis cs_006: float64, float64 
[ 2022-12-24 08:44:11,583 ] 88 root - INFO - Hypothesis cs_007: float64, float64 
[ 2022-12-24 08:44:11,624 ] 88 root - INFO - Hypothesis cs_008: float64, float64 
[ 2022-12-24 08:44:11,662 ] 88 root - INFO - Hypothesis cs_009: float64, float64 
[ 2022-12-24 08:44:11,697 ] 88 root - INFO - Hypothesis dd_000: float64, float64 
[ 2022-12-24 08:44:11,706 ] 88 root - INFO - Hypothesis de_000: float64, float64 
[ 2022-12-24 08:44:11,715 ] 88 root - INFO - Hypothesis df_000: float64, float64 
[ 2022-12-24 08:44:11,750 ] 88 root - INFO - Hypothesis dg_000: float64, float64 
[ 2022-12-24 08:44:11,786 ] 88 root - INFO - Hypothesis dh_000: float64, float64 
[ 2022-12-24 08:44:11,823 ] 88 root - INFO - Hypothesis di_000: float64, float64 
[ 2022-12-24 08:44:11,829 ] 88 root - INFO - Hypothesis dj_000: float64, float64 
[ 2022-12-24 08:44:11,864 ] 88 root - INFO - Hypothesis dk_000: float64, float64 
[ 2022-12-24 08:44:11,900 ] 88 root - INFO - Hypothesis dl_000: float64, float64 
[ 2022-12-24 08:44:11,936 ] 88 root - INFO - Hypothesis dm_000: float64, float64 
[ 2022-12-24 08:44:11,971 ] 88 root - INFO - Hypothesis dn_000: float64, float64 
[ 2022-12-24 08:44:11,981 ] 88 root - INFO - Hypothesis do_000: float64, float64 
[ 2022-12-24 08:44:11,991 ] 88 root - INFO - Hypothesis dp_000: float64, float64 
[ 2022-12-24 08:44:12,000 ] 88 root - INFO - Hypothesis dq_000: float64, float64 
[ 2022-12-24 08:44:12,038 ] 88 root - INFO - Hypothesis dr_000: float64, float64 
[ 2022-12-24 08:44:12,076 ] 88 root - INFO - Hypothesis ds_000: float64, float64 
[ 2022-12-24 08:44:12,087 ] 88 root - INFO - Hypothesis dt_000: float64, float64 
[ 2022-12-24 08:44:12,097 ] 88 root - INFO - Hypothesis du_000: float64, float64 
[ 2022-12-24 08:44:12,107 ] 88 root - INFO - Hypothesis dv_000: float64, float64 
[ 2022-12-24 08:44:12,117 ] 88 root - INFO - Hypothesis dx_000: float64, float64 
[ 2022-12-24 08:44:12,124 ] 88 root - INFO - Hypothesis dy_000: float64, float64 
[ 2022-12-24 08:44:12,131 ] 88 root - INFO - Hypothesis dz_000: float64, float64 
[ 2022-12-24 08:44:12,169 ] 88 root - INFO - Hypothesis ea_000: float64, float64 
[ 2022-12-24 08:44:12,205 ] 88 root - INFO - Hypothesis eb_000: float64, float64 
[ 2022-12-24 08:44:12,214 ] 88 root - INFO - Hypothesis ec_00: float64, float64 
[ 2022-12-24 08:44:12,224 ] 88 root - INFO - Hypothesis ed_000: float64, float64 
[ 2022-12-24 08:44:12,232 ] 88 root - INFO - Hypothesis ee_000: float64, float64 
[ 2022-12-24 08:44:12,243 ] 88 root - INFO - Hypothesis ee_001: float64, float64 
[ 2022-12-24 08:44:12,254 ] 88 root - INFO - Hypothesis ee_002: float64, float64 
[ 2022-12-24 08:44:12,265 ] 88 root - INFO - Hypothesis ee_003: float64, float64 
[ 2022-12-24 08:44:12,275 ] 88 root - INFO - Hypothesis ee_004: float64, float64 
[ 2022-12-24 08:44:12,285 ] 88 root - INFO - Hypothesis ee_005: float64, float64 
[ 2022-12-24 08:44:12,295 ] 88 root - INFO - Hypothesis ee_006: float64, float64 
[ 2022-12-24 08:44:12,306 ] 88 root - INFO - Hypothesis ee_007: float64, float64 
[ 2022-12-24 08:44:12,316 ] 88 root - INFO - Hypothesis ee_008: float64, float64 
[ 2022-12-24 08:44:12,325 ] 88 root - INFO - Hypothesis ee_009: float64, float64 
[ 2022-12-24 08:44:12,333 ] 88 root - INFO - Hypothesis ef_000: float64, float64 
[ 2022-12-24 08:44:12,368 ] 88 root - INFO - Hypothesis eg_000: float64, float64 
[ 2022-12-24 08:44:12,403 ] 144 root - INFO - As all column are available in test df hence detecting data drift
[ 2022-12-24 08:44:12,404 ] 88 root - INFO - Hypothesis class: object, object 
[ 2022-12-24 08:44:12,479 ] 88 root - INFO - Hypothesis aa_000: float64, float64 
[ 2022-12-24 08:44:12,486 ] 88 root - INFO - Hypothesis ac_000: float64, float64 
[ 2022-12-24 08:44:12,491 ] 88 root - INFO - Hypothesis ae_000: float64, float64 
[ 2022-12-24 08:44:12,507 ] 88 root - INFO - Hypothesis af_000: float64, float64 
[ 2022-12-24 08:44:12,522 ] 88 root - INFO - Hypothesis ag_000: float64, float64 
[ 2022-12-24 08:44:12,536 ] 88 root - INFO - Hypothesis ag_001: float64, float64 
[ 2022-12-24 08:44:12,551 ] 88 root - INFO - Hypothesis ag_002: float64, float64 
[ 2022-12-24 08:44:12,566 ] 88 root - INFO - Hypothesis ag_003: float64, float64 
[ 2022-12-24 08:44:12,571 ] 88 root - INFO - Hypothesis ag_004: float64, float64 
[ 2022-12-24 08:44:12,578 ] 88 root - INFO - Hypothesis ag_005: float64, float64 
[ 2022-12-24 08:44:12,585 ] 88 root - INFO - Hypothesis ag_006: float64, float64 
[ 2022-12-24 08:44:12,592 ] 88 root - INFO - Hypothesis ag_007: float64, float64 
[ 2022-12-24 08:44:12,598 ] 88 root - INFO - Hypothesis ag_008: float64, float64 
[ 2022-12-24 08:44:12,604 ] 88 root - INFO - Hypothesis ag_009: float64, float64 
[ 2022-12-24 08:44:12,609 ] 88 root - INFO - Hypothesis ah_000: float64, float64 
[ 2022-12-24 08:44:12,616 ] 88 root - INFO - Hypothesis ai_000: float64, float64 
[ 2022-12-24 08:44:12,619 ] 88 root - INFO - Hypothesis aj_000: float64, float64 
[ 2022-12-24 08:44:12,623 ] 88 root - INFO - Hypothesis ak_000: float64, float64 
[ 2022-12-24 08:44:12,639 ] 88 root - INFO - Hypothesis al_000: float64, float64 
[ 2022-12-24 08:44:12,644 ] 88 root - INFO - Hypothesis am_0: float64, float64 
[ 2022-12-24 08:44:12,649 ] 88 root - INFO - Hypothesis an_000: float64, float64 
[ 2022-12-24 08:44:12,656 ] 88 root - INFO - Hypothesis ao_000: float64, float64 
[ 2022-12-24 08:44:12,663 ] 88 root - INFO - Hypothesis ap_000: float64, float64 
[ 2022-12-24 08:44:12,671 ] 88 root - INFO - Hypothesis aq_000: float64, float64 
[ 2022-12-24 08:44:12,678 ] 88 root - INFO - Hypothesis ar_000: float64, float64 
[ 2022-12-24 08:44:12,693 ] 88 root - INFO - Hypothesis as_000: float64, float64 
[ 2022-12-24 08:44:12,708 ] 88 root - INFO - Hypothesis at_000: float64, float64 
[ 2022-12-24 08:44:12,712 ] 88 root - INFO - Hypothesis au_000: float64, float64 
[ 2022-12-24 08:44:12,726 ] 88 root - INFO - Hypothesis av_000: float64, float64 
[ 2022-12-24 08:44:12,732 ] 88 root - INFO - Hypothesis ax_000: float64, float64 
[ 2022-12-24 08:44:12,738 ] 88 root - INFO - Hypothesis ay_000: float64, float64 
[ 2022-12-24 08:44:12,752 ] 88 root - INFO - Hypothesis ay_001: float64, float64 
[ 2022-12-24 08:44:12,767 ] 88 root - INFO - Hypothesis ay_002: float64, float64 
[ 2022-12-24 08:44:12,782 ] 88 root - INFO - Hypothesis ay_003: float64, float64 
[ 2022-12-24 08:44:12,797 ] 88 root - INFO - Hypothesis ay_004: float64, float64 
[ 2022-12-24 08:44:12,812 ] 88 root - INFO - Hypothesis ay_005: float64, float64 
[ 2022-12-24 08:44:12,818 ] 88 root - INFO - Hypothesis ay_006: float64, float64 
[ 2022-12-24 08:44:12,824 ] 88 root - INFO - Hypothesis ay_007: float64, float64 
[ 2022-12-24 08:44:12,830 ] 88 root - INFO - Hypothesis ay_008: float64, float64 
[ 2022-12-24 08:44:12,837 ] 88 root - INFO - Hypothesis ay_009: float64, float64 
[ 2022-12-24 08:44:12,852 ] 88 root - INFO - Hypothesis az_000: float64, float64 
[ 2022-12-24 08:44:12,858 ] 88 root - INFO - Hypothesis az_001: float64, float64 
[ 2022-12-24 08:44:12,865 ] 88 root - INFO - Hypothesis az_002: float64, float64 
[ 2022-12-24 08:44:12,871 ] 88 root - INFO - Hypothesis az_003: float64, float64 
[ 2022-12-24 08:44:12,878 ] 88 root - INFO - Hypothesis az_004: float64, float64 
[ 2022-12-24 08:44:12,885 ] 88 root - INFO - Hypothesis az_005: float64, float64 
[ 2022-12-24 08:44:12,892 ] 88 root - INFO - Hypothesis az_006: float64, float64 
[ 2022-12-24 08:44:12,898 ] 88 root - INFO - Hypothesis az_007: float64, float64 
[ 2022-12-24 08:44:12,902 ] 88 root - INFO - Hypothesis az_008: float64, float64 
[ 2022-12-24 08:44:12,918 ] 88 root - INFO - Hypothesis az_009: float64, float64 
[ 2022-12-24 08:44:12,932 ] 88 root - INFO - Hypothesis ba_000: float64, float64 
[ 2022-12-24 08:44:12,939 ] 88 root - INFO - Hypothesis ba_001: float64, float64 
[ 2022-12-24 08:44:12,946 ] 88 root - INFO - Hypothesis ba_002: float64, float64 
[ 2022-12-24 08:44:12,953 ] 88 root - INFO - Hypothesis ba_003: float64, float64 
[ 2022-12-24 08:44:12,960 ] 88 root - INFO - Hypothesis ba_004: float64, float64 
[ 2022-12-24 08:44:12,967 ] 88 root - INFO - Hypothesis ba_005: float64, float64 
[ 2022-12-24 08:44:12,974 ] 88 root - INFO - Hypothesis ba_006: float64, float64 
[ 2022-12-24 08:44:12,981 ] 88 root - INFO - Hypothesis ba_007: float64, float64 
[ 2022-12-24 08:44:12,988 ] 88 root - INFO - Hypothesis ba_008: float64, float64 
[ 2022-12-24 08:44:12,993 ] 88 root - INFO - Hypothesis ba_009: float64, float64 
[ 2022-12-24 08:44:12,998 ] 88 root - INFO - Hypothesis bb_000: float64, float64 
[ 2022-12-24 08:44:13,005 ] 88 root - INFO - Hypothesis bc_000: float64, float64 
[ 2022-12-24 08:44:13,010 ] 88 root - INFO - Hypothesis bd_000: float64, float64 
[ 2022-12-24 08:44:13,016 ] 88 root - INFO - Hypothesis be_000: float64, float64 
[ 2022-12-24 08:44:13,022 ] 88 root - INFO - Hypothesis bf_000: float64, float64 
[ 2022-12-24 08:44:13,026 ] 88 root - INFO - Hypothesis bg_000: float64, float64 
[ 2022-12-24 08:44:13,033 ] 88 root - INFO - Hypothesis bh_000: float64, float64 
[ 2022-12-24 08:44:13,040 ] 88 root - INFO - Hypothesis bi_000: float64, float64 
[ 2022-12-24 08:44:13,047 ] 88 root - INFO - Hypothesis bj_000: float64, float64 
[ 2022-12-24 08:44:13,055 ] 88 root - INFO - Hypothesis bs_000: float64, float64 
[ 2022-12-24 08:44:13,062 ] 88 root - INFO - Hypothesis bt_000: float64, float64 
[ 2022-12-24 08:44:13,069 ] 88 root - INFO - Hypothesis bu_000: float64, float64 
[ 2022-12-24 08:44:13,076 ] 88 root - INFO - Hypothesis bv_000: float64, float64 
[ 2022-12-24 08:44:13,083 ] 88 root - INFO - Hypothesis bx_000: float64, float64 
[ 2022-12-24 08:44:13,090 ] 88 root - INFO - Hypothesis by_000: float64, float64 
[ 2022-12-24 08:44:13,097 ] 88 root - INFO - Hypothesis bz_000: float64, float64 
[ 2022-12-24 08:44:13,103 ] 88 root - INFO - Hypothesis ca_000: float64, float64 
[ 2022-12-24 08:44:13,110 ] 88 root - INFO - Hypothesis cb_000: float64, float64 
[ 2022-12-24 08:44:13,118 ] 88 root - INFO - Hypothesis cc_000: float64, float64 
[ 2022-12-24 08:44:13,125 ] 88 root - INFO - Hypothesis cd_000: float64, float64 
[ 2022-12-24 08:44:13,140 ] 88 root - INFO - Hypothesis ce_000: float64, float64 
[ 2022-12-24 08:44:13,146 ] 88 root - INFO - Hypothesis ci_000: float64, float64 
[ 2022-12-24 08:44:13,153 ] 88 root - INFO - Hypothesis cj_000: float64, float64 
[ 2022-12-24 08:44:13,157 ] 88 root - INFO - Hypothesis ck_000: float64, float64 
[ 2022-12-24 08:44:13,164 ] 88 root - INFO - Hypothesis cl_000: float64, float64 
[ 2022-12-24 08:44:13,169 ] 88 root - INFO - Hypothesis cm_000: float64, float64 
[ 2022-12-24 08:44:13,173 ] 88 root - INFO - Hypothesis cn_000: float64, float64 
[ 2022-12-24 08:44:13,188 ] 88 root - INFO - Hypothesis cn_001: float64, float64 
[ 2022-12-24 08:44:13,192 ] 88 root - INFO - Hypothesis cn_002: float64, float64 
[ 2022-12-24 08:44:13,197 ] 88 root - INFO - Hypothesis cn_003: float64, float64 
[ 2022-12-24 08:44:13,204 ] 88 root - INFO - Hypothesis cn_004: float64, float64 
[ 2022-12-24 08:44:13,211 ] 88 root - INFO - Hypothesis cn_005: float64, float64 
[ 2022-12-24 08:44:13,218 ] 88 root - INFO - Hypothesis cn_006: float64, float64 
[ 2022-12-24 08:44:13,225 ] 88 root - INFO - Hypothesis cn_007: float64, float64 
[ 2022-12-24 08:44:13,232 ] 88 root - INFO - Hypothesis cn_008: float64, float64 
[ 2022-12-24 08:44:13,238 ] 88 root - INFO - Hypothesis cn_009: float64, float64 
[ 2022-12-24 08:44:13,243 ] 88 root - INFO - Hypothesis cp_000: float64, float64 
[ 2022-12-24 08:44:13,248 ] 88 root - INFO - Hypothesis cq_000: float64, float64 
[ 2022-12-24 08:44:13,255 ] 88 root - INFO - Hypothesis cs_000: float64, float64 
[ 2022-12-24 08:44:13,262 ] 88 root - INFO - Hypothesis cs_001: float64, float64 
[ 2022-12-24 08:44:13,268 ] 88 root - INFO - Hypothesis cs_002: float64, float64 
[ 2022-12-24 08:44:13,274 ] 88 root - INFO - Hypothesis cs_003: float64, float64 
[ 2022-12-24 08:44:13,281 ] 88 root - INFO - Hypothesis cs_004: float64, float64 
[ 2022-12-24 08:44:13,288 ] 88 root - INFO - Hypothesis cs_005: float64, float64 
[ 2022-12-24 08:44:13,295 ] 88 root - INFO - Hypothesis cs_006: float64, float64 
[ 2022-12-24 08:44:13,303 ] 88 root - INFO - Hypothesis cs_007: float64, float64 
[ 2022-12-24 08:44:13,309 ] 88 root - INFO - Hypothesis cs_008: float64, float64 
[ 2022-12-24 08:44:13,315 ] 88 root - INFO - Hypothesis cs_009: float64, float64 
[ 2022-12-24 08:44:13,329 ] 88 root - INFO - Hypothesis dd_000: float64, float64 
[ 2022-12-24 08:44:13,336 ] 88 root - INFO - Hypothesis de_000: float64, float64 
[ 2022-12-24 08:44:13,341 ] 88 root - INFO - Hypothesis df_000: float64, float64 
[ 2022-12-24 08:44:13,345 ] 88 root - INFO - Hypothesis dg_000: float64, float64 
[ 2022-12-24 08:44:13,360 ] 88 root - INFO - Hypothesis dh_000: float64, float64 
[ 2022-12-24 08:44:13,364 ] 88 root - INFO - Hypothesis di_000: float64, float64 
[ 2022-12-24 08:44:13,368 ] 88 root - INFO - Hypothesis dj_000: float64, float64 
[ 2022-12-24 08:44:13,371 ] 88 root - INFO - Hypothesis dk_000: float64, float64 
[ 2022-12-24 08:44:13,375 ] 88 root - INFO - Hypothesis dl_000: float64, float64 
[ 2022-12-24 08:44:13,390 ] 88 root - INFO - Hypothesis dm_000: float64, float64 
[ 2022-12-24 08:44:13,405 ] 88 root - INFO - Hypothesis dn_000: float64, float64 
[ 2022-12-24 08:44:13,411 ] 88 root - INFO - Hypothesis do_000: float64, float64 
[ 2022-12-24 08:44:13,418 ] 88 root - INFO - Hypothesis dp_000: float64, float64 
[ 2022-12-24 08:44:13,424 ] 88 root - INFO - Hypothesis dq_000: float64, float64 
[ 2022-12-24 08:44:13,428 ] 88 root - INFO - Hypothesis dr_000: float64, float64 
[ 2022-12-24 08:44:13,432 ] 88 root - INFO - Hypothesis ds_000: float64, float64 
[ 2022-12-24 08:44:13,439 ] 88 root - INFO - Hypothesis dt_000: float64, float64 
[ 2022-12-24 08:44:13,446 ] 88 root - INFO - Hypothesis du_000: float64, float64 
[ 2022-12-24 08:44:13,453 ] 88 root - INFO - Hypothesis dv_000: float64, float64 
[ 2022-12-24 08:44:13,459 ] 88 root - INFO - Hypothesis dx_000: float64, float64 
[ 2022-12-24 08:44:13,464 ] 88 root - INFO - Hypothesis dy_000: float64, float64 
[ 2022-12-24 08:44:13,469 ] 88 root - INFO - Hypothesis dz_000: float64, float64 
[ 2022-12-24 08:44:13,484 ] 88 root - INFO - Hypothesis ea_000: float64, float64 
[ 2022-12-24 08:44:13,498 ] 88 root - INFO - Hypothesis eb_000: float64, float64 
[ 2022-12-24 08:44:13,504 ] 88 root - INFO - Hypothesis ec_00: float64, float64 
[ 2022-12-24 08:44:13,511 ] 88 root - INFO - Hypothesis ed_000: float64, float64 
[ 2022-12-24 08:44:13,517 ] 88 root - INFO - Hypothesis ee_000: float64, float64 
[ 2022-12-24 08:44:13,524 ] 88 root - INFO - Hypothesis ee_001: float64, float64 
[ 2022-12-24 08:44:13,531 ] 88 root - INFO - Hypothesis ee_002: float64, float64 
[ 2022-12-24 08:44:13,538 ] 88 root - INFO - Hypothesis ee_003: float64, float64 
[ 2022-12-24 08:44:13,545 ] 88 root - INFO - Hypothesis ee_004: float64, float64 
[ 2022-12-24 08:44:13,552 ] 88 root - INFO - Hypothesis ee_005: float64, float64 
[ 2022-12-24 08:44:13,559 ] 88 root - INFO - Hypothesis ee_006: float64, float64 
[ 2022-12-24 08:44:13,565 ] 88 root - INFO - Hypothesis ee_007: float64, float64 
[ 2022-12-24 08:44:13,572 ] 88 root - INFO - Hypothesis ee_008: float64, float64 
[ 2022-12-24 08:44:13,578 ] 88 root - INFO - Hypothesis ee_009: float64, float64 
[ 2022-12-24 08:44:13,583 ] 88 root - INFO - Hypothesis ef_000: float64, float64 
[ 2022-12-24 08:44:13,598 ] 88 root - INFO - Hypothesis eg_000: float64, float64 
[ 2022-12-24 08:44:13,612 ] 148 root - INFO - Write reprt in yaml file
[ 2022-12-24 08:44:13,679 ] 153 root - INFO - Data validation artifact: DataValidationArtifact(report_file_path='/config/workspace/artifact/12242022__084338/data_validation/report.yaml')
[ 2022-12-24 08:44:13,681 ] 23 root - INFO - >>>>>>>>>>>>>>>>>>>>>>>>>>>>>>>>>>>>>>>> Data Transformation <<<<<<<<<<<<<<<<<<<<<<<<<<<<<<<<<<<<<<<<
[ 2022-12-24 08:44:14,616 ] 72 root - INFO - Before resampling in training set Input: (28950, 170) Target:(28950,)
[ 2022-12-24 08:44:20,366 ] 74 root - INFO - After resampling in training set Input: (56140, 170) Target:(56140,)
[ 2022-12-24 08:44:20,367 ] 76 root - INFO - Before resampling in testing set Input: (7238, 170) Target:(7238,)
[ 2022-12-24 08:44:20,932 ] 78 root - INFO - After resampling in testing set Input: (14062, 170) Target:(14062,)
[ 2022-12-24 08:44:21,047 ] 54 root - INFO - Entered the save_object method of utils
[ 2022-12-24 08:44:21,050 ] 58 root - INFO - Exited the save_object method of utils
[ 2022-12-24 08:44:21,050 ] 54 root - INFO - Entered the save_object method of utils
[ 2022-12-24 08:44:21,051 ] 58 root - INFO - Exited the save_object method of utils
[ 2022-12-24 08:44:21,051 ] 106 root - INFO - Data transformation object DataTransformationArtifact(transform_object_path='/config/workspace/artifact/12242022__084338/data_transformation/transformer/transformer.pkl', transformed_train_path='/config/workspace/artifact/12242022__084338/data_transformation/transformed/train.npz', transformed_test_path='/config/workspace/artifact/12242022__084338/data_transformation/transformed/test.npz', target_encoder_path='/config/workspace/artifact/12242022__084338/data_transformation/target_encoder/target_encoder.pkl')
[ 2022-12-24 08:44:21,052 ] 18 root - INFO - >>>>>>>>>>>>>>>>>>>>>>>>>>>>>>>>>>>>>>>> Model Trainer <<<<<<<<<<<<<<<<<<<<<<<<<<<<<<<<<<<<<<<<
[ 2022-12-24 08:44:21,052 ] 45 root - INFO - Loading train and test array.
[ 2022-12-24 08:44:21,083 ] 49 root - INFO - Splitting input and target feature from both train and test arr.
[ 2022-12-24 08:44:21,084 ] 53 root - INFO - Train the model
[ 2022-12-24 08:44:30,980 ] 56 root - INFO - Calculating f1 train score
[ 2022-12-24 08:44:31,037 ] 60 root - INFO - Calculating f1 test score
[ 2022-12-24 08:44:31,054 ] 64 root - INFO - train score:0.9999821870713764 and tests score 0.9884236101186223
[ 2022-12-24 08:44:31,054 ] 66 root - INFO - Checking if our model is underfitting or not
[ 2022-12-24 08:44:31,054 ] 71 root - INFO - Checking if our model is overfiiting or not
[ 2022-12-24 08:44:31,054 ] 78 root - INFO - Saving mode object
[ 2022-12-24 08:44:31,054 ] 54 root - INFO - Entered the save_object method of utils
[ 2022-12-24 08:44:31,059 ] 58 root - INFO - Exited the save_object method of utils
[ 2022-12-24 08:44:31,059 ] 82 root - INFO - Prepare the artifact
[ 2022-12-24 08:44:31,059 ] 85 root - INFO - Model trainer artifact: ModelTrainerArtifact(model_path='/config/workspace/artifact/12242022__084338/model_trainer/model/model.pkl', f1_train_score=0.9999821870713764, f1_test_score=0.9884236101186223)
