[ 2022-12-24 08:32:18,150 ] 22 root - INFO - Exporting collection data as pandas dataframe
[ 2022-12-24 08:32:18,150 ] 18 root - INFO - Reading data from database: aps and collection: sensor
[ 2022-12-24 08:32:21,466 ] 20 root - INFO - Found columns: Index(['_id', 'class', 'aa_000', 'ab_000', 'ac_000', 'ad_000', 'ae_000',
       'af_000', 'ag_000', 'ag_001',
       ...
       'ee_002', 'ee_003', 'ee_004', 'ee_005', 'ee_006', 'ee_007', 'ee_008',
       'ee_009', 'ef_000', 'eg_000'],
      dtype='object', length=172)
[ 2022-12-24 08:32:21,466 ] 22 root - INFO - Dropping column: _id 
[ 2022-12-24 08:32:21,661 ] 24 root - INFO - Row and columns in df: (36188, 171)
[ 2022-12-24 08:32:21,661 ] 28 root - INFO - Save data in feature store
[ 2022-12-24 08:32:22,189 ] 32 root - INFO - Create feature store folder if not available
[ 2022-12-24 08:32:22,190 ] 38 root - INFO - Save df to feature store folder
[ 2022-12-24 08:32:24,650 ] 42 root - INFO - split dataset into train and test set
[ 2022-12-24 08:32:25,221 ] 46 root - INFO - create dataset directory folder if not available
[ 2022-12-24 08:32:25,222 ] 51 root - INFO - Save df to feature store folder
[ 2022-12-24 08:32:27,463 ] 63 root - INFO - Data ingestion artifact: DataIngestionArtifact(feature_store_file_path='/config/workspace/artifact/12242022__083218/data_ingestion/feature_store/sensor.csv', train_file_path='/config/workspace/artifact/12242022__083218/data_ingestion/dataset/train.csv', test_file_path='/config/workspace/artifact/12242022__083218/data_ingestion/dataset/test.csv')
[ 2022-12-24 08:32:27,895 ] 22 root - INFO - Exporting collection data as pandas dataframe
[ 2022-12-24 08:32:27,896 ] 18 root - INFO - Reading data from database: aps and collection: sensor
[ 2022-12-24 08:32:31,303 ] 20 root - INFO - Found columns: Index(['_id', 'class', 'aa_000', 'ab_000', 'ac_000', 'ad_000', 'ae_000',
       'af_000', 'ag_000', 'ag_001',
       ...
       'ee_002', 'ee_003', 'ee_004', 'ee_005', 'ee_006', 'ee_007', 'ee_008',
       'ee_009', 'ef_000', 'eg_000'],
      dtype='object', length=172)
[ 2022-12-24 08:32:31,303 ] 22 root - INFO - Dropping column: _id 
[ 2022-12-24 08:32:31,499 ] 24 root - INFO - Row and columns in df: (36188, 171)
[ 2022-12-24 08:32:31,499 ] 28 root - INFO - Save data in feature store
[ 2022-12-24 08:32:32,021 ] 32 root - INFO - Create feature store folder if not available
[ 2022-12-24 08:32:32,021 ] 38 root - INFO - Save df to feature store folder
[ 2022-12-24 08:32:34,573 ] 42 root - INFO - split dataset into train and test set
[ 2022-12-24 08:32:35,140 ] 46 root - INFO - create dataset directory folder if not available
[ 2022-12-24 08:32:35,141 ] 51 root - INFO - Save df to feature store folder
[ 2022-12-24 08:32:37,454 ] 63 root - INFO - Data ingestion artifact: DataIngestionArtifact(feature_store_file_path='/config/workspace/artifact/12242022__083218/data_ingestion/feature_store/sensor.csv', train_file_path='/config/workspace/artifact/12242022__083218/data_ingestion/dataset/train.csv', test_file_path='/config/workspace/artifact/12242022__083218/data_ingestion/dataset/test.csv')
[ 2022-12-24 08:32:37,827 ] 22 root - INFO - >>>>>>>>>>>>>>>>>>>>>>>>>>>>>>>>>>>>>>>> Data Validation <<<<<<<<<<<<<<<<<<<<<<<<<<<<<<<<<<<<<<<<
[ 2022-12-24 08:32:37,827 ] 110 root - INFO - Reading base dataframe
[ 2022-12-24 08:32:40,792 ] 113 root - INFO - Replace na value in base df
[ 2022-12-24 08:32:40,792 ] 115 root - INFO - Drop null values colums from base df
[ 2022-12-24 08:32:41,802 ] 44 root - INFO - selecting column name which contains null above to 0.2
[ 2022-12-24 08:32:41,803 ] 47 root - INFO - Columns to drop: ['ab_000', 'ad_000', 'bk_000', 'bl_000', 'bm_000', 'bn_000', 'bo_000', 'bp_000', 'bq_000', 'br_000', 'cf_000', 'cg_000', 'ch_000', 'co_000', 'cr_000', 'ct_000', 'cu_000', 'cv_000', 'cx_000', 'cy_000', 'cz_000', 'da_000', 'db_000', 'dc_000']
[ 2022-12-24 08:32:41,899 ] 118 root - INFO - Reading train dataframe
[ 2022-12-24 08:32:42,282 ] 120 root - INFO - Reading test dataframe
[ 2022-12-24 08:32:42,390 ] 123 root - INFO - Drop null values colums from train df
[ 2022-12-24 08:32:42,401 ] 44 root - INFO - selecting column name which contains null above to 0.2
[ 2022-12-24 08:32:42,402 ] 47 root - INFO - Columns to drop: ['ab_000', 'ad_000', 'bk_000', 'bl_000', 'bm_000', 'bn_000', 'bo_000', 'bp_000', 'bq_000', 'br_000', 'cf_000', 'cg_000', 'ch_000', 'co_000', 'cr_000', 'ct_000', 'cu_000', 'cv_000', 'cx_000', 'cy_000', 'cz_000', 'da_000', 'db_000', 'dc_000']
[ 2022-12-24 08:32:42,411 ] 125 root - INFO - Drop null values colums from test df
[ 2022-12-24 08:32:42,415 ] 44 root - INFO - selecting column name which contains null above to 0.2
[ 2022-12-24 08:32:42,416 ] 47 root - INFO - Columns to drop: ['ab_000', 'ad_000', 'bk_000', 'bl_000', 'bm_000', 'bn_000', 'bo_000', 'bp_000', 'bq_000', 'br_000', 'cf_000', 'cg_000', 'ch_000', 'co_000', 'cr_000', 'ct_000', 'cu_000', 'cv_000', 'cx_000', 'cy_000', 'cz_000', 'da_000', 'db_000', 'dc_000']
[ 2022-12-24 08:32:48,456 ] 135 root - INFO - Is all required columns present in train df
[ 2022-12-24 08:32:48,456 ] 137 root - INFO - Is all required columns present in test df
[ 2022-12-24 08:32:48,456 ] 141 root - INFO - As all column are available in train df hence detecting data drift
[ 2022-12-24 08:32:48,456 ] 88 root - INFO - Hypothesis class: object, object 
[ 2022-12-24 08:32:48,588 ] 88 root - INFO - Hypothesis aa_000: float64, float64 
[ 2022-12-24 08:32:48,599 ] 88 root - INFO - Hypothesis ac_000: float64, float64 
[ 2022-12-24 08:32:48,637 ] 88 root - INFO - Hypothesis ae_000: float64, float64 
[ 2022-12-24 08:32:48,675 ] 88 root - INFO - Hypothesis af_000: float64, float64 
[ 2022-12-24 08:32:48,712 ] 88 root - INFO - Hypothesis ag_000: float64, float64 
[ 2022-12-24 08:32:48,747 ] 88 root - INFO - Hypothesis ag_001: float64, float64 
[ 2022-12-24 08:32:48,784 ] 88 root - INFO - Hypothesis ag_002: float64, float64 
[ 2022-12-24 08:32:48,821 ] 88 root - INFO - Hypothesis ag_003: float64, float64 
[ 2022-12-24 08:32:48,827 ] 88 root - INFO - Hypothesis ag_004: float64, float64 
[ 2022-12-24 08:32:48,837 ] 88 root - INFO - Hypothesis ag_005: float64, float64 
[ 2022-12-24 08:32:48,848 ] 88 root - INFO - Hypothesis ag_006: float64, float64 
[ 2022-12-24 08:32:48,859 ] 88 root - INFO - Hypothesis ag_007: float64, float64 
[ 2022-12-24 08:32:48,868 ] 88 root - INFO - Hypothesis ag_008: float64, float64 
[ 2022-12-24 08:32:48,877 ] 88 root - INFO - Hypothesis ag_009: float64, float64 
[ 2022-12-24 08:32:48,916 ] 88 root - INFO - Hypothesis ah_000: float64, float64 
[ 2022-12-24 08:32:48,927 ] 88 root - INFO - Hypothesis ai_000: float64, float64 
[ 2022-12-24 08:32:48,965 ] 88 root - INFO - Hypothesis aj_000: float64, float64 
[ 2022-12-24 08:32:49,005 ] 88 root - INFO - Hypothesis ak_000: float64, float64 
[ 2022-12-24 08:32:49,042 ] 88 root - INFO - Hypothesis al_000: float64, float64 
[ 2022-12-24 08:32:49,049 ] 88 root - INFO - Hypothesis am_0: float64, float64 
[ 2022-12-24 08:32:49,057 ] 88 root - INFO - Hypothesis an_000: float64, float64 
[ 2022-12-24 08:32:49,068 ] 88 root - INFO - Hypothesis ao_000: float64, float64 
[ 2022-12-24 08:32:49,079 ] 88 root - INFO - Hypothesis ap_000: float64, float64 
[ 2022-12-24 08:32:49,089 ] 88 root - INFO - Hypothesis aq_000: float64, float64 
[ 2022-12-24 08:32:49,100 ] 88 root - INFO - Hypothesis ar_000: float64, float64 
[ 2022-12-24 08:32:49,137 ] 88 root - INFO - Hypothesis as_000: float64, float64 
[ 2022-12-24 08:32:49,173 ] 88 root - INFO - Hypothesis at_000: float64, float64 
[ 2022-12-24 08:32:49,210 ] 88 root - INFO - Hypothesis au_000: float64, float64 
[ 2022-12-24 08:32:49,245 ] 88 root - INFO - Hypothesis av_000: float64, float64 
[ 2022-12-24 08:32:49,286 ] 88 root - INFO - Hypothesis ax_000: float64, float64 
[ 2022-12-24 08:32:49,294 ] 88 root - INFO - Hypothesis ay_000: float64, float64 
[ 2022-12-24 08:32:49,330 ] 88 root - INFO - Hypothesis ay_001: float64, float64 
[ 2022-12-24 08:32:49,367 ] 88 root - INFO - Hypothesis ay_002: float64, float64 
[ 2022-12-24 08:32:49,403 ] 88 root - INFO - Hypothesis ay_003: float64, float64 
[ 2022-12-24 08:32:49,439 ] 88 root - INFO - Hypothesis ay_004: float64, float64 
[ 2022-12-24 08:32:49,475 ] 88 root - INFO - Hypothesis ay_005: float64, float64 
[ 2022-12-24 08:32:49,483 ] 88 root - INFO - Hypothesis ay_006: float64, float64 
[ 2022-12-24 08:32:49,492 ] 88 root - INFO - Hypothesis ay_007: float64, float64 
[ 2022-12-24 08:32:49,502 ] 88 root - INFO - Hypothesis ay_008: float64, float64 
[ 2022-12-24 08:32:49,512 ] 88 root - INFO - Hypothesis ay_009: float64, float64 
[ 2022-12-24 08:32:49,547 ] 88 root - INFO - Hypothesis az_000: float64, float64 
[ 2022-12-24 08:32:49,557 ] 88 root - INFO - Hypothesis az_001: float64, float64 
[ 2022-12-24 08:32:49,566 ] 88 root - INFO - Hypothesis az_002: float64, float64 
[ 2022-12-24 08:32:49,576 ] 88 root - INFO - Hypothesis az_003: float64, float64 
[ 2022-12-24 08:32:49,586 ] 88 root - INFO - Hypothesis az_004: float64, float64 
[ 2022-12-24 08:32:49,627 ] 88 root - INFO - Hypothesis az_005: float64, float64 
[ 2022-12-24 08:32:49,638 ] 88 root - INFO - Hypothesis az_006: float64, float64 
[ 2022-12-24 08:32:49,647 ] 88 root - INFO - Hypothesis az_007: float64, float64 
[ 2022-12-24 08:32:49,684 ] 88 root - INFO - Hypothesis az_008: float64, float64 
[ 2022-12-24 08:32:49,721 ] 88 root - INFO - Hypothesis az_009: float64, float64 
[ 2022-12-24 08:32:49,757 ] 88 root - INFO - Hypothesis ba_000: float64, float64 
[ 2022-12-24 08:32:49,768 ] 88 root - INFO - Hypothesis ba_001: float64, float64 
[ 2022-12-24 08:32:49,778 ] 88 root - INFO - Hypothesis ba_002: float64, float64 
[ 2022-12-24 08:32:49,788 ] 88 root - INFO - Hypothesis ba_003: float64, float64 
[ 2022-12-24 08:32:49,799 ] 88 root - INFO - Hypothesis ba_004: float64, float64 
[ 2022-12-24 08:32:49,809 ] 88 root - INFO - Hypothesis ba_005: float64, float64 
[ 2022-12-24 08:32:49,819 ] 88 root - INFO - Hypothesis ba_006: float64, float64 
[ 2022-12-24 08:32:49,829 ] 88 root - INFO - Hypothesis ba_007: float64, float64 
[ 2022-12-24 08:32:49,839 ] 88 root - INFO - Hypothesis ba_008: float64, float64 
[ 2022-12-24 08:32:49,847 ] 88 root - INFO - Hypothesis ba_009: float64, float64 
[ 2022-12-24 08:32:49,853 ] 88 root - INFO - Hypothesis bb_000: float64, float64 
[ 2022-12-24 08:32:49,864 ] 88 root - INFO - Hypothesis bc_000: float64, float64 
[ 2022-12-24 08:32:49,872 ] 88 root - INFO - Hypothesis bd_000: float64, float64 
[ 2022-12-24 08:32:49,880 ] 88 root - INFO - Hypothesis be_000: float64, float64 
[ 2022-12-24 08:32:49,888 ] 88 root - INFO - Hypothesis bf_000: float64, float64 
[ 2022-12-24 08:32:49,926 ] 88 root - INFO - Hypothesis bg_000: float64, float64 
[ 2022-12-24 08:32:49,936 ] 88 root - INFO - Hypothesis bh_000: float64, float64 
[ 2022-12-24 08:32:49,947 ] 88 root - INFO - Hypothesis bi_000: float64, float64 
[ 2022-12-24 08:32:49,958 ] 88 root - INFO - Hypothesis bj_000: float64, float64 
[ 2022-12-24 08:32:49,970 ] 88 root - INFO - Hypothesis bs_000: float64, float64 
[ 2022-12-24 08:32:50,015 ] 88 root - INFO - Hypothesis bt_000: float64, float64 
[ 2022-12-24 08:32:50,026 ] 88 root - INFO - Hypothesis bu_000: float64, float64 
[ 2022-12-24 08:32:50,037 ] 88 root - INFO - Hypothesis bv_000: float64, float64 
[ 2022-12-24 08:32:50,048 ] 88 root - INFO - Hypothesis bx_000: float64, float64 
[ 2022-12-24 08:32:50,058 ] 88 root - INFO - Hypothesis by_000: float64, float64 
[ 2022-12-24 08:32:50,068 ] 88 root - INFO - Hypothesis bz_000: float64, float64 
[ 2022-12-24 08:32:50,110 ] 88 root - INFO - Hypothesis ca_000: float64, float64 
[ 2022-12-24 08:32:50,120 ] 88 root - INFO - Hypothesis cb_000: float64, float64 
[ 2022-12-24 08:32:50,131 ] 88 root - INFO - Hypothesis cc_000: float64, float64 
[ 2022-12-24 08:32:50,142 ] 88 root - INFO - Hypothesis cd_000: float64, float64 
[ 2022-12-24 08:32:50,178 ] 88 root - INFO - Hypothesis ce_000: float64, float64 
[ 2022-12-24 08:32:50,188 ] 88 root - INFO - Hypothesis ci_000: float64, float64 
[ 2022-12-24 08:32:50,198 ] 88 root - INFO - Hypothesis cj_000: float64, float64 
[ 2022-12-24 08:32:50,236 ] 88 root - INFO - Hypothesis ck_000: float64, float64 
[ 2022-12-24 08:32:50,247 ] 88 root - INFO - Hypothesis cl_000: float64, float64 
[ 2022-12-24 08:32:50,253 ] 88 root - INFO - Hypothesis cm_000: float64, float64 
[ 2022-12-24 08:32:50,260 ] 88 root - INFO - Hypothesis cn_000: float64, float64 
[ 2022-12-24 08:32:50,298 ] 88 root - INFO - Hypothesis cn_001: float64, float64 
[ 2022-12-24 08:32:50,304 ] 88 root - INFO - Hypothesis cn_002: float64, float64 
[ 2022-12-24 08:32:50,312 ] 88 root - INFO - Hypothesis cn_003: float64, float64 
[ 2022-12-24 08:32:50,322 ] 88 root - INFO - Hypothesis cn_004: float64, float64 
[ 2022-12-24 08:32:50,333 ] 88 root - INFO - Hypothesis cn_005: float64, float64 
[ 2022-12-24 08:32:50,343 ] 88 root - INFO - Hypothesis cn_006: float64, float64 
[ 2022-12-24 08:32:50,355 ] 88 root - INFO - Hypothesis cn_007: float64, float64 
[ 2022-12-24 08:32:50,365 ] 88 root - INFO - Hypothesis cn_008: float64, float64 
[ 2022-12-24 08:32:50,374 ] 88 root - INFO - Hypothesis cn_009: float64, float64 
[ 2022-12-24 08:32:50,382 ] 88 root - INFO - Hypothesis cp_000: float64, float64 
[ 2022-12-24 08:32:50,421 ] 88 root - INFO - Hypothesis cq_000: float64, float64 
[ 2022-12-24 08:32:50,432 ] 88 root - INFO - Hypothesis cs_000: float64, float64 
[ 2022-12-24 08:32:50,442 ] 88 root - INFO - Hypothesis cs_001: float64, float64 
[ 2022-12-24 08:32:50,451 ] 88 root - INFO - Hypothesis cs_002: float64, float64 
[ 2022-12-24 08:32:50,460 ] 88 root - INFO - Hypothesis cs_003: float64, float64 
[ 2022-12-24 08:32:50,471 ] 88 root - INFO - Hypothesis cs_004: float64, float64 
[ 2022-12-24 08:32:50,481 ] 88 root - INFO - Hypothesis cs_005: float64, float64 
[ 2022-12-24 08:32:50,492 ] 88 root - INFO - Hypothesis cs_006: float64, float64 
[ 2022-12-24 08:32:50,502 ] 88 root - INFO - Hypothesis cs_007: float64, float64 
[ 2022-12-24 08:32:50,513 ] 88 root - INFO - Hypothesis cs_008: float64, float64 
[ 2022-12-24 08:32:50,551 ] 88 root - INFO - Hypothesis cs_009: float64, float64 
[ 2022-12-24 08:32:50,586 ] 88 root - INFO - Hypothesis dd_000: float64, float64 
[ 2022-12-24 08:32:50,596 ] 88 root - INFO - Hypothesis de_000: float64, float64 
[ 2022-12-24 08:32:50,604 ] 88 root - INFO - Hypothesis df_000: float64, float64 
[ 2022-12-24 08:32:50,639 ] 88 root - INFO - Hypothesis dg_000: float64, float64 
[ 2022-12-24 08:32:50,675 ] 88 root - INFO - Hypothesis dh_000: float64, float64 
[ 2022-12-24 08:32:50,711 ] 88 root - INFO - Hypothesis di_000: float64, float64 
[ 2022-12-24 08:32:50,717 ] 88 root - INFO - Hypothesis dj_000: float64, float64 
[ 2022-12-24 08:32:50,752 ] 88 root - INFO - Hypothesis dk_000: float64, float64 
[ 2022-12-24 08:32:50,788 ] 88 root - INFO - Hypothesis dl_000: float64, float64 
[ 2022-12-24 08:32:50,824 ] 88 root - INFO - Hypothesis dm_000: float64, float64 
[ 2022-12-24 08:32:50,860 ] 88 root - INFO - Hypothesis dn_000: float64, float64 
[ 2022-12-24 08:32:50,870 ] 88 root - INFO - Hypothesis do_000: float64, float64 
[ 2022-12-24 08:32:50,879 ] 88 root - INFO - Hypothesis dp_000: float64, float64 
[ 2022-12-24 08:32:50,888 ] 88 root - INFO - Hypothesis dq_000: float64, float64 
[ 2022-12-24 08:32:50,895 ] 88 root - INFO - Hypothesis dr_000: float64, float64 
[ 2022-12-24 08:32:50,901 ] 88 root - INFO - Hypothesis ds_000: float64, float64 
[ 2022-12-24 08:32:50,942 ] 88 root - INFO - Hypothesis dt_000: float64, float64 
[ 2022-12-24 08:32:50,983 ] 88 root - INFO - Hypothesis du_000: float64, float64 
[ 2022-12-24 08:32:50,994 ] 88 root - INFO - Hypothesis dv_000: float64, float64 
[ 2022-12-24 08:32:51,004 ] 88 root - INFO - Hypothesis dx_000: float64, float64 
[ 2022-12-24 08:32:51,042 ] 88 root - INFO - Hypothesis dy_000: float64, float64 
[ 2022-12-24 08:32:51,049 ] 88 root - INFO - Hypothesis dz_000: float64, float64 
[ 2022-12-24 08:32:51,084 ] 88 root - INFO - Hypothesis ea_000: float64, float64 
[ 2022-12-24 08:32:51,120 ] 88 root - INFO - Hypothesis eb_000: float64, float64 
[ 2022-12-24 08:32:51,128 ] 88 root - INFO - Hypothesis ec_00: float64, float64 
[ 2022-12-24 08:32:51,138 ] 88 root - INFO - Hypothesis ed_000: float64, float64 
[ 2022-12-24 08:32:51,147 ] 88 root - INFO - Hypothesis ee_000: float64, float64 
[ 2022-12-24 08:32:51,157 ] 88 root - INFO - Hypothesis ee_001: float64, float64 
[ 2022-12-24 08:32:51,168 ] 88 root - INFO - Hypothesis ee_002: float64, float64 
[ 2022-12-24 08:32:51,178 ] 88 root - INFO - Hypothesis ee_003: float64, float64 
[ 2022-12-24 08:32:51,188 ] 88 root - INFO - Hypothesis ee_004: float64, float64 
[ 2022-12-24 08:32:51,198 ] 88 root - INFO - Hypothesis ee_005: float64, float64 
[ 2022-12-24 08:32:51,209 ] 88 root - INFO - Hypothesis ee_006: float64, float64 
[ 2022-12-24 08:32:51,219 ] 88 root - INFO - Hypothesis ee_007: float64, float64 
[ 2022-12-24 08:32:51,228 ] 88 root - INFO - Hypothesis ee_008: float64, float64 
[ 2022-12-24 08:32:51,238 ] 88 root - INFO - Hypothesis ee_009: float64, float64 
[ 2022-12-24 08:32:51,245 ] 88 root - INFO - Hypothesis ef_000: float64, float64 
[ 2022-12-24 08:32:51,281 ] 88 root - INFO - Hypothesis eg_000: float64, float64 
[ 2022-12-24 08:32:51,316 ] 144 root - INFO - As all column are available in test df hence detecting data drift
[ 2022-12-24 08:32:51,316 ] 88 root - INFO - Hypothesis class: object, object 
[ 2022-12-24 08:32:51,391 ] 88 root - INFO - Hypothesis aa_000: float64, float64 
[ 2022-12-24 08:32:51,398 ] 88 root - INFO - Hypothesis ac_000: float64, float64 
[ 2022-12-24 08:32:51,403 ] 88 root - INFO - Hypothesis ae_000: float64, float64 
[ 2022-12-24 08:32:51,407 ] 88 root - INFO - Hypothesis af_000: float64, float64 
[ 2022-12-24 08:32:51,410 ] 88 root - INFO - Hypothesis ag_000: float64, float64 
[ 2022-12-24 08:32:51,424 ] 88 root - INFO - Hypothesis ag_001: float64, float64 
[ 2022-12-24 08:32:51,427 ] 88 root - INFO - Hypothesis ag_002: float64, float64 
[ 2022-12-24 08:32:51,431 ] 88 root - INFO - Hypothesis ag_003: float64, float64 
[ 2022-12-24 08:32:51,435 ] 88 root - INFO - Hypothesis ag_004: float64, float64 
[ 2022-12-24 08:32:51,442 ] 88 root - INFO - Hypothesis ag_005: float64, float64 
[ 2022-12-24 08:32:51,449 ] 88 root - INFO - Hypothesis ag_006: float64, float64 
[ 2022-12-24 08:32:51,456 ] 88 root - INFO - Hypothesis ag_007: float64, float64 
[ 2022-12-24 08:32:51,462 ] 88 root - INFO - Hypothesis ag_008: float64, float64 
[ 2022-12-24 08:32:51,468 ] 88 root - INFO - Hypothesis ag_009: float64, float64 
[ 2022-12-24 08:32:51,472 ] 88 root - INFO - Hypothesis ah_000: float64, float64 
[ 2022-12-24 08:32:51,479 ] 88 root - INFO - Hypothesis ai_000: float64, float64 
[ 2022-12-24 08:32:51,483 ] 88 root - INFO - Hypothesis aj_000: float64, float64 
[ 2022-12-24 08:32:51,498 ] 88 root - INFO - Hypothesis ak_000: float64, float64 
[ 2022-12-24 08:32:51,514 ] 88 root - INFO - Hypothesis al_000: float64, float64 
[ 2022-12-24 08:32:51,519 ] 88 root - INFO - Hypothesis am_0: float64, float64 
[ 2022-12-24 08:32:51,523 ] 88 root - INFO - Hypothesis an_000: float64, float64 
[ 2022-12-24 08:32:51,530 ] 88 root - INFO - Hypothesis ao_000: float64, float64 
[ 2022-12-24 08:32:51,537 ] 88 root - INFO - Hypothesis ap_000: float64, float64 
[ 2022-12-24 08:32:51,545 ] 88 root - INFO - Hypothesis aq_000: float64, float64 
[ 2022-12-24 08:32:51,552 ] 88 root - INFO - Hypothesis ar_000: float64, float64 
[ 2022-12-24 08:32:51,567 ] 88 root - INFO - Hypothesis as_000: float64, float64 
[ 2022-12-24 08:32:51,582 ] 88 root - INFO - Hypothesis at_000: float64, float64 
[ 2022-12-24 08:32:51,586 ] 88 root - INFO - Hypothesis au_000: float64, float64 
[ 2022-12-24 08:32:51,601 ] 88 root - INFO - Hypothesis av_000: float64, float64 
[ 2022-12-24 08:32:51,606 ] 88 root - INFO - Hypothesis ax_000: float64, float64 
[ 2022-12-24 08:32:51,612 ] 88 root - INFO - Hypothesis ay_000: float64, float64 
[ 2022-12-24 08:32:51,626 ] 88 root - INFO - Hypothesis ay_001: float64, float64 
[ 2022-12-24 08:32:51,641 ] 88 root - INFO - Hypothesis ay_002: float64, float64 
[ 2022-12-24 08:32:51,656 ] 88 root - INFO - Hypothesis ay_003: float64, float64 
[ 2022-12-24 08:32:51,671 ] 88 root - INFO - Hypothesis ay_004: float64, float64 
[ 2022-12-24 08:32:51,686 ] 88 root - INFO - Hypothesis ay_005: float64, float64 
[ 2022-12-24 08:32:51,691 ] 88 root - INFO - Hypothesis ay_006: float64, float64 
[ 2022-12-24 08:32:51,697 ] 88 root - INFO - Hypothesis ay_007: float64, float64 
[ 2022-12-24 08:32:51,704 ] 88 root - INFO - Hypothesis ay_008: float64, float64 
[ 2022-12-24 08:32:51,711 ] 88 root - INFO - Hypothesis ay_009: float64, float64 
[ 2022-12-24 08:32:51,725 ] 88 root - INFO - Hypothesis az_000: float64, float64 
[ 2022-12-24 08:32:51,732 ] 88 root - INFO - Hypothesis az_001: float64, float64 
[ 2022-12-24 08:32:51,738 ] 88 root - INFO - Hypothesis az_002: float64, float64 
[ 2022-12-24 08:32:51,744 ] 88 root - INFO - Hypothesis az_003: float64, float64 
[ 2022-12-24 08:32:51,751 ] 88 root - INFO - Hypothesis az_004: float64, float64 
[ 2022-12-24 08:32:51,758 ] 88 root - INFO - Hypothesis az_005: float64, float64 
[ 2022-12-24 08:32:51,765 ] 88 root - INFO - Hypothesis az_006: float64, float64 
[ 2022-12-24 08:32:51,771 ] 88 root - INFO - Hypothesis az_007: float64, float64 
[ 2022-12-24 08:32:51,775 ] 88 root - INFO - Hypothesis az_008: float64, float64 
[ 2022-12-24 08:32:51,790 ] 88 root - INFO - Hypothesis az_009: float64, float64 
[ 2022-12-24 08:32:51,805 ] 88 root - INFO - Hypothesis ba_000: float64, float64 
[ 2022-12-24 08:32:51,812 ] 88 root - INFO - Hypothesis ba_001: float64, float64 
[ 2022-12-24 08:32:51,819 ] 88 root - INFO - Hypothesis ba_002: float64, float64 
[ 2022-12-24 08:32:51,826 ] 88 root - INFO - Hypothesis ba_003: float64, float64 
[ 2022-12-24 08:32:51,832 ] 88 root - INFO - Hypothesis ba_004: float64, float64 
[ 2022-12-24 08:32:51,839 ] 88 root - INFO - Hypothesis ba_005: float64, float64 
[ 2022-12-24 08:32:51,846 ] 88 root - INFO - Hypothesis ba_006: float64, float64 
[ 2022-12-24 08:32:51,853 ] 88 root - INFO - Hypothesis ba_007: float64, float64 
[ 2022-12-24 08:32:51,859 ] 88 root - INFO - Hypothesis ba_008: float64, float64 
[ 2022-12-24 08:32:51,865 ] 88 root - INFO - Hypothesis ba_009: float64, float64 
[ 2022-12-24 08:32:51,869 ] 88 root - INFO - Hypothesis bb_000: float64, float64 
[ 2022-12-24 08:32:51,876 ] 88 root - INFO - Hypothesis bc_000: float64, float64 
[ 2022-12-24 08:32:51,881 ] 88 root - INFO - Hypothesis bd_000: float64, float64 
[ 2022-12-24 08:32:51,887 ] 88 root - INFO - Hypothesis be_000: float64, float64 
[ 2022-12-24 08:32:51,893 ] 88 root - INFO - Hypothesis bf_000: float64, float64 
[ 2022-12-24 08:32:51,898 ] 88 root - INFO - Hypothesis bg_000: float64, float64 
[ 2022-12-24 08:32:51,905 ] 88 root - INFO - Hypothesis bh_000: float64, float64 
[ 2022-12-24 08:32:51,911 ] 88 root - INFO - Hypothesis bi_000: float64, float64 
[ 2022-12-24 08:32:51,918 ] 88 root - INFO - Hypothesis bj_000: float64, float64 
[ 2022-12-24 08:32:51,926 ] 88 root - INFO - Hypothesis bs_000: float64, float64 
[ 2022-12-24 08:32:51,932 ] 88 root - INFO - Hypothesis bt_000: float64, float64 
[ 2022-12-24 08:32:51,940 ] 88 root - INFO - Hypothesis bu_000: float64, float64 
[ 2022-12-24 08:32:51,947 ] 88 root - INFO - Hypothesis bv_000: float64, float64 
[ 2022-12-24 08:32:51,954 ] 88 root - INFO - Hypothesis bx_000: float64, float64 
[ 2022-12-24 08:32:51,960 ] 88 root - INFO - Hypothesis by_000: float64, float64 
[ 2022-12-24 08:32:51,967 ] 88 root - INFO - Hypothesis bz_000: float64, float64 
[ 2022-12-24 08:32:51,973 ] 88 root - INFO - Hypothesis ca_000: float64, float64 
[ 2022-12-24 08:32:51,980 ] 88 root - INFO - Hypothesis cb_000: float64, float64 
[ 2022-12-24 08:32:51,988 ] 88 root - INFO - Hypothesis cc_000: float64, float64 
[ 2022-12-24 08:32:51,995 ] 88 root - INFO - Hypothesis cd_000: float64, float64 
[ 2022-12-24 08:32:52,009 ] 88 root - INFO - Hypothesis ce_000: float64, float64 
[ 2022-12-24 08:32:52,016 ] 88 root - INFO - Hypothesis ci_000: float64, float64 
[ 2022-12-24 08:32:52,023 ] 88 root - INFO - Hypothesis cj_000: float64, float64 
[ 2022-12-24 08:32:52,027 ] 88 root - INFO - Hypothesis ck_000: float64, float64 
[ 2022-12-24 08:32:52,034 ] 88 root - INFO - Hypothesis cl_000: float64, float64 
[ 2022-12-24 08:32:52,038 ] 88 root - INFO - Hypothesis cm_000: float64, float64 
[ 2022-12-24 08:32:52,043 ] 88 root - INFO - Hypothesis cn_000: float64, float64 
[ 2022-12-24 08:32:52,046 ] 88 root - INFO - Hypothesis cn_001: float64, float64 
[ 2022-12-24 08:32:52,050 ] 88 root - INFO - Hypothesis cn_002: float64, float64 
[ 2022-12-24 08:32:52,055 ] 88 root - INFO - Hypothesis cn_003: float64, float64 
[ 2022-12-24 08:32:52,062 ] 88 root - INFO - Hypothesis cn_004: float64, float64 
[ 2022-12-24 08:32:52,069 ] 88 root - INFO - Hypothesis cn_005: float64, float64 
[ 2022-12-24 08:32:52,076 ] 88 root - INFO - Hypothesis cn_006: float64, float64 
[ 2022-12-24 08:32:52,083 ] 88 root - INFO - Hypothesis cn_007: float64, float64 
[ 2022-12-24 08:32:52,090 ] 88 root - INFO - Hypothesis cn_008: float64, float64 
[ 2022-12-24 08:32:52,096 ] 88 root - INFO - Hypothesis cn_009: float64, float64 
[ 2022-12-24 08:32:52,101 ] 88 root - INFO - Hypothesis cp_000: float64, float64 
[ 2022-12-24 08:32:52,107 ] 88 root - INFO - Hypothesis cq_000: float64, float64 
[ 2022-12-24 08:32:52,114 ] 88 root - INFO - Hypothesis cs_000: float64, float64 
[ 2022-12-24 08:32:52,121 ] 88 root - INFO - Hypothesis cs_001: float64, float64 
[ 2022-12-24 08:32:52,127 ] 88 root - INFO - Hypothesis cs_002: float64, float64 
[ 2022-12-24 08:32:52,133 ] 88 root - INFO - Hypothesis cs_003: float64, float64 
[ 2022-12-24 08:32:52,140 ] 88 root - INFO - Hypothesis cs_004: float64, float64 
[ 2022-12-24 08:32:52,147 ] 88 root - INFO - Hypothesis cs_005: float64, float64 
[ 2022-12-24 08:32:52,154 ] 88 root - INFO - Hypothesis cs_006: float64, float64 
[ 2022-12-24 08:32:52,161 ] 88 root - INFO - Hypothesis cs_007: float64, float64 
[ 2022-12-24 08:32:52,168 ] 88 root - INFO - Hypothesis cs_008: float64, float64 
[ 2022-12-24 08:32:52,173 ] 88 root - INFO - Hypothesis cs_009: float64, float64 
[ 2022-12-24 08:32:52,188 ] 88 root - INFO - Hypothesis dd_000: float64, float64 
[ 2022-12-24 08:32:52,195 ] 88 root - INFO - Hypothesis de_000: float64, float64 
[ 2022-12-24 08:32:52,200 ] 88 root - INFO - Hypothesis df_000: float64, float64 
[ 2022-12-24 08:32:52,215 ] 88 root - INFO - Hypothesis dg_000: float64, float64 
[ 2022-12-24 08:32:52,230 ] 88 root - INFO - Hypothesis dh_000: float64, float64 
[ 2022-12-24 08:32:52,234 ] 88 root - INFO - Hypothesis di_000: float64, float64 
[ 2022-12-24 08:32:52,238 ] 88 root - INFO - Hypothesis dj_000: float64, float64 
[ 2022-12-24 08:32:52,253 ] 88 root - INFO - Hypothesis dk_000: float64, float64 
[ 2022-12-24 08:32:52,268 ] 88 root - INFO - Hypothesis dl_000: float64, float64 
[ 2022-12-24 08:32:52,283 ] 88 root - INFO - Hypothesis dm_000: float64, float64 
[ 2022-12-24 08:32:52,298 ] 88 root - INFO - Hypothesis dn_000: float64, float64 
[ 2022-12-24 08:32:52,305 ] 88 root - INFO - Hypothesis do_000: float64, float64 
[ 2022-12-24 08:32:52,311 ] 88 root - INFO - Hypothesis dp_000: float64, float64 
[ 2022-12-24 08:32:52,318 ] 88 root - INFO - Hypothesis dq_000: float64, float64 
[ 2022-12-24 08:32:52,322 ] 88 root - INFO - Hypothesis dr_000: float64, float64 
[ 2022-12-24 08:32:52,326 ] 88 root - INFO - Hypothesis ds_000: float64, float64 
[ 2022-12-24 08:32:52,333 ] 88 root - INFO - Hypothesis dt_000: float64, float64 
[ 2022-12-24 08:32:52,340 ] 88 root - INFO - Hypothesis du_000: float64, float64 
[ 2022-12-24 08:32:52,347 ] 88 root - INFO - Hypothesis dv_000: float64, float64 
[ 2022-12-24 08:32:52,353 ] 88 root - INFO - Hypothesis dx_000: float64, float64 
[ 2022-12-24 08:32:52,358 ] 88 root - INFO - Hypothesis dy_000: float64, float64 
[ 2022-12-24 08:32:52,363 ] 88 root - INFO - Hypothesis dz_000: float64, float64 
[ 2022-12-24 08:32:52,379 ] 88 root - INFO - Hypothesis ea_000: float64, float64 
[ 2022-12-24 08:32:52,394 ] 88 root - INFO - Hypothesis eb_000: float64, float64 
[ 2022-12-24 08:32:52,400 ] 88 root - INFO - Hypothesis ec_00: float64, float64 
[ 2022-12-24 08:32:52,407 ] 88 root - INFO - Hypothesis ed_000: float64, float64 
[ 2022-12-24 08:32:52,413 ] 88 root - INFO - Hypothesis ee_000: float64, float64 
[ 2022-12-24 08:32:52,425 ] 88 root - INFO - Hypothesis ee_001: float64, float64 
[ 2022-12-24 08:32:52,432 ] 88 root - INFO - Hypothesis ee_002: float64, float64 
[ 2022-12-24 08:32:52,439 ] 88 root - INFO - Hypothesis ee_003: float64, float64 
[ 2022-12-24 08:32:52,446 ] 88 root - INFO - Hypothesis ee_004: float64, float64 
[ 2022-12-24 08:32:52,453 ] 88 root - INFO - Hypothesis ee_005: float64, float64 
[ 2022-12-24 08:32:52,460 ] 88 root - INFO - Hypothesis ee_006: float64, float64 
[ 2022-12-24 08:32:52,466 ] 88 root - INFO - Hypothesis ee_007: float64, float64 
[ 2022-12-24 08:32:52,473 ] 88 root - INFO - Hypothesis ee_008: float64, float64 
[ 2022-12-24 08:32:52,479 ] 88 root - INFO - Hypothesis ee_009: float64, float64 
[ 2022-12-24 08:32:52,484 ] 88 root - INFO - Hypothesis ef_000: float64, float64 
[ 2022-12-24 08:32:52,499 ] 88 root - INFO - Hypothesis eg_000: float64, float64 
[ 2022-12-24 08:32:52,514 ] 148 root - INFO - Write reprt in yaml file
