[ 2022-12-24 16:46:00,252 ] 22 root - INFO - Exporting collection data as pandas dataframe
[ 2022-12-24 16:46:00,253 ] 18 root - INFO - Reading data from database: aps and collection: sensor
[ 2022-12-24 16:46:03,647 ] 20 root - INFO - Found columns: Index(['_id', 'class', 'aa_000', 'ab_000', 'ac_000', 'ad_000', 'ae_000',
       'af_000', 'ag_000', 'ag_001',
       ...
       'ee_002', 'ee_003', 'ee_004', 'ee_005', 'ee_006', 'ee_007', 'ee_008',
       'ee_009', 'ef_000', 'eg_000'],
      dtype='object', length=172)
[ 2022-12-24 16:46:03,648 ] 22 root - INFO - Dropping column: _id 
[ 2022-12-24 16:46:03,900 ] 24 root - INFO - Row and columns in df: (36188, 171)
[ 2022-12-24 16:46:03,901 ] 28 root - INFO - Save data in feature store
[ 2022-12-24 16:46:04,533 ] 32 root - INFO - Create feature store folder if not available
[ 2022-12-24 16:46:04,533 ] 38 root - INFO - Save df to feature store folder
[ 2022-12-24 16:46:07,137 ] 42 root - INFO - split dataset into train and test set
[ 2022-12-24 16:46:07,835 ] 46 root - INFO - create dataset directory folder if not available
[ 2022-12-24 16:46:07,836 ] 51 root - INFO - Save df to feature store folder
[ 2022-12-24 16:46:10,178 ] 63 root - INFO - Data ingestion artifact: DataIngestionArtifact(feature_store_file_path='/config/workspace/artifact/12242022__164600/data_ingestion/feature_store/sensor.csv', train_file_path='/config/workspace/artifact/12242022__164600/data_ingestion/dataset/train.csv', test_file_path='/config/workspace/artifact/12242022__164600/data_ingestion/dataset/test.csv')
[ 2022-12-24 16:46:10,664 ] 22 root - INFO - Exporting collection data as pandas dataframe
[ 2022-12-24 16:46:10,665 ] 18 root - INFO - Reading data from database: aps and collection: sensor
[ 2022-12-24 16:46:14,268 ] 20 root - INFO - Found columns: Index(['_id', 'class', 'aa_000', 'ab_000', 'ac_000', 'ad_000', 'ae_000',
       'af_000', 'ag_000', 'ag_001',
       ...
       'ee_002', 'ee_003', 'ee_004', 'ee_005', 'ee_006', 'ee_007', 'ee_008',
       'ee_009', 'ef_000', 'eg_000'],
      dtype='object', length=172)
[ 2022-12-24 16:46:14,268 ] 22 root - INFO - Dropping column: _id 
[ 2022-12-24 16:46:14,465 ] 24 root - INFO - Row and columns in df: (36188, 171)
[ 2022-12-24 16:46:14,465 ] 28 root - INFO - Save data in feature store
[ 2022-12-24 16:46:15,036 ] 32 root - INFO - Create feature store folder if not available
[ 2022-12-24 16:46:15,036 ] 38 root - INFO - Save df to feature store folder
[ 2022-12-24 16:46:17,559 ] 42 root - INFO - split dataset into train and test set
[ 2022-12-24 16:46:18,163 ] 46 root - INFO - create dataset directory folder if not available
[ 2022-12-24 16:46:18,164 ] 51 root - INFO - Save df to feature store folder
[ 2022-12-24 16:46:20,465 ] 63 root - INFO - Data ingestion artifact: DataIngestionArtifact(feature_store_file_path='/config/workspace/artifact/12242022__164600/data_ingestion/feature_store/sensor.csv', train_file_path='/config/workspace/artifact/12242022__164600/data_ingestion/dataset/train.csv', test_file_path='/config/workspace/artifact/12242022__164600/data_ingestion/dataset/test.csv')
[ 2022-12-24 16:46:20,834 ] 22 root - INFO - >>>>>>>>>>>>>>>>>>>>>>>>>>>>>>>>>>>>>>>> Data Validation <<<<<<<<<<<<<<<<<<<<<<<<<<<<<<<<<<<<<<<<
[ 2022-12-24 16:46:20,834 ] 110 root - INFO - Reading base dataframe
[ 2022-12-24 16:46:23,862 ] 113 root - INFO - Replace na value in base df
[ 2022-12-24 16:46:23,862 ] 115 root - INFO - Drop null values colums from base df
[ 2022-12-24 16:46:24,812 ] 44 root - INFO - selecting column name which contains null above to 0.2
[ 2022-12-24 16:46:24,812 ] 47 root - INFO - Columns to drop: ['ab_000', 'ad_000', 'bk_000', 'bl_000', 'bm_000', 'bn_000', 'bo_000', 'bp_000', 'bq_000', 'br_000', 'cf_000', 'cg_000', 'ch_000', 'co_000', 'cr_000', 'ct_000', 'cu_000', 'cv_000', 'cx_000', 'cy_000', 'cz_000', 'da_000', 'db_000', 'dc_000']
[ 2022-12-24 16:46:24,903 ] 118 root - INFO - Reading train dataframe
[ 2022-12-24 16:46:25,297 ] 120 root - INFO - Reading test dataframe
[ 2022-12-24 16:46:25,404 ] 123 root - INFO - Drop null values colums from train df
[ 2022-12-24 16:46:25,415 ] 44 root - INFO - selecting column name which contains null above to 0.2
[ 2022-12-24 16:46:25,415 ] 47 root - INFO - Columns to drop: ['ab_000', 'ad_000', 'bk_000', 'bl_000', 'bm_000', 'bn_000', 'bo_000', 'bp_000', 'bq_000', 'br_000', 'cf_000', 'cg_000', 'ch_000', 'co_000', 'cr_000', 'ct_000', 'cu_000', 'cv_000', 'cx_000', 'cy_000', 'cz_000', 'da_000', 'db_000', 'dc_000']
[ 2022-12-24 16:46:25,424 ] 125 root - INFO - Drop null values colums from test df
[ 2022-12-24 16:46:25,428 ] 44 root - INFO - selecting column name which contains null above to 0.2
[ 2022-12-24 16:46:25,429 ] 47 root - INFO - Columns to drop: ['ab_000', 'ad_000', 'bk_000', 'bl_000', 'bm_000', 'bn_000', 'bo_000', 'bp_000', 'bq_000', 'br_000', 'cf_000', 'cg_000', 'ch_000', 'co_000', 'cr_000', 'ct_000', 'cu_000', 'cv_000', 'cx_000', 'cy_000', 'cz_000', 'da_000', 'db_000', 'dc_000']
[ 2022-12-24 16:46:31,727 ] 135 root - INFO - Is all required columns present in train df
[ 2022-12-24 16:46:31,727 ] 137 root - INFO - Is all required columns present in test df
[ 2022-12-24 16:46:31,728 ] 141 root - INFO - As all column are available in train df hence detecting data drift
[ 2022-12-24 16:46:31,728 ] 88 root - INFO - Hypothesis class: object, object 
[ 2022-12-24 16:46:31,829 ] 88 root - INFO - Hypothesis aa_000: float64, float64 
[ 2022-12-24 16:46:31,840 ] 88 root - INFO - Hypothesis ac_000: float64, float64 
[ 2022-12-24 16:46:31,885 ] 88 root - INFO - Hypothesis ae_000: float64, float64 
[ 2022-12-24 16:46:31,921 ] 88 root - INFO - Hypothesis af_000: float64, float64 
[ 2022-12-24 16:46:31,959 ] 88 root - INFO - Hypothesis ag_000: float64, float64 
[ 2022-12-24 16:46:31,995 ] 88 root - INFO - Hypothesis ag_001: float64, float64 
[ 2022-12-24 16:46:32,033 ] 88 root - INFO - Hypothesis ag_002: float64, float64 
[ 2022-12-24 16:46:32,070 ] 88 root - INFO - Hypothesis ag_003: float64, float64 
[ 2022-12-24 16:46:32,110 ] 88 root - INFO - Hypothesis ag_004: float64, float64 
[ 2022-12-24 16:46:32,120 ] 88 root - INFO - Hypothesis ag_005: float64, float64 
[ 2022-12-24 16:46:32,131 ] 88 root - INFO - Hypothesis ag_006: float64, float64 
[ 2022-12-24 16:46:32,175 ] 88 root - INFO - Hypothesis ag_007: float64, float64 
[ 2022-12-24 16:46:32,218 ] 88 root - INFO - Hypothesis ag_008: float64, float64 
[ 2022-12-24 16:46:32,258 ] 88 root - INFO - Hypothesis ag_009: float64, float64 
[ 2022-12-24 16:46:32,302 ] 88 root - INFO - Hypothesis ah_000: float64, float64 
[ 2022-12-24 16:46:32,313 ] 88 root - INFO - Hypothesis ai_000: float64, float64 
[ 2022-12-24 16:46:32,350 ] 88 root - INFO - Hypothesis aj_000: float64, float64 
[ 2022-12-24 16:46:32,392 ] 88 root - INFO - Hypothesis ak_000: float64, float64 
[ 2022-12-24 16:46:32,430 ] 88 root - INFO - Hypothesis al_000: float64, float64 
[ 2022-12-24 16:46:32,437 ] 88 root - INFO - Hypothesis am_0: float64, float64 
[ 2022-12-24 16:46:32,445 ] 88 root - INFO - Hypothesis an_000: float64, float64 
[ 2022-12-24 16:46:32,460 ] 88 root - INFO - Hypothesis ao_000: float64, float64 
[ 2022-12-24 16:46:32,470 ] 88 root - INFO - Hypothesis ap_000: float64, float64 
[ 2022-12-24 16:46:32,481 ] 88 root - INFO - Hypothesis aq_000: float64, float64 
[ 2022-12-24 16:46:32,491 ] 88 root - INFO - Hypothesis ar_000: float64, float64 
[ 2022-12-24 16:46:32,529 ] 88 root - INFO - Hypothesis as_000: float64, float64 
[ 2022-12-24 16:46:32,565 ] 88 root - INFO - Hypothesis at_000: float64, float64 
[ 2022-12-24 16:46:32,603 ] 88 root - INFO - Hypothesis au_000: float64, float64 
[ 2022-12-24 16:46:32,640 ] 88 root - INFO - Hypothesis av_000: float64, float64 
[ 2022-12-24 16:46:32,648 ] 88 root - INFO - Hypothesis ax_000: float64, float64 
[ 2022-12-24 16:46:32,656 ] 88 root - INFO - Hypothesis ay_000: float64, float64 
[ 2022-12-24 16:46:32,692 ] 88 root - INFO - Hypothesis ay_001: float64, float64 
[ 2022-12-24 16:46:32,728 ] 88 root - INFO - Hypothesis ay_002: float64, float64 
[ 2022-12-24 16:46:32,764 ] 88 root - INFO - Hypothesis ay_003: float64, float64 
[ 2022-12-24 16:46:32,809 ] 88 root - INFO - Hypothesis ay_004: float64, float64 
[ 2022-12-24 16:46:32,848 ] 88 root - INFO - Hypothesis ay_005: float64, float64 
[ 2022-12-24 16:46:32,856 ] 88 root - INFO - Hypothesis ay_006: float64, float64 
[ 2022-12-24 16:46:32,866 ] 88 root - INFO - Hypothesis ay_007: float64, float64 
[ 2022-12-24 16:46:32,876 ] 88 root - INFO - Hypothesis ay_008: float64, float64 
[ 2022-12-24 16:46:32,886 ] 88 root - INFO - Hypothesis ay_009: float64, float64 
[ 2022-12-24 16:46:32,922 ] 88 root - INFO - Hypothesis az_000: float64, float64 
[ 2022-12-24 16:46:32,932 ] 88 root - INFO - Hypothesis az_001: float64, float64 
[ 2022-12-24 16:46:32,941 ] 88 root - INFO - Hypothesis az_002: float64, float64 
[ 2022-12-24 16:46:32,982 ] 88 root - INFO - Hypothesis az_003: float64, float64 
[ 2022-12-24 16:46:32,992 ] 88 root - INFO - Hypothesis az_004: float64, float64 
[ 2022-12-24 16:46:33,036 ] 88 root - INFO - Hypothesis az_005: float64, float64 
[ 2022-12-24 16:46:33,047 ] 88 root - INFO - Hypothesis az_006: float64, float64 
[ 2022-12-24 16:46:33,056 ] 88 root - INFO - Hypothesis az_007: float64, float64 
[ 2022-12-24 16:46:33,094 ] 88 root - INFO - Hypothesis az_008: float64, float64 
[ 2022-12-24 16:46:33,132 ] 88 root - INFO - Hypothesis az_009: float64, float64 
[ 2022-12-24 16:46:33,169 ] 88 root - INFO - Hypothesis ba_000: float64, float64 
[ 2022-12-24 16:46:33,213 ] 88 root - INFO - Hypothesis ba_001: float64, float64 
[ 2022-12-24 16:46:33,224 ] 88 root - INFO - Hypothesis ba_002: float64, float64 
[ 2022-12-24 16:46:33,236 ] 88 root - INFO - Hypothesis ba_003: float64, float64 
[ 2022-12-24 16:46:33,246 ] 88 root - INFO - Hypothesis ba_004: float64, float64 
[ 2022-12-24 16:46:33,257 ] 88 root - INFO - Hypothesis ba_005: float64, float64 
[ 2022-12-24 16:46:33,267 ] 88 root - INFO - Hypothesis ba_006: float64, float64 
[ 2022-12-24 16:46:33,308 ] 88 root - INFO - Hypothesis ba_007: float64, float64 
[ 2022-12-24 16:46:33,318 ] 88 root - INFO - Hypothesis ba_008: float64, float64 
[ 2022-12-24 16:46:33,358 ] 88 root - INFO - Hypothesis ba_009: float64, float64 
[ 2022-12-24 16:46:33,397 ] 88 root - INFO - Hypothesis bb_000: float64, float64 
[ 2022-12-24 16:46:33,407 ] 88 root - INFO - Hypothesis bc_000: float64, float64 
[ 2022-12-24 16:46:33,415 ] 88 root - INFO - Hypothesis bd_000: float64, float64 
[ 2022-12-24 16:46:33,455 ] 88 root - INFO - Hypothesis be_000: float64, float64 
[ 2022-12-24 16:46:33,464 ] 88 root - INFO - Hypothesis bf_000: float64, float64 
[ 2022-12-24 16:46:33,502 ] 88 root - INFO - Hypothesis bg_000: float64, float64 
[ 2022-12-24 16:46:33,513 ] 88 root - INFO - Hypothesis bh_000: float64, float64 
[ 2022-12-24 16:46:33,523 ] 88 root - INFO - Hypothesis bi_000: float64, float64 
[ 2022-12-24 16:46:33,533 ] 88 root - INFO - Hypothesis bj_000: float64, float64 
[ 2022-12-24 16:46:33,544 ] 88 root - INFO - Hypothesis bs_000: float64, float64 
[ 2022-12-24 16:46:33,554 ] 88 root - INFO - Hypothesis bt_000: float64, float64 
[ 2022-12-24 16:46:33,565 ] 88 root - INFO - Hypothesis bu_000: float64, float64 
[ 2022-12-24 16:46:33,575 ] 88 root - INFO - Hypothesis bv_000: float64, float64 
[ 2022-12-24 16:46:33,585 ] 88 root - INFO - Hypothesis bx_000: float64, float64 
[ 2022-12-24 16:46:33,595 ] 88 root - INFO - Hypothesis by_000: float64, float64 
[ 2022-12-24 16:46:33,605 ] 88 root - INFO - Hypothesis bz_000: float64, float64 
[ 2022-12-24 16:46:33,614 ] 88 root - INFO - Hypothesis ca_000: float64, float64 
[ 2022-12-24 16:46:33,658 ] 88 root - INFO - Hypothesis cb_000: float64, float64 
[ 2022-12-24 16:46:33,669 ] 88 root - INFO - Hypothesis cc_000: float64, float64 
[ 2022-12-24 16:46:33,679 ] 88 root - INFO - Hypothesis cd_000: float64, float64 
[ 2022-12-24 16:46:33,716 ] 88 root - INFO - Hypothesis ce_000: float64, float64 
[ 2022-12-24 16:46:33,757 ] 88 root - INFO - Hypothesis ci_000: float64, float64 
[ 2022-12-24 16:46:33,769 ] 88 root - INFO - Hypothesis cj_000: float64, float64 
[ 2022-12-24 16:46:33,808 ] 88 root - INFO - Hypothesis ck_000: float64, float64 
[ 2022-12-24 16:46:33,820 ] 88 root - INFO - Hypothesis cl_000: float64, float64 
[ 2022-12-24 16:46:33,858 ] 88 root - INFO - Hypothesis cm_000: float64, float64 
[ 2022-12-24 16:46:33,865 ] 88 root - INFO - Hypothesis cn_000: float64, float64 
[ 2022-12-24 16:46:33,901 ] 88 root - INFO - Hypothesis cn_001: float64, float64 
[ 2022-12-24 16:46:33,940 ] 88 root - INFO - Hypothesis cn_002: float64, float64 
[ 2022-12-24 16:46:33,948 ] 88 root - INFO - Hypothesis cn_003: float64, float64 
[ 2022-12-24 16:46:33,963 ] 88 root - INFO - Hypothesis cn_004: float64, float64 
[ 2022-12-24 16:46:34,008 ] 88 root - INFO - Hypothesis cn_005: float64, float64 
[ 2022-12-24 16:46:34,018 ] 88 root - INFO - Hypothesis cn_006: float64, float64 
[ 2022-12-24 16:46:34,029 ] 88 root - INFO - Hypothesis cn_007: float64, float64 
[ 2022-12-24 16:46:34,038 ] 88 root - INFO - Hypothesis cn_008: float64, float64 
[ 2022-12-24 16:46:34,080 ] 88 root - INFO - Hypothesis cn_009: float64, float64 
[ 2022-12-24 16:46:34,120 ] 88 root - INFO - Hypothesis cp_000: float64, float64 
[ 2022-12-24 16:46:34,159 ] 88 root - INFO - Hypothesis cq_000: float64, float64 
[ 2022-12-24 16:46:34,170 ] 88 root - INFO - Hypothesis cs_000: float64, float64 
[ 2022-12-24 16:46:34,181 ] 88 root - INFO - Hypothesis cs_001: float64, float64 
[ 2022-12-24 16:46:34,231 ] 88 root - INFO - Hypothesis cs_002: float64, float64 
[ 2022-12-24 16:46:34,276 ] 88 root - INFO - Hypothesis cs_003: float64, float64 
[ 2022-12-24 16:46:34,287 ] 88 root - INFO - Hypothesis cs_004: float64, float64 
[ 2022-12-24 16:46:34,297 ] 88 root - INFO - Hypothesis cs_005: float64, float64 
[ 2022-12-24 16:46:34,308 ] 88 root - INFO - Hypothesis cs_006: float64, float64 
[ 2022-12-24 16:46:34,319 ] 88 root - INFO - Hypothesis cs_007: float64, float64 
[ 2022-12-24 16:46:34,330 ] 88 root - INFO - Hypothesis cs_008: float64, float64 
[ 2022-12-24 16:46:34,370 ] 88 root - INFO - Hypothesis cs_009: float64, float64 
[ 2022-12-24 16:46:34,406 ] 88 root - INFO - Hypothesis dd_000: float64, float64 
[ 2022-12-24 16:46:34,416 ] 88 root - INFO - Hypothesis de_000: float64, float64 
[ 2022-12-24 16:46:34,424 ] 88 root - INFO - Hypothesis df_000: float64, float64 
[ 2022-12-24 16:46:34,461 ] 88 root - INFO - Hypothesis dg_000: float64, float64 
[ 2022-12-24 16:46:34,498 ] 88 root - INFO - Hypothesis dh_000: float64, float64 
[ 2022-12-24 16:46:34,535 ] 88 root - INFO - Hypothesis di_000: float64, float64 
[ 2022-12-24 16:46:34,573 ] 88 root - INFO - Hypothesis dj_000: float64, float64 
[ 2022-12-24 16:46:34,610 ] 88 root - INFO - Hypothesis dk_000: float64, float64 
[ 2022-12-24 16:46:34,647 ] 88 root - INFO - Hypothesis dl_000: float64, float64 
[ 2022-12-24 16:46:34,683 ] 88 root - INFO - Hypothesis dm_000: float64, float64 
[ 2022-12-24 16:46:34,720 ] 88 root - INFO - Hypothesis dn_000: float64, float64 
[ 2022-12-24 16:46:34,730 ] 88 root - INFO - Hypothesis do_000: float64, float64 
[ 2022-12-24 16:46:34,740 ] 88 root - INFO - Hypothesis dp_000: float64, float64 
[ 2022-12-24 16:46:34,749 ] 88 root - INFO - Hypothesis dq_000: float64, float64 
[ 2022-12-24 16:46:34,792 ] 88 root - INFO - Hypothesis dr_000: float64, float64 
[ 2022-12-24 16:46:34,831 ] 88 root - INFO - Hypothesis ds_000: float64, float64 
[ 2022-12-24 16:46:34,841 ] 88 root - INFO - Hypothesis dt_000: float64, float64 
[ 2022-12-24 16:46:34,851 ] 88 root - INFO - Hypothesis du_000: float64, float64 
[ 2022-12-24 16:46:34,861 ] 88 root - INFO - Hypothesis dv_000: float64, float64 
[ 2022-12-24 16:46:34,872 ] 88 root - INFO - Hypothesis dx_000: float64, float64 
[ 2022-12-24 16:46:34,878 ] 88 root - INFO - Hypothesis dy_000: float64, float64 
[ 2022-12-24 16:46:34,885 ] 88 root - INFO - Hypothesis dz_000: float64, float64 
[ 2022-12-24 16:46:34,921 ] 88 root - INFO - Hypothesis ea_000: float64, float64 
[ 2022-12-24 16:46:34,957 ] 88 root - INFO - Hypothesis eb_000: float64, float64 
[ 2022-12-24 16:46:34,966 ] 88 root - INFO - Hypothesis ec_00: float64, float64 
[ 2022-12-24 16:46:34,976 ] 88 root - INFO - Hypothesis ed_000: float64, float64 
[ 2022-12-24 16:46:35,018 ] 88 root - INFO - Hypothesis ee_000: float64, float64 
[ 2022-12-24 16:46:35,029 ] 88 root - INFO - Hypothesis ee_001: float64, float64 
[ 2022-12-24 16:46:35,039 ] 88 root - INFO - Hypothesis ee_002: float64, float64 
[ 2022-12-24 16:46:35,082 ] 88 root - INFO - Hypothesis ee_003: float64, float64 
[ 2022-12-24 16:46:35,125 ] 88 root - INFO - Hypothesis ee_004: float64, float64 
[ 2022-12-24 16:46:35,167 ] 88 root - INFO - Hypothesis ee_005: float64, float64 
[ 2022-12-24 16:46:35,179 ] 88 root - INFO - Hypothesis ee_006: float64, float64 
[ 2022-12-24 16:46:35,189 ] 88 root - INFO - Hypothesis ee_007: float64, float64 
[ 2022-12-24 16:46:35,199 ] 88 root - INFO - Hypothesis ee_008: float64, float64 
[ 2022-12-24 16:46:35,208 ] 88 root - INFO - Hypothesis ee_009: float64, float64 
[ 2022-12-24 16:46:35,216 ] 88 root - INFO - Hypothesis ef_000: float64, float64 
[ 2022-12-24 16:46:35,252 ] 88 root - INFO - Hypothesis eg_000: float64, float64 
[ 2022-12-24 16:46:35,289 ] 144 root - INFO - As all column are available in test df hence detecting data drift
[ 2022-12-24 16:46:35,289 ] 88 root - INFO - Hypothesis class: object, object 
[ 2022-12-24 16:46:35,355 ] 88 root - INFO - Hypothesis aa_000: float64, float64 
[ 2022-12-24 16:46:35,362 ] 88 root - INFO - Hypothesis ac_000: float64, float64 
[ 2022-12-24 16:46:35,368 ] 88 root - INFO - Hypothesis ae_000: float64, float64 
[ 2022-12-24 16:46:35,384 ] 88 root - INFO - Hypothesis af_000: float64, float64 
[ 2022-12-24 16:46:35,400 ] 88 root - INFO - Hypothesis ag_000: float64, float64 
[ 2022-12-24 16:46:35,417 ] 88 root - INFO - Hypothesis ag_001: float64, float64 
[ 2022-12-24 16:46:35,433 ] 88 root - INFO - Hypothesis ag_002: float64, float64 
[ 2022-12-24 16:46:35,449 ] 88 root - INFO - Hypothesis ag_003: float64, float64 
[ 2022-12-24 16:46:35,453 ] 88 root - INFO - Hypothesis ag_004: float64, float64 
[ 2022-12-24 16:46:35,460 ] 88 root - INFO - Hypothesis ag_005: float64, float64 
[ 2022-12-24 16:46:35,467 ] 88 root - INFO - Hypothesis ag_006: float64, float64 
[ 2022-12-24 16:46:35,475 ] 88 root - INFO - Hypothesis ag_007: float64, float64 
[ 2022-12-24 16:46:35,481 ] 88 root - INFO - Hypothesis ag_008: float64, float64 
[ 2022-12-24 16:46:35,487 ] 88 root - INFO - Hypothesis ag_009: float64, float64 
[ 2022-12-24 16:46:35,492 ] 88 root - INFO - Hypothesis ah_000: float64, float64 
[ 2022-12-24 16:46:35,499 ] 88 root - INFO - Hypothesis ai_000: float64, float64 
[ 2022-12-24 16:46:35,514 ] 88 root - INFO - Hypothesis aj_000: float64, float64 
[ 2022-12-24 16:46:35,519 ] 88 root - INFO - Hypothesis ak_000: float64, float64 
[ 2022-12-24 16:46:35,534 ] 88 root - INFO - Hypothesis al_000: float64, float64 
[ 2022-12-24 16:46:35,539 ] 88 root - INFO - Hypothesis am_0: float64, float64 
[ 2022-12-24 16:46:35,544 ] 88 root - INFO - Hypothesis an_000: float64, float64 
[ 2022-12-24 16:46:35,552 ] 88 root - INFO - Hypothesis ao_000: float64, float64 
[ 2022-12-24 16:46:35,559 ] 88 root - INFO - Hypothesis ap_000: float64, float64 
[ 2022-12-24 16:46:35,566 ] 88 root - INFO - Hypothesis aq_000: float64, float64 
[ 2022-12-24 16:46:35,573 ] 88 root - INFO - Hypothesis ar_000: float64, float64 
[ 2022-12-24 16:46:35,588 ] 88 root - INFO - Hypothesis as_000: float64, float64 
[ 2022-12-24 16:46:35,603 ] 88 root - INFO - Hypothesis at_000: float64, float64 
[ 2022-12-24 16:46:35,607 ] 88 root - INFO - Hypothesis au_000: float64, float64 
[ 2022-12-24 16:46:35,622 ] 88 root - INFO - Hypothesis av_000: float64, float64 
[ 2022-12-24 16:46:35,628 ] 88 root - INFO - Hypothesis ax_000: float64, float64 
[ 2022-12-24 16:46:35,634 ] 88 root - INFO - Hypothesis ay_000: float64, float64 
[ 2022-12-24 16:46:35,648 ] 88 root - INFO - Hypothesis ay_001: float64, float64 
[ 2022-12-24 16:46:35,663 ] 88 root - INFO - Hypothesis ay_002: float64, float64 
[ 2022-12-24 16:46:35,678 ] 88 root - INFO - Hypothesis ay_003: float64, float64 
[ 2022-12-24 16:46:35,693 ] 88 root - INFO - Hypothesis ay_004: float64, float64 
[ 2022-12-24 16:46:35,708 ] 88 root - INFO - Hypothesis ay_005: float64, float64 
[ 2022-12-24 16:46:35,714 ] 88 root - INFO - Hypothesis ay_006: float64, float64 
[ 2022-12-24 16:46:35,720 ] 88 root - INFO - Hypothesis ay_007: float64, float64 
[ 2022-12-24 16:46:35,727 ] 88 root - INFO - Hypothesis ay_008: float64, float64 
[ 2022-12-24 16:46:35,734 ] 88 root - INFO - Hypothesis ay_009: float64, float64 
[ 2022-12-24 16:46:35,751 ] 88 root - INFO - Hypothesis az_000: float64, float64 
[ 2022-12-24 16:46:35,759 ] 88 root - INFO - Hypothesis az_001: float64, float64 
[ 2022-12-24 16:46:35,765 ] 88 root - INFO - Hypothesis az_002: float64, float64 
[ 2022-12-24 16:46:35,772 ] 88 root - INFO - Hypothesis az_003: float64, float64 
[ 2022-12-24 16:46:35,779 ] 88 root - INFO - Hypothesis az_004: float64, float64 
[ 2022-12-24 16:46:35,786 ] 88 root - INFO - Hypothesis az_005: float64, float64 
[ 2022-12-24 16:46:35,793 ] 88 root - INFO - Hypothesis az_006: float64, float64 
[ 2022-12-24 16:46:35,799 ] 88 root - INFO - Hypothesis az_007: float64, float64 
[ 2022-12-24 16:46:35,803 ] 88 root - INFO - Hypothesis az_008: float64, float64 
[ 2022-12-24 16:46:35,819 ] 88 root - INFO - Hypothesis az_009: float64, float64 
[ 2022-12-24 16:46:35,834 ] 88 root - INFO - Hypothesis ba_000: float64, float64 
[ 2022-12-24 16:46:35,841 ] 88 root - INFO - Hypothesis ba_001: float64, float64 
[ 2022-12-24 16:46:35,848 ] 88 root - INFO - Hypothesis ba_002: float64, float64 
[ 2022-12-24 16:46:35,856 ] 88 root - INFO - Hypothesis ba_003: float64, float64 
[ 2022-12-24 16:46:35,862 ] 88 root - INFO - Hypothesis ba_004: float64, float64 
[ 2022-12-24 16:46:35,869 ] 88 root - INFO - Hypothesis ba_005: float64, float64 
[ 2022-12-24 16:46:35,876 ] 88 root - INFO - Hypothesis ba_006: float64, float64 
[ 2022-12-24 16:46:35,883 ] 88 root - INFO - Hypothesis ba_007: float64, float64 
[ 2022-12-24 16:46:35,889 ] 88 root - INFO - Hypothesis ba_008: float64, float64 
[ 2022-12-24 16:46:35,895 ] 88 root - INFO - Hypothesis ba_009: float64, float64 
[ 2022-12-24 16:46:35,911 ] 88 root - INFO - Hypothesis bb_000: float64, float64 
[ 2022-12-24 16:46:35,918 ] 88 root - INFO - Hypothesis bc_000: float64, float64 
[ 2022-12-24 16:46:35,924 ] 88 root - INFO - Hypothesis bd_000: float64, float64 
[ 2022-12-24 16:46:35,929 ] 88 root - INFO - Hypothesis be_000: float64, float64 
[ 2022-12-24 16:46:35,935 ] 88 root - INFO - Hypothesis bf_000: float64, float64 
[ 2022-12-24 16:46:35,940 ] 88 root - INFO - Hypothesis bg_000: float64, float64 
[ 2022-12-24 16:46:35,947 ] 88 root - INFO - Hypothesis bh_000: float64, float64 
[ 2022-12-24 16:46:35,954 ] 88 root - INFO - Hypothesis bi_000: float64, float64 
[ 2022-12-24 16:46:35,961 ] 88 root - INFO - Hypothesis bj_000: float64, float64 
[ 2022-12-24 16:46:35,968 ] 88 root - INFO - Hypothesis bs_000: float64, float64 
[ 2022-12-24 16:46:35,975 ] 88 root - INFO - Hypothesis bt_000: float64, float64 
[ 2022-12-24 16:46:35,982 ] 88 root - INFO - Hypothesis bu_000: float64, float64 
[ 2022-12-24 16:46:35,989 ] 88 root - INFO - Hypothesis bv_000: float64, float64 
[ 2022-12-24 16:46:35,996 ] 88 root - INFO - Hypothesis bx_000: float64, float64 
[ 2022-12-24 16:46:36,004 ] 88 root - INFO - Hypothesis by_000: float64, float64 
[ 2022-12-24 16:46:36,010 ] 88 root - INFO - Hypothesis bz_000: float64, float64 
[ 2022-12-24 16:46:36,017 ] 88 root - INFO - Hypothesis ca_000: float64, float64 
[ 2022-12-24 16:46:36,024 ] 88 root - INFO - Hypothesis cb_000: float64, float64 
[ 2022-12-24 16:46:36,031 ] 88 root - INFO - Hypothesis cc_000: float64, float64 
[ 2022-12-24 16:46:36,038 ] 88 root - INFO - Hypothesis cd_000: float64, float64 
[ 2022-12-24 16:46:36,053 ] 88 root - INFO - Hypothesis ce_000: float64, float64 
[ 2022-12-24 16:46:36,059 ] 88 root - INFO - Hypothesis ci_000: float64, float64 
[ 2022-12-24 16:46:36,066 ] 88 root - INFO - Hypothesis cj_000: float64, float64 
[ 2022-12-24 16:46:36,071 ] 88 root - INFO - Hypothesis ck_000: float64, float64 
[ 2022-12-24 16:46:36,078 ] 88 root - INFO - Hypothesis cl_000: float64, float64 
[ 2022-12-24 16:46:36,082 ] 88 root - INFO - Hypothesis cm_000: float64, float64 
[ 2022-12-24 16:46:36,087 ] 88 root - INFO - Hypothesis cn_000: float64, float64 
[ 2022-12-24 16:46:36,102 ] 88 root - INFO - Hypothesis cn_001: float64, float64 
[ 2022-12-24 16:46:36,106 ] 88 root - INFO - Hypothesis cn_002: float64, float64 
[ 2022-12-24 16:46:36,112 ] 88 root - INFO - Hypothesis cn_003: float64, float64 
[ 2022-12-24 16:46:36,119 ] 88 root - INFO - Hypothesis cn_004: float64, float64 
[ 2022-12-24 16:46:36,126 ] 88 root - INFO - Hypothesis cn_005: float64, float64 
[ 2022-12-24 16:46:36,133 ] 88 root - INFO - Hypothesis cn_006: float64, float64 
[ 2022-12-24 16:46:36,140 ] 88 root - INFO - Hypothesis cn_007: float64, float64 
[ 2022-12-24 16:46:36,147 ] 88 root - INFO - Hypothesis cn_008: float64, float64 
[ 2022-12-24 16:46:36,153 ] 88 root - INFO - Hypothesis cn_009: float64, float64 
[ 2022-12-24 16:46:36,158 ] 88 root - INFO - Hypothesis cp_000: float64, float64 
[ 2022-12-24 16:46:36,163 ] 88 root - INFO - Hypothesis cq_000: float64, float64 
[ 2022-12-24 16:46:36,170 ] 88 root - INFO - Hypothesis cs_000: float64, float64 
[ 2022-12-24 16:46:36,177 ] 88 root - INFO - Hypothesis cs_001: float64, float64 
[ 2022-12-24 16:46:36,183 ] 88 root - INFO - Hypothesis cs_002: float64, float64 
[ 2022-12-24 16:46:36,189 ] 88 root - INFO - Hypothesis cs_003: float64, float64 
[ 2022-12-24 16:46:36,196 ] 88 root - INFO - Hypothesis cs_004: float64, float64 
[ 2022-12-24 16:46:36,203 ] 88 root - INFO - Hypothesis cs_005: float64, float64 
[ 2022-12-24 16:46:36,210 ] 88 root - INFO - Hypothesis cs_006: float64, float64 
[ 2022-12-24 16:46:36,217 ] 88 root - INFO - Hypothesis cs_007: float64, float64 
[ 2022-12-24 16:46:36,226 ] 88 root - INFO - Hypothesis cs_008: float64, float64 
[ 2022-12-24 16:46:36,232 ] 88 root - INFO - Hypothesis cs_009: float64, float64 
[ 2022-12-24 16:46:36,247 ] 88 root - INFO - Hypothesis dd_000: float64, float64 
[ 2022-12-24 16:46:36,253 ] 88 root - INFO - Hypothesis de_000: float64, float64 
[ 2022-12-24 16:46:36,259 ] 88 root - INFO - Hypothesis df_000: float64, float64 
[ 2022-12-24 16:46:36,275 ] 88 root - INFO - Hypothesis dg_000: float64, float64 
[ 2022-12-24 16:46:36,290 ] 88 root - INFO - Hypothesis dh_000: float64, float64 
[ 2022-12-24 16:46:36,294 ] 88 root - INFO - Hypothesis di_000: float64, float64 
[ 2022-12-24 16:46:36,298 ] 88 root - INFO - Hypothesis dj_000: float64, float64 
[ 2022-12-24 16:46:36,313 ] 88 root - INFO - Hypothesis dk_000: float64, float64 
[ 2022-12-24 16:46:36,329 ] 88 root - INFO - Hypothesis dl_000: float64, float64 
[ 2022-12-24 16:46:36,344 ] 88 root - INFO - Hypothesis dm_000: float64, float64 
[ 2022-12-24 16:46:36,360 ] 88 root - INFO - Hypothesis dn_000: float64, float64 
[ 2022-12-24 16:46:36,367 ] 88 root - INFO - Hypothesis do_000: float64, float64 
[ 2022-12-24 16:46:36,373 ] 88 root - INFO - Hypothesis dp_000: float64, float64 
[ 2022-12-24 16:46:36,379 ] 88 root - INFO - Hypothesis dq_000: float64, float64 
[ 2022-12-24 16:46:36,384 ] 88 root - INFO - Hypothesis dr_000: float64, float64 
[ 2022-12-24 16:46:36,388 ] 88 root - INFO - Hypothesis ds_000: float64, float64 
[ 2022-12-24 16:46:36,395 ] 88 root - INFO - Hypothesis dt_000: float64, float64 
[ 2022-12-24 16:46:36,402 ] 88 root - INFO - Hypothesis du_000: float64, float64 
[ 2022-12-24 16:46:36,409 ] 88 root - INFO - Hypothesis dv_000: float64, float64 
[ 2022-12-24 16:46:36,416 ] 88 root - INFO - Hypothesis dx_000: float64, float64 
[ 2022-12-24 16:46:36,420 ] 88 root - INFO - Hypothesis dy_000: float64, float64 
[ 2022-12-24 16:46:36,425 ] 88 root - INFO - Hypothesis dz_000: float64, float64 
[ 2022-12-24 16:46:36,440 ] 88 root - INFO - Hypothesis ea_000: float64, float64 
[ 2022-12-24 16:46:36,455 ] 88 root - INFO - Hypothesis eb_000: float64, float64 
[ 2022-12-24 16:46:36,461 ] 88 root - INFO - Hypothesis ec_00: float64, float64 
[ 2022-12-24 16:46:36,468 ] 88 root - INFO - Hypothesis ed_000: float64, float64 
[ 2022-12-24 16:46:36,474 ] 88 root - INFO - Hypothesis ee_000: float64, float64 
[ 2022-12-24 16:46:36,481 ] 88 root - INFO - Hypothesis ee_001: float64, float64 
[ 2022-12-24 16:46:36,488 ] 88 root - INFO - Hypothesis ee_002: float64, float64 
[ 2022-12-24 16:46:36,495 ] 88 root - INFO - Hypothesis ee_003: float64, float64 
[ 2022-12-24 16:46:36,502 ] 88 root - INFO - Hypothesis ee_004: float64, float64 
[ 2022-12-24 16:46:36,509 ] 88 root - INFO - Hypothesis ee_005: float64, float64 
[ 2022-12-24 16:46:36,516 ] 88 root - INFO - Hypothesis ee_006: float64, float64 
[ 2022-12-24 16:46:36,523 ] 88 root - INFO - Hypothesis ee_007: float64, float64 
[ 2022-12-24 16:46:36,530 ] 88 root - INFO - Hypothesis ee_008: float64, float64 
[ 2022-12-24 16:46:36,537 ] 88 root - INFO - Hypothesis ee_009: float64, float64 
[ 2022-12-24 16:46:36,543 ] 88 root - INFO - Hypothesis ef_000: float64, float64 
[ 2022-12-24 16:46:36,559 ] 88 root - INFO - Hypothesis eg_000: float64, float64 
[ 2022-12-24 16:46:36,574 ] 148 root - INFO - Write reprt in yaml file
[ 2022-12-24 16:46:36,645 ] 153 root - INFO - Data validation artifact: DataValidationArtifact(report_file_path='/config/workspace/artifact/12242022__164600/data_validation/report.yaml')
[ 2022-12-24 16:46:36,647 ] 23 root - INFO - >>>>>>>>>>>>>>>>>>>>>>>>>>>>>>>>>>>>>>>> Data Transformation <<<<<<<<<<<<<<<<<<<<<<<<<<<<<<<<<<<<<<<<
[ 2022-12-24 16:46:37,547 ] 72 root - INFO - Before resampling in training set Input: (28950, 170) Target:(28950,)
[ 2022-12-24 16:46:43,704 ] 74 root - INFO - After resampling in training set Input: (56156, 170) Target:(56156,)
[ 2022-12-24 16:46:43,705 ] 76 root - INFO - Before resampling in testing set Input: (7238, 170) Target:(7238,)
[ 2022-12-24 16:46:44,309 ] 78 root - INFO - After resampling in testing set Input: (14044, 170) Target:(14044,)
[ 2022-12-24 16:46:44,417 ] 54 root - INFO - Entered the save_object method of utils
[ 2022-12-24 16:46:44,420 ] 58 root - INFO - Exited the save_object method of utils
[ 2022-12-24 16:46:44,420 ] 54 root - INFO - Entered the save_object method of utils
[ 2022-12-24 16:46:44,421 ] 58 root - INFO - Exited the save_object method of utils
[ 2022-12-24 16:46:44,421 ] 106 root - INFO - Data transformation object DataTransformationArtifact(transform_object_path='/config/workspace/artifact/12242022__164600/data_transformation/transformer/transformer.pkl', transformed_train_path='/config/workspace/artifact/12242022__164600/data_transformation/transformed/train.npz', transformed_test_path='/config/workspace/artifact/12242022__164600/data_transformation/transformed/test.npz', target_encoder_path='/config/workspace/artifact/12242022__164600/data_transformation/target_encoder/target_encoder.pkl')
[ 2022-12-24 16:46:44,422 ] 18 root - INFO - >>>>>>>>>>>>>>>>>>>>>>>>>>>>>>>>>>>>>>>> Model Trainer <<<<<<<<<<<<<<<<<<<<<<<<<<<<<<<<<<<<<<<<
[ 2022-12-24 16:46:44,422 ] 45 root - INFO - Loading train and test array.
[ 2022-12-24 16:46:44,452 ] 49 root - INFO - Splitting input and target feature from both train and test arr.
[ 2022-12-24 16:46:44,452 ] 53 root - INFO - Train the model
[ 2022-12-24 16:46:55,152 ] 56 root - INFO - Calculating f1 train score
[ 2022-12-24 16:46:55,203 ] 60 root - INFO - Calculating f1 test score
[ 2022-12-24 16:46:55,221 ] 64 root - INFO - train score:0.9999821921467367 and tests score 0.973263586166812
[ 2022-12-24 16:46:55,222 ] 66 root - INFO - Checking if our model is underfitting or not
[ 2022-12-24 16:46:55,222 ] 71 root - INFO - Checking if our model is overfiiting or not
[ 2022-12-24 16:46:55,222 ] 78 root - INFO - Saving mode object
[ 2022-12-24 16:46:55,222 ] 54 root - INFO - Entered the save_object method of utils
[ 2022-12-24 16:46:55,228 ] 58 root - INFO - Exited the save_object method of utils
[ 2022-12-24 16:46:55,228 ] 82 root - INFO - Prepare the artifact
[ 2022-12-24 16:46:55,229 ] 85 root - INFO - Model trainer artifact: ModelTrainerArtifact(model_path='/config/workspace/artifact/12242022__164600/model_trainer/model/model.pkl', f1_train_score=0.9999821921467367, f1_test_score=0.973263586166812)
[ 2022-12-24 16:46:55,230 ] 14 root - INFO - >>>>>>>>>>>>>>>>>>>>>>>>>>>>>>>>>>>>>>>>  Model Evaluation <<<<<<<<<<<<<<<<<<<<<<<<<<<<<<<<<<<<<<<<
[ 2022-12-24 16:46:55,230 ] 34 root - INFO - Model evaluation artifact: ModelEvaluationArtifact(is_model_accepted=True, improved_accuracy=None)
