[ 2022-12-24 08:27:25,441 ] 22 root - INFO - Exporting collection data as pandas dataframe
[ 2022-12-24 08:27:25,441 ] 18 root - INFO - Reading data from database: aps and collection: sensor
[ 2022-12-24 08:27:28,744 ] 20 root - INFO - Found columns: Index(['_id', 'class', 'aa_000', 'ab_000', 'ac_000', 'ad_000', 'ae_000',
       'af_000', 'ag_000', 'ag_001',
       ...
       'ee_002', 'ee_003', 'ee_004', 'ee_005', 'ee_006', 'ee_007', 'ee_008',
       'ee_009', 'ef_000', 'eg_000'],
      dtype='object', length=172)
[ 2022-12-24 08:27:28,745 ] 22 root - INFO - Dropping column: _id 
[ 2022-12-24 08:27:28,941 ] 24 root - INFO - Row and columns in df: (36188, 171)
[ 2022-12-24 08:27:28,942 ] 28 root - INFO - Save data in feature store
[ 2022-12-24 08:27:29,503 ] 32 root - INFO - Create feature store folder if not available
[ 2022-12-24 08:27:29,503 ] 38 root - INFO - Save df to feature store folder
[ 2022-12-24 08:27:32,024 ] 42 root - INFO - split dataset into train and test set
[ 2022-12-24 08:27:32,592 ] 46 root - INFO - create dataset directory folder if not available
[ 2022-12-24 08:27:32,593 ] 51 root - INFO - Save df to feature store folder
[ 2022-12-24 08:27:34,875 ] 63 root - INFO - Data ingestion artifact: DataIngestionArtifact(feature_store_file_path='/config/workspace/artifact/12242022__082725/data_ingestion/feature_store/sensor.csv', train_file_path='/config/workspace/artifact/12242022__082725/data_ingestion/dataset/train.csv', test_file_path='/config/workspace/artifact/12242022__082725/data_ingestion/dataset/test.csv')
[ 2022-12-24 08:27:35,309 ] 22 root - INFO - Exporting collection data as pandas dataframe
[ 2022-12-24 08:27:35,310 ] 18 root - INFO - Reading data from database: aps and collection: sensor
[ 2022-12-24 08:27:38,695 ] 20 root - INFO - Found columns: Index(['_id', 'class', 'aa_000', 'ab_000', 'ac_000', 'ad_000', 'ae_000',
       'af_000', 'ag_000', 'ag_001',
       ...
       'ee_002', 'ee_003', 'ee_004', 'ee_005', 'ee_006', 'ee_007', 'ee_008',
       'ee_009', 'ef_000', 'eg_000'],
      dtype='object', length=172)
[ 2022-12-24 08:27:38,696 ] 22 root - INFO - Dropping column: _id 
[ 2022-12-24 08:27:38,891 ] 24 root - INFO - Row and columns in df: (36188, 171)
[ 2022-12-24 08:27:38,891 ] 28 root - INFO - Save data in feature store
[ 2022-12-24 08:27:39,421 ] 32 root - INFO - Create feature store folder if not available
[ 2022-12-24 08:27:39,421 ] 38 root - INFO - Save df to feature store folder
[ 2022-12-24 08:27:41,942 ] 42 root - INFO - split dataset into train and test set
[ 2022-12-24 08:27:42,545 ] 46 root - INFO - create dataset directory folder if not available
[ 2022-12-24 08:27:42,545 ] 51 root - INFO - Save df to feature store folder
[ 2022-12-24 08:27:44,806 ] 63 root - INFO - Data ingestion artifact: DataIngestionArtifact(feature_store_file_path='/config/workspace/artifact/12242022__082725/data_ingestion/feature_store/sensor.csv', train_file_path='/config/workspace/artifact/12242022__082725/data_ingestion/dataset/train.csv', test_file_path='/config/workspace/artifact/12242022__082725/data_ingestion/dataset/test.csv')
[ 2022-12-24 08:27:45,188 ] 22 root - INFO - >>>>>>>>>>>>>>>>>>>>>>>>>>>>>>>>>>>>>>>> Data Validation <<<<<<<<<<<<<<<<<<<<<<<<<<<<<<<<<<<<<<<<
[ 2022-12-24 08:27:45,189 ] 110 root - INFO - Reading base dataframe
[ 2022-12-24 08:27:48,066 ] 113 root - INFO - Replace na value in base df
[ 2022-12-24 08:27:48,066 ] 115 root - INFO - Drop null values colums from base df
[ 2022-12-24 08:27:49,015 ] 44 root - INFO - selecting column name which contains null above to 0.2
[ 2022-12-24 08:27:49,016 ] 47 root - INFO - Columns to drop: ['ab_000', 'ad_000', 'bk_000', 'bl_000', 'bm_000', 'bn_000', 'bo_000', 'bp_000', 'bq_000', 'br_000', 'cf_000', 'cg_000', 'ch_000', 'co_000', 'cr_000', 'ct_000', 'cu_000', 'cv_000', 'cx_000', 'cy_000', 'cz_000', 'da_000', 'db_000', 'dc_000']
[ 2022-12-24 08:27:49,097 ] 118 root - INFO - Reading train dataframe
[ 2022-12-24 08:27:49,504 ] 120 root - INFO - Reading test dataframe
[ 2022-12-24 08:27:49,606 ] 123 root - INFO - Drop null values colums from train df
[ 2022-12-24 08:27:49,617 ] 44 root - INFO - selecting column name which contains null above to 0.2
[ 2022-12-24 08:27:49,618 ] 47 root - INFO - Columns to drop: ['ab_000', 'ad_000', 'bk_000', 'bl_000', 'bm_000', 'bn_000', 'bo_000', 'bp_000', 'bq_000', 'br_000', 'cf_000', 'cg_000', 'ch_000', 'co_000', 'cr_000', 'ct_000', 'cu_000', 'cv_000', 'cx_000', 'cy_000', 'cz_000', 'da_000', 'db_000', 'dc_000']
[ 2022-12-24 08:27:49,627 ] 125 root - INFO - Drop null values colums from test df
[ 2022-12-24 08:27:49,631 ] 44 root - INFO - selecting column name which contains null above to 0.2
[ 2022-12-24 08:27:49,631 ] 47 root - INFO - Columns to drop: ['ab_000', 'ad_000', 'bk_000', 'bl_000', 'bm_000', 'bn_000', 'bo_000', 'bp_000', 'bq_000', 'br_000', 'cf_000', 'cg_000', 'ch_000', 'co_000', 'cr_000', 'ct_000', 'cu_000', 'cv_000', 'cx_000', 'cy_000', 'cz_000', 'da_000', 'db_000', 'dc_000']
